20:44:34.549 [main                     ] DEBUG Logger               - Configured Logger
20:44:34.577 [main                     ] DEBUG GameApplication      - Logging settings
Title: 90 Tank
Version: Version 0.3
Width: 816
Height: 672
Fullscreen: false
Intro: false
Profiling: false
Single step:false
App Mode: DEVELOPER
Menu Key: ESCAPE
Stage Style: DECORATED
Scene Factory: class com.leewyatt.github.tank.TankApp$1

20:44:34.978 [JavaFX Application Thread] DEBUG FXGLApplication      - Initializing FXGL
20:44:34.982 [JavaFX Application Thread] INFO  Engine               - FXGL-17.1 (24.03.2022 17.34) on WINDOWS (J:22.0.1 FX:18)
20:44:34.983 [JavaFX Application Thread] DEBUG Engine               - JRE Vendor Name: Oracle Corporation
20:44:34.983 [JavaFX Application Thread] DEBUG Engine               - Running on OS: Windows 11 version 10.0
20:44:34.983 [JavaFX Application Thread] DEBUG Engine               - Architecture: amd64
20:44:34.983 [JavaFX Application Thread] INFO  Engine               - Source code and latest versions at: https://github.com/AlmasB/FXGL
20:44:34.983 [JavaFX Application Thread] INFO  Engine               -       Ask questions and discuss at: https://github.com/AlmasB/FXGL/discussions
20:44:34.983 [JavaFX Application Thread] INFO  Engine               -              Join the FXGL chat at: https://gitter.im/AlmasB/FXGL
20:44:35.116 [JavaFX Application Thread] DEBUG PrimaryStageWindow   - Creating a JavaFX scene
20:44:35.192 [JavaFX Application Thread] DEBUG PrimaryStageWindow   - Target settings size: 816.0 x 672.0
20:44:35.194 [JavaFX Application Thread] DEBUG PrimaryStageWindow   - Scaled scene size:    816.0 x 672.0
20:44:35.195 [JavaFX Application Thread] DEBUG PrimaryStageWindow   - Scaled ratio: (1.0, 1.0)
20:44:35.195 [JavaFX Application Thread] DEBUG PrimaryStageWindow   - Set initial scene to GameStartupScene
20:44:35.204 [JavaFX Application Thread] DEBUG PrimaryStageWindow   - Opening main window
20:44:35.316 [JavaFX Application Thread] DEBUG PrimaryStageWindow   - Window border size: (14.4000244140625, 37.5999755859375)
20:44:35.316 [JavaFX Application Thread] DEBUG PrimaryStageWindow   - Scaled size: 816.0 x 672.0
20:44:35.316 [JavaFX Application Thread] DEBUG PrimaryStageWindow   - Scaled ratio: (1.0, 1.0)
20:44:35.317 [JavaFX Application Thread] DEBUG PrimaryStageWindow   - Scene size: 816.0 x 672.0
20:44:35.318 [JavaFX Application Thread] DEBUG PrimaryStageWindow   - Stage size: 830.4000244140625 x 709.5999755859375
20:44:35.337 [FXGL Background Thread 1 ] DEBUG Engine               - Initializing environment variables
20:44:35.398 [FXGL Background Thread 1 ] DEBUG FXGLAssetLoaderServi - User app class for loading assets: class com.leewyatt.github.tank.TankApp
20:44:35.398 [FXGL Background Thread 1 ] DEBUG GameApplicationServi - Applying CSS: fxgl_dark.css
20:44:35.399 [FXGL Background Thread 1 ] DEBUG FXGLAssetLoaderServi - Loading from file system: jar:file:///C:/Users/Hanz%20Chester%20Bacus/.m2/repository/com/github/almasb/fxgl/17.1/fxgl-17.1.jar!/fxglassets/ui/css/fxgl_dark.css
20:44:35.441 [FXGL Background Thread 1 ] DEBUG GameApplicationServi - Applying CSS: tankApp.css
20:44:35.442 [FXGL Background Thread 1 ] DEBUG FXGLAssetLoaderServi - Loading from file system: file:/C:/Users/Hanz%20Chester%20Bacus/Desktop/New%20folder%20(2)/battle_tank/target/classes/assets/ui/css/tankApp.css
20:44:35.462 [FXGL Background Thread 1 ] DEBUG GameApplicationServi - Initializing application scenes
20:44:35.466 [FXGL Background Thread 1 ] DEBUG GameWorld            - Game world initialized
20:44:35.523 [FXGL Background Thread 1 ] DEBUG PhysicsWorld         - Physics world initialized: appHeight=672, physics.ppm=50.0
20:44:35.523 [FXGL Background Thread 1 ] DEBUG PhysicsWorld         - Using strategy: BRUTE_FORCE
20:44:35.529 [FXGL Background Thread 1 ] DEBUG GameScene            - Game scene initialized: 816x672
20:44:35.531 [FXGL Background Thread 1 ] DEBUG FXGLAssetLoaderServi - Loading from file system: file:/C:/Users/Hanz%20Chester%20Bacus/Desktop/New%20folder%20(2)/battle_tank/target/classes/assets/textures/ui/mbbc_start.png
20:44:35.551 [FXGL Background Thread 1 ] DEBUG FXGLAssetLoaderServi - Loading from file system: file:/C:/Users/Hanz%20Chester%20Bacus/Desktop/New%20folder%20(2)/battle_tank/target/classes/assets/textures/ui/icon.png
20:44:35.564 [FXGL Background Thread 1 ] DEBUG FXGLAssetLoaderServi - Loading from file system: file:/C:/Users/Hanz%20Chester%20Bacus/Desktop/New%20folder%20(2)/battle_tank/target/classes/assets/textures/ui/tankLoading.png
20:44:35.578 [FXGL Background Thread 1 ] DEBUG FXGLAssetLoaderServi - Loading from file system: file:/C:/Users/Hanz%20Chester%20Bacus/Desktop/New%20folder%20(2)/battle_tank/target/classes/assets/textures/ui/mbbc_logo.png
20:44:35.639 [FXGL Background Thread 1 ] DEBUG FXGL.DefaultMenu     - createMenuBodyGameMenu()
20:44:35.649 [FXGL Background Thread 1 ] DEBUG FXGL.DefaultMenu     - createOptionsMenu()
20:44:35.662 [FXGL Background Thread 1 ] DEBUG FXGLAssetLoaderServi - Loading from file system: jar:file:///C:/Users/Hanz%20Chester%20Bacus/.m2/repository/com/github/almasb/fxgl/17.1/fxgl-17.1.jar!/fxglassets/textures/particles/smoke.png
20:44:35.751 [FXGL Background Thread 1 ] DEBUG FXGLAssetLoaderServi - Loading from file system: jar:file:///C:/Users/Hanz%20Chester%20Bacus/.m2/repository/com/github/almasb/fxgl/17.1/fxgl-17.1.jar!/fxglassets/textures/particles/trace_horizontal.png
20:44:35.772 [FXGL Background Thread 1 ] DEBUG GameApplicationServi - Application scenes initialized
20:44:35.787 [FXGL Background Thread 1 ] DEBUG SystemBundleService  - Loading FXGL system data
20:44:35.796 [FXGL Background Thread 1 ] DEBUG FileSystemAccess     - Reading from: C:\Users\Hanz Chester Bacus\Desktop\New folder (2)\battle_tank\system\fxgl.bundle
20:44:35.805 [FXGL Background Thread 1 ] DEBUG SystemBundleService  - Bundle FXGL: {}
20:44:35.805 [FXGL Background Thread 1 ] DEBUG UpdaterService       - Checking for updates
20:44:35.809 [FXGL Background Thread 1 ] DEBUG FXGLApplication      - Loading default localization
20:44:35.809 [FXGL Background Thread 4 ] DEBUG FXGLApplication      - Loading fonts
20:44:35.810 [FXGL Background Thread 4 ] DEBUG FXGLAssetLoaderServi - Loading from file system: jar:file:///C:/Users/Hanz%20Chester%20Bacus/.m2/repository/com/github/almasb/fxgl/17.1/fxgl-17.1.jar!/fxglassets/ui/fonts/VarelaRound-Regular.ttf
20:44:35.810 [FXGL Background Thread 1 ] DEBUG FXGLAssetLoaderServi - Loading from file system: jar:file:///C:/Users/Hanz%20Chester%20Bacus/.m2/repository/com/github/almasb/fxgl/17.1/fxgl-17.1.jar!/fxglassets/languages/english.lang
20:44:35.856 [FXGL Background Thread 1 ] INFO  FXGLApplication      - FXGL initialization took: 0.520 sec
20:44:35.876 [FXGL Background Thread 4 ] DEBUG FXGLAssetLoaderServi - Loading from file system: jar:file:///C:/Users/Hanz%20Chester%20Bacus/.m2/repository/com/github/almasb/fxgl/17.1/fxgl-17.1.jar!/fxglassets/ui/fonts/Abel-Regular.ttf
20:44:35.876 [JavaFX Application Thread] DEBUG Input                - Registered new binding: action0 - W
20:44:35.877 [JavaFX Application Thread] DEBUG Input                - Registered new binding: action1 - Up
20:44:35.878 [JavaFX Application Thread] DEBUG Input                - Registered new binding: action2 - S
20:44:35.878 [JavaFX Application Thread] DEBUG Input                - Registered new binding: action3 - Down
20:44:35.879 [JavaFX Application Thread] DEBUG Input                - Registered new binding: action4 - A
20:44:35.879 [JavaFX Application Thread] DEBUG Input                - Registered new binding: action5 - Left
20:44:35.880 [JavaFX Application Thread] DEBUG Input                - Registered new binding: action6 - D
20:44:35.880 [JavaFX Application Thread] DEBUG Input                - Registered new binding: action7 - Right
20:44:35.882 [JavaFX Application Thread] DEBUG Input                - Registered new binding: action8 - Space
20:44:35.882 [JavaFX Application Thread] DEBUG Input                - Registered new binding: action9 - F
20:44:35.892 [JavaFX Application Thread] DEBUG FXGLAssetLoaderServi - Loading from file system: file:/C:/Users/Hanz%20Chester%20Bacus/Desktop/New%20folder%20(2)/battle_tank/target/classes/assets/textures/ui/cursor.png
20:44:35.894 [JavaFX Application Thread] DEBUG Input                - Registered new binding: Screenshot - CTRL+8
20:44:35.896 [JavaFX Application Thread] DEBUG Input                - Registered new binding: System info dump - CTRL+9
20:44:35.896 [JavaFX Application Thread] DEBUG Input                - Registered new binding: Restart - CTRL+R
20:44:35.897 [JavaFX Application Thread] DEBUG Input                - Registered new binding: Toggle Debug Camera - CTRL+7
20:44:35.898 [FXGL Background Thread 4 ] DEBUG FXGLAssetLoaderServi - Loading from file system: jar:file:///C:/Users/Hanz%20Chester%20Bacus/.m2/repository/com/github/almasb/fxgl/17.1/fxgl-17.1.jar!/fxglassets/ui/fonts/TerminalLandMono-Regular.otf
20:44:35.901 [JavaFX Application Thread] DEBUG LoopRunner           - Starting loop
20:44:35.901 [JavaFX Application Thread] DEBUG LoopRunner           - Initializing JavaFX AnimationTimerLoop
20:44:35.903 [JavaFX Application Thread] DEBUG Input                - Clearing active input actions
20:44:35.911 [FXGL Background Thread 4 ] DEBUG FXGLAssetLoaderServi - Loading from file system: jar:file:///C:/Users/Hanz%20Chester%20Bacus/.m2/repository/com/github/almasb/fxgl/17.1/fxgl-17.1.jar!/fxglassets/ui/fonts/Courier-Prime.ttf
20:44:35.911 [JavaFX Application Thread] DEBUG GameApplicationServi - Removing overlay from GameStartupScene and adding to FXGLMainMenuDummyScene
20:44:35.912 [JavaFX Application Thread] DEBUG PrimaryStageWindow   - GameStartupScene -> FXGLMainMenuDummyScene
20:44:35.912 [JavaFX Application Thread] DEBUG PrimaryStageWindow   - Push state: GameMenu
20:44:35.913 [JavaFX Application Thread] DEBUG FXGLAssetLoaderServi - Loading from file system: file:/C:/Users/Hanz%20Chester%20Bacus/Desktop/New%20folder%20(2)/battle_tank/target/classes/assets/sounds/mainMenuLoad.wav
20:44:36.030 [JavaFX Application Thread] DEBUG Input                - Clearing active input actions
20:44:36.036 [JavaFX Application Thread] DEBUG GameApplicationServi - Removing overlay from FXGLMainMenuDummyScene and adding to GameMenu
20:44:36.037 [JavaFX Application Thread] DEBUG PrimaryStageWindow   - FXGLMainMenuDummyScene -> GameMenu
20:44:36.149 [JavaFX Application Thread] DEBUG FXGLApplication      - Registering font factories with UI factory
20:44:36.910 [FXGL Background Thread 2 ] INFO  UpdaterService       - Your current version:  17.1
20:44:36.910 [FXGL Background Thread 2 ] INFO  UpdaterService       - Latest stable version: 21.1
20:44:38.043 [JavaFX Application Thread] DEBUG FXGLAssetLoaderServi - Loading from file system: file:/C:/Users/Hanz%20Chester%20Bacus/Desktop/New%20folder%20(2)/battle_tank/target/classes/assets/sounds/mainMenuHover.wav
20:44:38.808 [FXGL Background Thread 3 ] DEBUG Engine               - Logging environment variables
20:44:38.812 [FXGL Background Thread 3 ] DEBUG Engine               - achievements: []
20:44:38.812 [FXGL Background Thread 3 ] DEBUG Engine               - actualHeight: 672.0
20:44:38.812 [FXGL Background Thread 3 ] DEBUG Engine               - actualHeightProperty: ReadOnlyDoubleProperty [value: 672.0]
20:44:38.813 [FXGL Background Thread 3 ] DEBUG Engine               - actualWidth: 816.0
20:44:38.813 [FXGL Background Thread 3 ] DEBUG Engine               - actualWidthProperty: ReadOnlyDoubleProperty [value: 816.0]
20:44:38.813 [FXGL Background Thread 3 ] DEBUG Engine               - appIcon: ui/icon.png
20:44:38.813 [FXGL Background Thread 3 ] DEBUG Engine               - applicationMode: DEVELOPER
20:44:38.813 [FXGL Background Thread 3 ] DEBUG Engine               - cSSList: [fxgl_dark.css, tankApp.css]
20:44:38.813 [FXGL Background Thread 3 ] DEBUG Engine               - collisionDetectionStrategy: BRUTE_FORCE
20:44:38.813 [FXGL Background Thread 3 ] DEBUG Engine               - configClass: Optional.empty
20:44:38.813 [FXGL Background Thread 3 ] DEBUG Engine               - credits: []
20:44:38.814 [FXGL Background Thread 3 ] DEBUG Engine               - defaultCursor: CursorInfo(imageName=ui/cursor.png, hotspotX=0.0, hotspotY=0.0)
20:44:38.815 [FXGL Background Thread 3 ] DEBUG Engine               - devBBoxColorProperty: ObjectProperty [value: 0xff0000ff]
20:44:38.815 [FXGL Background Thread 3 ] DEBUG Engine               - devEnableDebugCameraProperty: BooleanProperty [value: false]
20:44:38.815 [FXGL Background Thread 3 ] DEBUG Engine               - devSensorColorProperty: ObjectProperty [value: 0xffff00ff]
20:44:38.815 [FXGL Background Thread 3 ] DEBUG Engine               - devShowBBoxProperty: BooleanProperty [value: false]
20:44:38.816 [FXGL Background Thread 3 ] DEBUG Engine               - devShowPositionProperty: BooleanProperty [value: false]
20:44:38.816 [FXGL Background Thread 3 ] DEBUG Engine               - enabledMenuItems: []
20:44:38.816 [FXGL Background Thread 3 ] DEBUG Engine               - engineServices: [class com.almasb.fxgl.app.services.FXGLAssetLoaderService, class com.almasb.fxgl.app.FXGLApplication$GameApplicationService, class com.almasb.fxgl.app.services.FXGLDialogService, class com.almasb.fxgl.app.services.IOTaskExecutorService, class com.almasb.fxgl.io.FileSystemService, class com.almasb.fxgl.localization.LocalizationService, class com.almasb.fxgl.app.services.SystemBundleService, class com.almasb.fxgl.profile.SaveLoadService, class com.almasb.fxgl.ui.FXGLUIFactoryServiceProvider, class com.almasb.fxgl.ui.FXGLDialogFactoryServiceProvider, class com.almasb.fxgl.audio.AudioPlayer, class com.almasb.fxgl.notification.impl.NotificationServiceProvider, class com.almasb.fxgl.achievement.AchievementService, class com.almasb.fxgl.cutscene.CutsceneService, class com.almasb.fxgl.minigames.MiniGameService, class com.almasb.fxgl.net.NetService, class com.almasb.fxgl.app.services.UpdaterService, class com.almasb.fxgl.dev.DevService]
20:44:38.816 [FXGL Background Thread 3 ] DEBUG Engine               - fontGame: Abel-Regular.ttf
20:44:38.816 [FXGL Background Thread 3 ] DEBUG Engine               - fontMono: TerminalLandMono-Regular.otf
20:44:38.816 [FXGL Background Thread 3 ] DEBUG Engine               - fontText: Courier-Prime.ttf
20:44:38.816 [FXGL Background Thread 3 ] DEBUG Engine               - fontUI: VarelaRound-Regular.ttf
20:44:38.816 [FXGL Background Thread 3 ] DEBUG Engine               - fullScreen: BooleanProperty [value: false]
20:44:38.816 [FXGL Background Thread 3 ] DEBUG Engine               - gameDifficulty: MEDIUM
20:44:38.816 [FXGL Background Thread 3 ] DEBUG Engine               - gameDifficultyProperty: ObjectProperty [value: MEDIUM]
20:44:38.816 [FXGL Background Thread 3 ] DEBUG Engine               - globalMusicVolume: 0.5
20:44:38.817 [FXGL Background Thread 3 ] DEBUG Engine               - globalMusicVolumeProperty: DoubleProperty [value: 0.5]
20:44:38.817 [FXGL Background Thread 3 ] DEBUG Engine               - globalSoundVolume: 0.5
20:44:38.817 [FXGL Background Thread 3 ] DEBUG Engine               - globalSoundVolumeProperty: DoubleProperty [value: 0.5]
20:44:38.817 [FXGL Background Thread 3 ] DEBUG Engine               - height: 672
20:44:38.817 [FXGL Background Thread 3 ] DEBUG Engine               - is3D: false
20:44:38.817 [FXGL Background Thread 3 ] DEBUG Engine               - isAndroid: false
20:44:38.817 [FXGL Background Thread 3 ] DEBUG Engine               - isBrowser: false
20:44:38.817 [FXGL Background Thread 3 ] DEBUG Engine               - isClickFeedbackEnabled: false
20:44:38.817 [FXGL Background Thread 3 ] DEBUG Engine               - isCloseConfirmation: false
20:44:38.817 [FXGL Background Thread 3 ] DEBUG Engine               - isDesktop: true
20:44:38.817 [FXGL Background Thread 3 ] DEBUG Engine               - isDeveloperMenuEnabled: false
20:44:38.817 [FXGL Background Thread 3 ] DEBUG Engine               - isEmbedded: false
20:44:38.817 [FXGL Background Thread 3 ] DEBUG Engine               - isEntityPreloadEnabled: true
20:44:38.817 [FXGL Background Thread 3 ] DEBUG Engine               - isExperimentalTiledLargeMap: false
20:44:38.818 [FXGL Background Thread 3 ] DEBUG Engine               - isFileSystemWriteAllowed: true
20:44:38.818 [FXGL Background Thread 3 ] DEBUG Engine               - isFullScreenAllowed: false
20:44:38.818 [FXGL Background Thread 3 ] DEBUG Engine               - isFullScreenFromStart: false
20:44:38.818 [FXGL Background Thread 3 ] DEBUG Engine               - isGameMenuEnabled: true
20:44:38.818 [FXGL Background Thread 3 ] DEBUG Engine               - isIOS: false
20:44:38.818 [FXGL Background Thread 3 ] DEBUG Engine               - isIntroEnabled: false
20:44:38.818 [FXGL Background Thread 3 ] DEBUG Engine               - isLinux: false
20:44:38.818 [FXGL Background Thread 3 ] DEBUG Engine               - isMac: false
20:44:38.818 [FXGL Background Thread 3 ] DEBUG Engine               - isMainMenuEnabled: true
20:44:38.818 [FXGL Background Thread 3 ] DEBUG Engine               - isManualResizeEnabled: false
20:44:38.818 [FXGL Background Thread 3 ] DEBUG Engine               - isMobile: false
20:44:38.818 [FXGL Background Thread 3 ] DEBUG Engine               - isNative: false
20:44:38.818 [FXGL Background Thread 3 ] DEBUG Engine               - isPauseMusicWhenMinimized: true
20:44:38.818 [FXGL Background Thread 3 ] DEBUG Engine               - isPreserveResizeRatio: false
20:44:38.818 [FXGL Background Thread 3 ] DEBUG Engine               - isProfilingEnabled: false
20:44:38.818 [FXGL Background Thread 3 ] DEBUG Engine               - isScaleAffectedOnResize: true
20:44:38.818 [FXGL Background Thread 3 ] DEBUG Engine               - isSingleStep: false
20:44:38.818 [FXGL Background Thread 3 ] DEBUG Engine               - isUserProfileEnabled: false
20:44:38.819 [FXGL Background Thread 3 ] DEBUG Engine               - isWindows: true
20:44:38.819 [FXGL Background Thread 3 ] DEBUG Engine               - language: ObjectProperty [value: ENGLISH]
20:44:38.819 [FXGL Background Thread 3 ] DEBUG Engine               - menuKey: ESCAPE
20:44:38.819 [FXGL Background Thread 3 ] DEBUG Engine               - mouseSensitivity: 0.2
20:44:38.819 [FXGL Background Thread 3 ] DEBUG Engine               - notificationViewClass: class com.almasb.fxgl.notification.view.XboxNotificationView
20:44:38.819 [FXGL Background Thread 3 ] DEBUG Engine               - pixelsPerMeter: 50.0
20:44:38.819 [FXGL Background Thread 3 ] DEBUG Engine               - platform: WINDOWS
20:44:38.819 [FXGL Background Thread 3 ] DEBUG Engine               - prefHeightProperty: ReadOnlyDoubleProperty [value: 672.0]
20:44:38.819 [FXGL Background Thread 3 ] DEBUG Engine               - prefWidthProperty: ReadOnlyDoubleProperty [value: 816.0]
20:44:38.819 [FXGL Background Thread 3 ] DEBUG Engine               - profileDir: profiles/
20:44:38.819 [FXGL Background Thread 3 ] DEBUG Engine               - profileName: StringProperty [value: DEFAULT]
20:44:38.819 [FXGL Background Thread 3 ] DEBUG Engine               - randomSeed: -1
20:44:38.819 [FXGL Background Thread 3 ] DEBUG Engine               - runtimeInfo: RuntimeInfo(platform=WINDOWS, version=17.1, build=24.03.2022 17.34)
20:44:38.819 [FXGL Background Thread 3 ] DEBUG Engine               - saveFileExt: sav
20:44:38.819 [FXGL Background Thread 3 ] DEBUG Engine               - scaledHeightProp$fxgl: DoubleProperty [bound, value: 672.0]
20:44:38.820 [FXGL Background Thread 3 ] DEBUG Engine               - scaledWidthProp$fxgl: DoubleProperty [bound, value: 816.0]
20:44:38.820 [FXGL Background Thread 3 ] DEBUG Engine               - sceneFactory: com.leewyatt.github.tank.TankApp$1@3c7bf53a
20:44:38.820 [FXGL Background Thread 3 ] DEBUG Engine               - secondsIn24h: 60
20:44:38.820 [FXGL Background Thread 3 ] DEBUG Engine               - soundMenuBack: menu/back.wav
20:44:38.820 [FXGL Background Thread 3 ] DEBUG Engine               - soundMenuPress: menu/press.wav
20:44:38.820 [FXGL Background Thread 3 ] DEBUG Engine               - soundMenuSelect: menu/select.wav
20:44:38.820 [FXGL Background Thread 3 ] DEBUG Engine               - soundNotification: core/notification.wav
20:44:38.820 [FXGL Background Thread 3 ] DEBUG Engine               - stageStyle: DECORATED
20:44:38.820 [FXGL Background Thread 3 ] DEBUG Engine               - supportedLanguages: [ENGLISH, FRENCH, GERMAN, HUNGARIAN, RUSSIAN]
20:44:38.820 [FXGL Background Thread 3 ] DEBUG Engine               - ticksPerSecond: -1
20:44:38.820 [FXGL Background Thread 3 ] DEBUG Engine               - title: 90 Tank
20:44:38.820 [FXGL Background Thread 3 ] DEBUG Engine               - urlGithub: https://github.com/AlmasB/FXGL
20:44:38.820 [FXGL Background Thread 3 ] DEBUG Engine               - urlLeaderboard: http://fxgl-top.herokuapp.com/
20:44:38.820 [FXGL Background Thread 3 ] DEBUG Engine               - urlPOM: https://raw.githubusercontent.com/AlmasB/FXGL/release/README.md
20:44:38.820 [FXGL Background Thread 3 ] DEBUG Engine               - userAppClass: class com.leewyatt.github.tank.TankApp
20:44:38.820 [FXGL Background Thread 3 ] DEBUG Engine               - version: Version 0.3
20:44:38.820 [FXGL Background Thread 3 ] DEBUG Engine               - versionCheckDays: 7
20:44:38.820 [FXGL Background Thread 3 ] DEBUG Engine               - width: 816
20:44:38.820 [FXGL Background Thread 3 ] DEBUG Engine               - Logging services
20:44:38.820 [FXGL Background Thread 3 ] DEBUG Engine               - class com.almasb.fxgl.app.services.FXGLAssetLoaderService
20:44:38.820 [FXGL Background Thread 3 ] DEBUG Engine               - class com.almasb.fxgl.app.FXGLApplication$GameApplicationService
20:44:38.820 [FXGL Background Thread 3 ] DEBUG Engine               - class com.almasb.fxgl.app.services.FXGLDialogService
20:44:38.820 [FXGL Background Thread 3 ] DEBUG Engine               - class com.almasb.fxgl.app.services.IOTaskExecutorService
20:44:38.820 [FXGL Background Thread 3 ] DEBUG Engine               - class com.almasb.fxgl.io.FileSystemService
20:44:38.820 [FXGL Background Thread 3 ] DEBUG Engine               - class com.almasb.fxgl.localization.LocalizationService
20:44:38.820 [FXGL Background Thread 3 ] DEBUG Engine               - class com.almasb.fxgl.app.services.SystemBundleService
20:44:38.820 [FXGL Background Thread 3 ] DEBUG Engine               - class com.almasb.fxgl.profile.SaveLoadService
20:44:38.820 [FXGL Background Thread 3 ] DEBUG Engine               - class com.almasb.fxgl.ui.FXGLUIFactoryServiceProvider
20:44:38.821 [FXGL Background Thread 3 ] DEBUG Engine               - class com.almasb.fxgl.ui.FXGLDialogFactoryServiceProvider
20:44:38.821 [FXGL Background Thread 3 ] DEBUG Engine               - class com.almasb.fxgl.audio.AudioPlayer
20:44:38.821 [FXGL Background Thread 3 ] DEBUG Engine               - class com.almasb.fxgl.notification.impl.NotificationServiceProvider
20:44:38.821 [FXGL Background Thread 3 ] DEBUG Engine               - class com.almasb.fxgl.achievement.AchievementService
20:44:38.821 [FXGL Background Thread 3 ] DEBUG Engine               - class com.almasb.fxgl.cutscene.CutsceneService
20:44:38.821 [FXGL Background Thread 3 ] DEBUG Engine               - class com.almasb.fxgl.minigames.MiniGameService
20:44:38.821 [FXGL Background Thread 3 ] DEBUG Engine               - class com.almasb.fxgl.net.NetService
20:44:38.821 [FXGL Background Thread 3 ] DEBUG Engine               - class com.almasb.fxgl.app.services.UpdaterService
20:44:38.821 [FXGL Background Thread 3 ] DEBUG Engine               - class com.almasb.fxgl.dev.DevService
20:44:42.105 [JavaFX Application Thread] DEBUG FXGLAssetLoaderServi - Loading from file system: file:/C:/Users/Hanz%20Chester%20Bacus/Desktop/New%20folder%20(2)/battle_tank/target/classes/assets/sounds/select.wav
20:44:42.108 [JavaFX Application Thread] DEBUG Menu                 - fireNewGame()
20:44:42.108 [JavaFX Application Thread] DEBUG GameApplicationServi - Starting new game
20:44:42.108 [JavaFX Application Thread] DEBUG PrimaryStageWindow   - Pop state: GameMenu
20:44:42.108 [JavaFX Application Thread] DEBUG Input                - Clearing active input actions
20:44:42.109 [JavaFX Application Thread] DEBUG GameApplicationServi - Removing overlay from GameMenu and adding to FXGLMainMenuDummyScene
20:44:42.109 [JavaFX Application Thread] DEBUG PrimaryStageWindow   - FXGLMainMenuDummyScene <- GameMenu
20:44:42.109 [JavaFX Application Thread] DEBUG Input                - Clearing active input actions
20:44:42.121 [JavaFX Application Thread] DEBUG GameApplicationServi - Removing overlay from FXGLMainMenuDummyScene and adding to GameLoadingScene
20:44:42.121 [JavaFX Application Thread] DEBUG PrimaryStageWindow   - FXGLMainMenuDummyScene -> GameLoadingScene
20:44:42.121 [JavaFX Application Thread] DEBUG GameApplicationServi - Clearing previous game
20:44:42.121 [JavaFX Application Thread] DEBUG GameScene            - Clearing game scene
20:44:42.121 [JavaFX Application Thread] DEBUG GameWorld            - Clearing game world
20:44:42.121 [JavaFX Application Thread] DEBUG PhysicsWorld         - Clearing physics world
20:44:42.123 [FXGL Background Thread 2 ] DEBUG FXGLApplication      - Initializing game
20:44:42.126 [FXGL Background Thread 2 ] DEBUG FXGLAssetLoaderServi - Loading from file system: file:/C:/Users/Hanz%20Chester%20Bacus/Desktop/New%20folder%20(2)/battle_tank/target/classes/assets/properties/game.properties
20:44:42.133 [FXGL Background Thread 2 ] DEBUG FXGLAssetLoaderServi - Loading from file system: file:/C:/Users/Hanz%20Chester%20Bacus/Desktop/New%20folder%20(2)/battle_tank/target/classes/assets/textures/map/stone.png
20:44:42.136 [FXGL Background Thread 2 ] DEBUG FXGLAssetLoaderServi - Loading from file system: file:/C:/Users/Hanz%20Chester%20Bacus/Desktop/New%20folder%20(2)/battle_tank/target/classes/assets/textures/map/brick.png
20:44:42.143 [FXGL Background Thread 2 ] DEBUG FXGLAssetLoaderServi - Loading from file system: file:/C:/Users/Hanz%20Chester%20Bacus/Desktop/New%20folder%20(2)/battle_tank/target/classes/assets/textures/map/sea_anim.png
20:44:42.145 [FXGL Background Thread 2 ] DEBUG FXGLAssetLoaderServi - Loading from file system: file:/C:/Users/Hanz%20Chester%20Bacus/Desktop/New%20folder%20(2)/battle_tank/target/classes/assets/textures/explode/explode_level_2.png
20:44:42.170 [FXGL Background Thread 2 ] INFO  FXGLApplication      - Game initialization took: 0.046 sec
20:44:42.171 [JavaFX Application Thread] DEBUG Input                - Clearing active input actions
20:44:42.181 [JavaFX Application Thread] DEBUG GameApplicationServi - Removing overlay from GameLoadingScene and adding to GameScene
20:44:42.182 [JavaFX Application Thread] DEBUG PrimaryStageWindow   - GameLoadingScene -> GameScene
20:44:43.721 [JavaFX Application Thread] WARN  TMXLevelLoader       - TiledMap generated from 1.8.4. Supported version: 1.4.2. Some features may not be parsed fully.
20:44:43.736 [JavaFX Application Thread] DEBUG TMXLevelLoader       - Parsed TiledMap: file:/C:/Users/Hanz%20Chester%20Bacus/Desktop/New%20folder%20(2)/battle_tank/target/classes/assets/levels/level1.tmx
20:44:43.736 [JavaFX Application Thread] DEBUG TMXLevelLoader       - Creating tile layer entities
20:44:43.737 [JavaFX Application Thread] DEBUG TMXLevelLoader       - Creating object layer entities
20:44:43.852 [JavaFX Application Thread] DEBUG GameWorld            - Clearing removable entities
20:44:43.853 [JavaFX Application Thread] DEBUG GameWorld            - Setting level: com.almasb.fxgl.entity.level.Level@1014ea2c
20:44:43.865 [JavaFX Application Thread] DEBUG FXGLAssetLoaderServi - Loading from file system: file:/C:/Users/Hanz%20Chester%20Bacus/Desktop/New%20folder%20(2)/battle_tank/target/classes/assets/sounds/start.wav
20:44:43.875 [JavaFX Application Thread] DEBUG FXGLAssetLoaderServi - Loading from file system: file:/C:/Users/Hanz%20Chester%20Bacus/Desktop/New%20folder%20(2)/battle_tank/target/classes/assets/textures/tank/H1U.png
20:44:43.881 [JavaFX Application Thread] DEBUG FXGLAssetLoaderServi - Loading from file system: file:/C:/Users/Hanz%20Chester%20Bacus/Desktop/New%20folder%20(2)/battle_tank/target/classes/assets/textures/item/armed_helmet.png
20:44:43.886 [JavaFX Application Thread] DEBUG FXGLAssetLoaderServi - Loading from file system: file:/C:/Users/Hanz%20Chester%20Bacus/Desktop/New%20folder%20(2)/battle_tank/target/classes/assets/textures/ui/enemy_pre.png
20:44:43.890 [JavaFX Application Thread] DEBUG FXGLAssetLoaderServi - Loading from file system: file:/C:/Users/Hanz%20Chester%20Bacus/Desktop/New%20folder%20(2)/battle_tank/target/classes/assets/textures/ui/levelFlag.png
20:44:43.892 [JavaFX Application Thread] DEBUG FXGLAssetLoaderServi - Loading from file system: file:/C:/Users/Hanz%20Chester%20Bacus/Desktop/New%20folder%20(2)/battle_tank/target/classes/assets/textures/ui/bulletLevel.png
20:44:43.897 [JavaFX Application Thread] DEBUG FXGLAssetLoaderServi - Loading from file system: file:/C:/Users/Hanz%20Chester%20Bacus/Desktop/New%20folder%20(2)/battle_tank/target/classes/assets/textures/tank/spawnTank.png
20:44:43.898 [JavaFX Application Thread] DEBUG FXGLAssetLoaderServi - Loading from file system: file:/C:/Users/Hanz%20Chester%20Bacus/Desktop/New%20folder%20(2)/battle_tank/target/classes/assets/textures/tank/E12U.png
20:44:43.901 [JavaFX Application Thread] DEBUG FXGLAssetLoaderServi - Loading from file system: file:/C:/Users/Hanz%20Chester%20Bacus/Desktop/New%20folder%20(2)/battle_tank/target/classes/assets/textures/tank/E4U.png
20:44:44.865 [JavaFX Application Thread] DEBUG FXGLAssetLoaderServi - Loading from file system: file:/C:/Users/Hanz%20Chester%20Bacus/Desktop/New%20folder%20(2)/battle_tank/target/classes/assets/sounds/normalFire.wav
20:44:44.868 [JavaFX Application Thread] DEBUG FXGLAssetLoaderServi - Loading from file system: file:/C:/Users/Hanz%20Chester%20Bacus/Desktop/New%20folder%20(2)/battle_tank/target/classes/assets/textures/bullet/normal.png
20:44:44.959 [JavaFX Application Thread] DEBUG FXGLAssetLoaderServi - Loading from file system: file:/C:/Users/Hanz%20Chester%20Bacus/Desktop/New%20folder%20(2)/battle_tank/target/classes/assets/sounds/normalBomb.wav
20:44:55.723 [JavaFX Application Thread] DEBUG FXGLAssetLoaderServi - Loading from file system: file:/C:/Users/Hanz%20Chester%20Bacus/Desktop/New%20folder%20(2)/battle_tank/target/classes/assets/textures/tank/E5U.png
20:45:01.723 [JavaFX Application Thread] DEBUG FXGLAssetLoaderServi - Loading from file system: file:/C:/Users/Hanz%20Chester%20Bacus/Desktop/New%20folder%20(2)/battle_tank/target/classes/assets/textures/tank/E8U.png
20:45:02.444 [JavaFX Application Thread] DEBUG FXGLAssetLoaderServi - Loading from file system: file:/C:/Users/Hanz%20Chester%20Bacus/Desktop/New%20folder%20(2)/battle_tank/target/classes/assets/textures/ui/GameOver.png
20:45:02.445 [JavaFX Application Thread] DEBUG PrimaryStageWindow   - Push state: FailedScene
20:45:02.446 [JavaFX Application Thread] DEBUG FXGLAssetLoaderServi - Loading from file system: file:/C:/Users/Hanz%20Chester%20Bacus/Desktop/New%20folder%20(2)/battle_tank/target/classes/assets/sounds/GameOver.wav
20:45:02.450 [JavaFX Application Thread] DEBUG Input                - Clearing active input actions
20:45:02.450 [JavaFX Application Thread] DEBUG GameApplicationServi - Removing overlay from GameScene and adding to FailedScene
20:45:02.451 [JavaFX Application Thread] DEBUG PrimaryStageWindow   - GameScene -> FailedScene
20:45:06.250 [JavaFX Application Thread] DEBUG PrimaryStageWindow   - Pop state: FailedScene
20:45:06.250 [JavaFX Application Thread] DEBUG Input                - Clearing active input actions
20:45:06.250 [JavaFX Application Thread] DEBUG GameApplicationServi - Removing overlay from FailedScene and adding to GameScene
20:45:06.250 [JavaFX Application Thread] DEBUG PrimaryStageWindow   - GameScene <- FailedScene
20:45:06.252 [JavaFX Application Thread] DEBUG Input                - Clearing active input actions
20:45:06.263 [JavaFX Application Thread] DEBUG GameApplicationServi - Removing overlay from GameScene and adding to FXGLMainMenuDummyScene
20:45:06.263 [JavaFX Application Thread] DEBUG PrimaryStageWindow   - GameScene -> FXGLMainMenuDummyScene
20:45:06.263 [JavaFX Application Thread] DEBUG PrimaryStageWindow   - Push state: GameMenu
20:45:06.264 [JavaFX Application Thread] DEBUG Input                - Clearing active input actions
20:45:06.266 [JavaFX Application Thread] DEBUG GameApplicationServi - Removing overlay from FXGLMainMenuDummyScene and adding to GameMenu
20:45:06.266 [JavaFX Application Thread] DEBUG PrimaryStageWindow   - FXGLMainMenuDummyScene -> GameMenu
20:45:10.603 [JavaFX Application Thread] DEBUG FXGLApplication      - Exiting FXGL
20:45:10.608 [JavaFX Application Thread] DEBUG LoopRunner           - Stopping loop
20:45:10.608 [JavaFX Application Thread] DEBUG SystemBundleService  - Saving FXGL system data
20:45:10.611 [JavaFX Application Thread] DEBUG FileSystemAccess     - Writing to: C:\Users\Hanz Chester Bacus\Desktop\New folder (2)\battle_tank\system\fxgl.bundle
20:45:10.613 [JavaFX Application Thread] DEBUG Async                - Shutting down background threads
20:45:10.613 [JavaFX Application Thread] DEBUG PrimaryStageWindow   - Closing main window
20:45:10.637 [JavaFX Application Thread] DEBUG Logger               - Closing Logger
