16:13:20.335 [main                     ] DEBUG Logger               - Configured Logger
16:13:20.351 [main                     ] DEBUG GameApplication      - Logging settings
Title: 90 Tank
Version: Version 0.3
Width: 816
Height: 672
Fullscreen: false
Intro: false
Profiling: false
Single step:false
App Mode: DEVELOPER
Menu Key: ESCAPE
Stage Style: DECORATED
Scene Factory: class com.leewyatt.github.tank.TankApp$1

16:13:20.645 [JavaFX Application Thread] DEBUG FXGLApplication      - Initializing FXGL
16:13:20.648 [JavaFX Application Thread] INFO  Engine               - FXGL-17.1 (24.03.2022 17.34) on WINDOWS (J:22.0.1 FX:18)
16:13:20.648 [JavaFX Application Thread] DEBUG Engine               - JRE Vendor Name: Oracle Corporation
16:13:20.649 [JavaFX Application Thread] DEBUG Engine               - Running on OS: Windows 11 version 10.0
16:13:20.649 [JavaFX Application Thread] DEBUG Engine               - Architecture: amd64
16:13:20.649 [JavaFX Application Thread] INFO  Engine               - Source code and latest versions at: https://github.com/AlmasB/FXGL
16:13:20.649 [JavaFX Application Thread] INFO  Engine               -       Ask questions and discuss at: https://github.com/AlmasB/FXGL/discussions
16:13:20.649 [JavaFX Application Thread] INFO  Engine               -              Join the FXGL chat at: https://gitter.im/AlmasB/FXGL
16:13:20.738 [JavaFX Application Thread] DEBUG PrimaryStageWindow   - Creating a JavaFX scene
16:13:20.775 [JavaFX Application Thread] DEBUG PrimaryStageWindow   - Target settings size: 816.0 x 672.0
16:13:20.775 [JavaFX Application Thread] DEBUG PrimaryStageWindow   - Scaled scene size:    816.0 x 672.0
16:13:20.775 [JavaFX Application Thread] DEBUG PrimaryStageWindow   - Scaled ratio: (1.0, 1.0)
16:13:20.776 [JavaFX Application Thread] DEBUG PrimaryStageWindow   - Set initial scene to GameStartupScene
16:13:20.782 [JavaFX Application Thread] DEBUG PrimaryStageWindow   - Opening main window
16:13:20.858 [JavaFX Application Thread] DEBUG PrimaryStageWindow   - Window border size: (14.4000244140625, 37.5999755859375)
16:13:20.858 [JavaFX Application Thread] DEBUG PrimaryStageWindow   - Scaled size: 816.0 x 672.0
16:13:20.858 [JavaFX Application Thread] DEBUG PrimaryStageWindow   - Scaled ratio: (1.0, 1.0)
16:13:20.859 [JavaFX Application Thread] DEBUG PrimaryStageWindow   - Scene size: 816.0 x 672.0
16:13:20.859 [JavaFX Application Thread] DEBUG PrimaryStageWindow   - Stage size: 830.4000244140625 x 709.5999755859375
16:13:20.865 [FXGL Background Thread 1 ] DEBUG Engine               - Initializing environment variables
16:13:20.903 [FXGL Background Thread 1 ] DEBUG FXGLAssetLoaderServi - User app class for loading assets: class com.leewyatt.github.tank.TankApp
16:13:20.903 [FXGL Background Thread 1 ] DEBUG GameApplicationServi - Applying CSS: fxgl_dark.css
16:13:20.904 [FXGL Background Thread 1 ] DEBUG FXGLAssetLoaderServi - Loading from file system: jar:file:///C:/Users/Hanz%20Chester%20Bacus/.m2/repository/com/github/almasb/fxgl/17.1/fxgl-17.1.jar!/fxglassets/ui/css/fxgl_dark.css
16:13:20.920 [FXGL Background Thread 1 ] DEBUG GameApplicationServi - Applying CSS: tankApp.css
16:13:20.920 [FXGL Background Thread 1 ] DEBUG FXGLAssetLoaderServi - Loading from file system: file:/C:/Users/Hanz%20Chester%20Bacus/Desktop/New%20folder%20(2)/FXGL_Tank/target/classes/assets/ui/css/tankApp.css
16:13:20.922 [FXGL Background Thread 1 ] DEBUG GameApplicationServi - Initializing application scenes
16:13:20.925 [FXGL Background Thread 1 ] DEBUG GameWorld            - Game world initialized
16:13:20.975 [FXGL Background Thread 1 ] DEBUG PhysicsWorld         - Physics world initialized: appHeight=672, physics.ppm=50.0
16:13:20.975 [FXGL Background Thread 1 ] DEBUG PhysicsWorld         - Using strategy: BRUTE_FORCE
16:13:20.978 [FXGL Background Thread 1 ] DEBUG GameScene            - Game scene initialized: 816x672
16:13:20.981 [FXGL Background Thread 1 ] DEBUG FXGLAssetLoaderServi - Loading from file system: file:/C:/Users/Hanz%20Chester%20Bacus/Desktop/New%20folder%20(2)/FXGL_Tank/target/classes/assets/textures/ui/mbbc_start.png
16:13:20.994 [FXGL Background Thread 1 ] DEBUG FXGLAssetLoaderServi - Loading from file system: file:/C:/Users/Hanz%20Chester%20Bacus/Desktop/New%20folder%20(2)/FXGL_Tank/target/classes/assets/textures/ui/icon.png
16:13:21.003 [FXGL Background Thread 1 ] DEBUG FXGLAssetLoaderServi - Loading from file system: file:/C:/Users/Hanz%20Chester%20Bacus/Desktop/New%20folder%20(2)/FXGL_Tank/target/classes/assets/textures/ui/tankLoading.png
16:13:21.011 [FXGL Background Thread 1 ] DEBUG FXGLAssetLoaderServi - Loading from file system: file:/C:/Users/Hanz%20Chester%20Bacus/Desktop/New%20folder%20(2)/FXGL_Tank/target/classes/assets/textures/ui/mbbc_logo.png
16:13:21.038 [FXGL Background Thread 1 ] DEBUG FXGL.DefaultMenu     - createMenuBodyGameMenu()
16:13:21.050 [FXGL Background Thread 1 ] DEBUG FXGL.DefaultMenu     - createOptionsMenu()
16:13:21.056 [FXGL Background Thread 1 ] DEBUG FXGLAssetLoaderServi - Loading from file system: jar:file:///C:/Users/Hanz%20Chester%20Bacus/.m2/repository/com/github/almasb/fxgl/17.1/fxgl-17.1.jar!/fxglassets/textures/particles/smoke.png
16:13:21.120 [FXGL Background Thread 1 ] DEBUG FXGLAssetLoaderServi - Loading from file system: jar:file:///C:/Users/Hanz%20Chester%20Bacus/.m2/repository/com/github/almasb/fxgl/17.1/fxgl-17.1.jar!/fxglassets/textures/particles/trace_horizontal.png
16:13:21.133 [FXGL Background Thread 1 ] DEBUG GameApplicationServi - Application scenes initialized
16:13:21.144 [FXGL Background Thread 1 ] DEBUG SystemBundleService  - Loading FXGL system data
16:13:21.148 [FXGL Background Thread 1 ] DEBUG FileSystemAccess     - Reading from: C:\Users\Hanz Chester Bacus\Desktop\New folder (2)\FXGL_Tank\system\fxgl.bundle
16:13:21.155 [FXGL Background Thread 1 ] DEBUG SystemBundleService  - Bundle FXGL: {}
16:13:21.155 [FXGL Background Thread 1 ] DEBUG UpdaterService       - Checking for updates
16:13:21.159 [FXGL Background Thread 1 ] DEBUG FXGLApplication      - Loading default localization
16:13:21.159 [FXGL Background Thread 4 ] DEBUG FXGLApplication      - Loading fonts
16:13:21.160 [FXGL Background Thread 1 ] DEBUG FXGLAssetLoaderServi - Loading from file system: jar:file:///C:/Users/Hanz%20Chester%20Bacus/.m2/repository/com/github/almasb/fxgl/17.1/fxgl-17.1.jar!/fxglassets/languages/english.lang
16:13:21.160 [FXGL Background Thread 4 ] DEBUG FXGLAssetLoaderServi - Loading from file system: jar:file:///C:/Users/Hanz%20Chester%20Bacus/.m2/repository/com/github/almasb/fxgl/17.1/fxgl-17.1.jar!/fxglassets/ui/fonts/VarelaRound-Regular.ttf
16:13:21.194 [FXGL Background Thread 1 ] INFO  FXGLApplication      - FXGL initialization took: 0.328 sec
16:13:21.198 [FXGL Background Thread 4 ] DEBUG FXGLAssetLoaderServi - Loading from file system: jar:file:///C:/Users/Hanz%20Chester%20Bacus/.m2/repository/com/github/almasb/fxgl/17.1/fxgl-17.1.jar!/fxglassets/ui/fonts/Abel-Regular.ttf
16:13:21.201 [JavaFX Application Thread] DEBUG Input                - Registered new binding: action0 - W
16:13:21.202 [JavaFX Application Thread] DEBUG Input                - Registered new binding: action1 - Up
16:13:21.202 [JavaFX Application Thread] DEBUG Input                - Registered new binding: action2 - S
16:13:21.202 [JavaFX Application Thread] DEBUG Input                - Registered new binding: action3 - Down
16:13:21.203 [JavaFX Application Thread] DEBUG Input                - Registered new binding: action4 - A
16:13:21.203 [JavaFX Application Thread] DEBUG Input                - Registered new binding: action5 - Left
16:13:21.203 [JavaFX Application Thread] DEBUG Input                - Registered new binding: action6 - D
16:13:21.204 [JavaFX Application Thread] DEBUG Input                - Registered new binding: action7 - Right
16:13:21.204 [JavaFX Application Thread] DEBUG Input                - Registered new binding: action8 - Space
16:13:21.204 [JavaFX Application Thread] DEBUG Input                - Registered new binding: action9 - F
16:13:21.206 [FXGL Background Thread 4 ] DEBUG FXGLAssetLoaderServi - Loading from file system: jar:file:///C:/Users/Hanz%20Chester%20Bacus/.m2/repository/com/github/almasb/fxgl/17.1/fxgl-17.1.jar!/fxglassets/ui/fonts/TerminalLandMono-Regular.otf
16:13:21.209 [JavaFX Application Thread] DEBUG FXGLAssetLoaderServi - Loading from file system: file:/C:/Users/Hanz%20Chester%20Bacus/Desktop/New%20folder%20(2)/FXGL_Tank/target/classes/assets/textures/ui/cursor.png
16:13:21.213 [JavaFX Application Thread] DEBUG Input                - Registered new binding: Screenshot - CTRL+8
16:13:21.213 [JavaFX Application Thread] DEBUG Input                - Registered new binding: System info dump - CTRL+9
16:13:21.213 [JavaFX Application Thread] DEBUG Input                - Registered new binding: Restart - CTRL+R
16:13:21.214 [JavaFX Application Thread] DEBUG Input                - Registered new binding: Toggle Debug Camera - CTRL+7
16:13:21.214 [FXGL Background Thread 4 ] DEBUG FXGLAssetLoaderServi - Loading from file system: jar:file:///C:/Users/Hanz%20Chester%20Bacus/.m2/repository/com/github/almasb/fxgl/17.1/fxgl-17.1.jar!/fxglassets/ui/fonts/Courier-Prime.ttf
16:13:21.216 [JavaFX Application Thread] DEBUG LoopRunner           - Starting loop
16:13:21.216 [JavaFX Application Thread] DEBUG LoopRunner           - Initializing JavaFX AnimationTimerLoop
16:13:21.218 [JavaFX Application Thread] DEBUG Input                - Clearing active input actions
16:13:21.224 [JavaFX Application Thread] DEBUG GameApplicationServi - Removing overlay from GameStartupScene and adding to FXGLMainMenuDummyScene
16:13:21.225 [JavaFX Application Thread] DEBUG PrimaryStageWindow   - GameStartupScene -> FXGLMainMenuDummyScene
16:13:21.225 [JavaFX Application Thread] DEBUG PrimaryStageWindow   - Push state: GameMainMenu
16:13:21.225 [JavaFX Application Thread] DEBUG FXGLAssetLoaderServi - Loading from file system: file:/C:/Users/Hanz%20Chester%20Bacus/Desktop/New%20folder%20(2)/FXGL_Tank/target/classes/assets/sounds/mainMenuLoad.wav
16:13:21.287 [JavaFX Application Thread] DEBUG Input                - Clearing active input actions
16:13:21.291 [JavaFX Application Thread] DEBUG GameApplicationServi - Removing overlay from FXGLMainMenuDummyScene and adding to GameMainMenu
16:13:21.291 [JavaFX Application Thread] DEBUG PrimaryStageWindow   - FXGLMainMenuDummyScene -> GameMainMenu
16:13:21.293 [JavaFX Application Thread] DEBUG FXGLApplication      - Registering font factories with UI factory
16:13:21.714 [FXGL Background Thread 2 ] INFO  UpdaterService       - Your current version:  17.1
16:13:21.715 [FXGL Background Thread 2 ] INFO  UpdaterService       - Latest stable version: 21.1
16:13:23.291 [JavaFX Application Thread] DEBUG FXGLAssetLoaderServi - Loading from file system: file:/C:/Users/Hanz%20Chester%20Bacus/Desktop/New%20folder%20(2)/FXGL_Tank/target/classes/assets/sounds/mainMenuHover.wav
16:13:24.158 [FXGL Background Thread 3 ] DEBUG Engine               - Logging environment variables
16:13:24.160 [FXGL Background Thread 3 ] DEBUG Engine               - achievements: []
16:13:24.160 [FXGL Background Thread 3 ] DEBUG Engine               - actualHeight: 672.0
16:13:24.160 [FXGL Background Thread 3 ] DEBUG Engine               - actualHeightProperty: ReadOnlyDoubleProperty [value: 672.0]
16:13:24.161 [FXGL Background Thread 3 ] DEBUG Engine               - actualWidth: 816.0
16:13:24.161 [FXGL Background Thread 3 ] DEBUG Engine               - actualWidthProperty: ReadOnlyDoubleProperty [value: 816.0]
16:13:24.161 [FXGL Background Thread 3 ] DEBUG Engine               - appIcon: ui/icon.png
16:13:24.161 [FXGL Background Thread 3 ] DEBUG Engine               - applicationMode: DEVELOPER
16:13:24.161 [FXGL Background Thread 3 ] DEBUG Engine               - cSSList: [fxgl_dark.css, tankApp.css]
16:13:24.161 [FXGL Background Thread 3 ] DEBUG Engine               - collisionDetectionStrategy: BRUTE_FORCE
16:13:24.161 [FXGL Background Thread 3 ] DEBUG Engine               - configClass: Optional.empty
16:13:24.161 [FXGL Background Thread 3 ] DEBUG Engine               - credits: []
16:13:24.163 [FXGL Background Thread 3 ] DEBUG Engine               - defaultCursor: CursorInfo(imageName=ui/cursor.png, hotspotX=0.0, hotspotY=0.0)
16:13:24.165 [FXGL Background Thread 3 ] DEBUG Engine               - devBBoxColorProperty: ObjectProperty [value: 0xff0000ff]
16:13:24.165 [FXGL Background Thread 3 ] DEBUG Engine               - devEnableDebugCameraProperty: BooleanProperty [value: false]
16:13:24.165 [FXGL Background Thread 3 ] DEBUG Engine               - devSensorColorProperty: ObjectProperty [value: 0xffff00ff]
16:13:24.165 [FXGL Background Thread 3 ] DEBUG Engine               - devShowBBoxProperty: BooleanProperty [value: false]
16:13:24.165 [FXGL Background Thread 3 ] DEBUG Engine               - devShowPositionProperty: BooleanProperty [value: false]
16:13:24.165 [FXGL Background Thread 3 ] DEBUG Engine               - enabledMenuItems: []
16:13:24.165 [FXGL Background Thread 3 ] DEBUG Engine               - engineServices: [class com.almasb.fxgl.app.services.FXGLAssetLoaderService, class com.almasb.fxgl.app.FXGLApplication$GameApplicationService, class com.almasb.fxgl.app.services.FXGLDialogService, class com.almasb.fxgl.app.services.IOTaskExecutorService, class com.almasb.fxgl.io.FileSystemService, class com.almasb.fxgl.localization.LocalizationService, class com.almasb.fxgl.app.services.SystemBundleService, class com.almasb.fxgl.profile.SaveLoadService, class com.almasb.fxgl.ui.FXGLUIFactoryServiceProvider, class com.almasb.fxgl.ui.FXGLDialogFactoryServiceProvider, class com.almasb.fxgl.audio.AudioPlayer, class com.almasb.fxgl.notification.impl.NotificationServiceProvider, class com.almasb.fxgl.achievement.AchievementService, class com.almasb.fxgl.cutscene.CutsceneService, class com.almasb.fxgl.minigames.MiniGameService, class com.almasb.fxgl.net.NetService, class com.almasb.fxgl.app.services.UpdaterService, class com.almasb.fxgl.dev.DevService]
16:13:24.165 [FXGL Background Thread 3 ] DEBUG Engine               - fontGame: Abel-Regular.ttf
16:13:24.165 [FXGL Background Thread 3 ] DEBUG Engine               - fontMono: TerminalLandMono-Regular.otf
16:13:24.165 [FXGL Background Thread 3 ] DEBUG Engine               - fontText: Courier-Prime.ttf
16:13:24.165 [FXGL Background Thread 3 ] DEBUG Engine               - fontUI: VarelaRound-Regular.ttf
16:13:24.165 [FXGL Background Thread 3 ] DEBUG Engine               - fullScreen: BooleanProperty [value: false]
16:13:24.165 [FXGL Background Thread 3 ] DEBUG Engine               - gameDifficulty: MEDIUM
16:13:24.165 [FXGL Background Thread 3 ] DEBUG Engine               - gameDifficultyProperty: ObjectProperty [value: MEDIUM]
16:13:24.165 [FXGL Background Thread 3 ] DEBUG Engine               - globalMusicVolume: 0.5
16:13:24.166 [FXGL Background Thread 3 ] DEBUG Engine               - globalMusicVolumeProperty: DoubleProperty [value: 0.5]
16:13:24.166 [FXGL Background Thread 3 ] DEBUG Engine               - globalSoundVolume: 0.5
16:13:24.166 [FXGL Background Thread 3 ] DEBUG Engine               - globalSoundVolumeProperty: DoubleProperty [value: 0.5]
16:13:24.166 [FXGL Background Thread 3 ] DEBUG Engine               - height: 672
16:13:24.166 [FXGL Background Thread 3 ] DEBUG Engine               - is3D: false
16:13:24.166 [FXGL Background Thread 3 ] DEBUG Engine               - isAndroid: false
16:13:24.166 [FXGL Background Thread 3 ] DEBUG Engine               - isBrowser: false
16:13:24.166 [FXGL Background Thread 3 ] DEBUG Engine               - isClickFeedbackEnabled: false
16:13:24.166 [FXGL Background Thread 3 ] DEBUG Engine               - isCloseConfirmation: false
16:13:24.166 [FXGL Background Thread 3 ] DEBUG Engine               - isDesktop: true
16:13:24.166 [FXGL Background Thread 3 ] DEBUG Engine               - isDeveloperMenuEnabled: false
16:13:24.166 [FXGL Background Thread 3 ] DEBUG Engine               - isEmbedded: false
16:13:24.166 [FXGL Background Thread 3 ] DEBUG Engine               - isEntityPreloadEnabled: true
16:13:24.166 [FXGL Background Thread 3 ] DEBUG Engine               - isExperimentalTiledLargeMap: false
16:13:24.166 [FXGL Background Thread 3 ] DEBUG Engine               - isFileSystemWriteAllowed: true
16:13:24.166 [FXGL Background Thread 3 ] DEBUG Engine               - isFullScreenAllowed: false
16:13:24.166 [FXGL Background Thread 3 ] DEBUG Engine               - isFullScreenFromStart: false
16:13:24.166 [FXGL Background Thread 3 ] DEBUG Engine               - isGameMenuEnabled: true
16:13:24.166 [FXGL Background Thread 3 ] DEBUG Engine               - isIOS: false
16:13:24.166 [FXGL Background Thread 3 ] DEBUG Engine               - isIntroEnabled: false
16:13:24.166 [FXGL Background Thread 3 ] DEBUG Engine               - isLinux: false
16:13:24.167 [FXGL Background Thread 3 ] DEBUG Engine               - isMac: false
16:13:24.167 [FXGL Background Thread 3 ] DEBUG Engine               - isMainMenuEnabled: true
16:13:24.167 [FXGL Background Thread 3 ] DEBUG Engine               - isManualResizeEnabled: false
16:13:24.167 [FXGL Background Thread 3 ] DEBUG Engine               - isMobile: false
16:13:24.167 [FXGL Background Thread 3 ] DEBUG Engine               - isNative: false
16:13:24.167 [FXGL Background Thread 3 ] DEBUG Engine               - isPauseMusicWhenMinimized: true
16:13:24.167 [FXGL Background Thread 3 ] DEBUG Engine               - isPreserveResizeRatio: false
16:13:24.167 [FXGL Background Thread 3 ] DEBUG Engine               - isProfilingEnabled: false
16:13:24.167 [FXGL Background Thread 3 ] DEBUG Engine               - isScaleAffectedOnResize: true
16:13:24.167 [FXGL Background Thread 3 ] DEBUG Engine               - isSingleStep: false
16:13:24.167 [FXGL Background Thread 3 ] DEBUG Engine               - isUserProfileEnabled: false
16:13:24.167 [FXGL Background Thread 3 ] DEBUG Engine               - isWindows: true
16:13:24.167 [FXGL Background Thread 3 ] DEBUG Engine               - language: ObjectProperty [value: ENGLISH]
16:13:24.167 [FXGL Background Thread 3 ] DEBUG Engine               - menuKey: ESCAPE
16:13:24.167 [FXGL Background Thread 3 ] DEBUG Engine               - mouseSensitivity: 0.2
16:13:24.167 [FXGL Background Thread 3 ] DEBUG Engine               - notificationViewClass: class com.almasb.fxgl.notification.view.XboxNotificationView
16:13:24.167 [FXGL Background Thread 3 ] DEBUG Engine               - pixelsPerMeter: 50.0
16:13:24.167 [FXGL Background Thread 3 ] DEBUG Engine               - platform: WINDOWS
16:13:24.167 [FXGL Background Thread 3 ] DEBUG Engine               - prefHeightProperty: ReadOnlyDoubleProperty [value: 672.0]
16:13:24.167 [FXGL Background Thread 3 ] DEBUG Engine               - prefWidthProperty: ReadOnlyDoubleProperty [value: 816.0]
16:13:24.167 [FXGL Background Thread 3 ] DEBUG Engine               - profileDir: profiles/
16:13:24.167 [FXGL Background Thread 3 ] DEBUG Engine               - profileName: StringProperty [value: DEFAULT]
16:13:24.167 [FXGL Background Thread 3 ] DEBUG Engine               - randomSeed: -1
16:13:24.168 [FXGL Background Thread 3 ] DEBUG Engine               - runtimeInfo: RuntimeInfo(platform=WINDOWS, version=17.1, build=24.03.2022 17.34)
16:13:24.168 [FXGL Background Thread 3 ] DEBUG Engine               - saveFileExt: sav
16:13:24.168 [FXGL Background Thread 3 ] DEBUG Engine               - scaledHeightProp$fxgl: DoubleProperty [bound, value: 672.0]
16:13:24.168 [FXGL Background Thread 3 ] DEBUG Engine               - scaledWidthProp$fxgl: DoubleProperty [bound, value: 816.0]
16:13:24.168 [FXGL Background Thread 3 ] DEBUG Engine               - sceneFactory: com.leewyatt.github.tank.TankApp$1@6ebf4660
16:13:24.168 [FXGL Background Thread 3 ] DEBUG Engine               - secondsIn24h: 60
16:13:24.168 [FXGL Background Thread 3 ] DEBUG Engine               - soundMenuBack: menu/back.wav
16:13:24.168 [FXGL Background Thread 3 ] DEBUG Engine               - soundMenuPress: menu/press.wav
16:13:24.168 [FXGL Background Thread 3 ] DEBUG Engine               - soundMenuSelect: menu/select.wav
16:13:24.168 [FXGL Background Thread 3 ] DEBUG Engine               - soundNotification: core/notification.wav
16:13:24.168 [FXGL Background Thread 3 ] DEBUG Engine               - stageStyle: DECORATED
16:13:24.168 [FXGL Background Thread 3 ] DEBUG Engine               - supportedLanguages: [ENGLISH, FRENCH, GERMAN, HUNGARIAN, RUSSIAN]
16:13:24.168 [FXGL Background Thread 3 ] DEBUG Engine               - ticksPerSecond: -1
16:13:24.168 [FXGL Background Thread 3 ] DEBUG Engine               - title: 90 Tank
16:13:24.168 [FXGL Background Thread 3 ] DEBUG Engine               - urlGithub: https://github.com/AlmasB/FXGL
16:13:24.168 [FXGL Background Thread 3 ] DEBUG Engine               - urlLeaderboard: http://fxgl-top.herokuapp.com/
16:13:24.168 [FXGL Background Thread 3 ] DEBUG Engine               - urlPOM: https://raw.githubusercontent.com/AlmasB/FXGL/release/README.md
16:13:24.168 [FXGL Background Thread 3 ] DEBUG Engine               - userAppClass: class com.leewyatt.github.tank.TankApp
16:13:24.168 [FXGL Background Thread 3 ] DEBUG Engine               - version: Version 0.3
16:13:24.168 [FXGL Background Thread 3 ] DEBUG Engine               - versionCheckDays: 7
16:13:24.169 [FXGL Background Thread 3 ] DEBUG Engine               - width: 816
16:13:24.169 [FXGL Background Thread 3 ] DEBUG Engine               - Logging services
16:13:24.169 [FXGL Background Thread 3 ] DEBUG Engine               - class com.almasb.fxgl.app.services.FXGLAssetLoaderService
16:13:24.169 [FXGL Background Thread 3 ] DEBUG Engine               - class com.almasb.fxgl.app.FXGLApplication$GameApplicationService
16:13:24.169 [FXGL Background Thread 3 ] DEBUG Engine               - class com.almasb.fxgl.app.services.FXGLDialogService
16:13:24.169 [FXGL Background Thread 3 ] DEBUG Engine               - class com.almasb.fxgl.app.services.IOTaskExecutorService
16:13:24.169 [FXGL Background Thread 3 ] DEBUG Engine               - class com.almasb.fxgl.io.FileSystemService
16:13:24.169 [FXGL Background Thread 3 ] DEBUG Engine               - class com.almasb.fxgl.localization.LocalizationService
16:13:24.169 [FXGL Background Thread 3 ] DEBUG Engine               - class com.almasb.fxgl.app.services.SystemBundleService
16:13:24.169 [FXGL Background Thread 3 ] DEBUG Engine               - class com.almasb.fxgl.profile.SaveLoadService
16:13:24.169 [FXGL Background Thread 3 ] DEBUG Engine               - class com.almasb.fxgl.ui.FXGLUIFactoryServiceProvider
16:13:24.169 [FXGL Background Thread 3 ] DEBUG Engine               - class com.almasb.fxgl.ui.FXGLDialogFactoryServiceProvider
16:13:24.169 [FXGL Background Thread 3 ] DEBUG Engine               - class com.almasb.fxgl.audio.AudioPlayer
16:13:24.169 [FXGL Background Thread 3 ] DEBUG Engine               - class com.almasb.fxgl.notification.impl.NotificationServiceProvider
16:13:24.169 [FXGL Background Thread 3 ] DEBUG Engine               - class com.almasb.fxgl.achievement.AchievementService
16:13:24.169 [FXGL Background Thread 3 ] DEBUG Engine               - class com.almasb.fxgl.cutscene.CutsceneService
16:13:24.169 [FXGL Background Thread 3 ] DEBUG Engine               - class com.almasb.fxgl.minigames.MiniGameService
16:13:24.169 [FXGL Background Thread 3 ] DEBUG Engine               - class com.almasb.fxgl.net.NetService
16:13:24.169 [FXGL Background Thread 3 ] DEBUG Engine               - class com.almasb.fxgl.app.services.UpdaterService
16:13:24.169 [FXGL Background Thread 3 ] DEBUG Engine               - class com.almasb.fxgl.dev.DevService
16:13:26.258 [JavaFX Application Thread] DEBUG FXGLApplication      - Exiting FXGL
16:13:26.258 [JavaFX Application Thread] DEBUG LoopRunner           - Stopping loop
16:13:26.258 [JavaFX Application Thread] DEBUG SystemBundleService  - Saving FXGL system data
16:13:26.261 [JavaFX Application Thread] DEBUG FileSystemAccess     - Writing to: C:\Users\Hanz Chester Bacus\Desktop\New folder (2)\FXGL_Tank\system\fxgl.bundle
16:13:26.265 [JavaFX Application Thread] DEBUG Async                - Shutting down background threads
16:13:26.266 [JavaFX Application Thread] DEBUG PrimaryStageWindow   - Closing main window
16:13:26.289 [JavaFX Application Thread] DEBUG Logger               - Closing Logger
