20:55:11.611 [main                     ] DEBUG Logger               - Configured Logger
20:55:11.671 [main                     ] DEBUG GameApplication      - Logging settings
Title: 90 Tank
Version: Version 0.3
Width: 816
Height: 672
Fullscreen: false
Intro: false
Profiling: false
Single step:false
App Mode: DEVELOPER
Menu Key: ESCAPE
Stage Style: DECORATED
Scene Factory: class com.leewyatt.github.tank.TankApp$1

20:55:12.431 [JavaFX Application Thread] DEBUG FXGLApplication      - Initializing FXGL
20:55:12.441 [JavaFX Application Thread] INFO  Engine               - FXGL-17.1 (24.03.2022 17.34) on WINDOWS (J:22.0.1 FX:18)
20:55:12.442 [JavaFX Application Thread] DEBUG Engine               - JRE Vendor Name: Oracle Corporation
20:55:12.443 [JavaFX Application Thread] DEBUG Engine               - Running on OS: Windows 11 version 10.0
20:55:12.444 [JavaFX Application Thread] DEBUG Engine               - Architecture: amd64
20:55:12.444 [JavaFX Application Thread] INFO  Engine               - Source code and latest versions at: https://github.com/AlmasB/FXGL
20:55:12.444 [JavaFX Application Thread] INFO  Engine               -       Ask questions and discuss at: https://github.com/AlmasB/FXGL/discussions
20:55:12.445 [JavaFX Application Thread] INFO  Engine               -              Join the FXGL chat at: https://gitter.im/AlmasB/FXGL
20:55:12.796 [JavaFX Application Thread] DEBUG PrimaryStageWindow   - Creating a JavaFX scene
20:55:12.915 [JavaFX Application Thread] DEBUG PrimaryStageWindow   - Target settings size: 816.0 x 672.0
20:55:12.916 [JavaFX Application Thread] DEBUG PrimaryStageWindow   - Scaled scene size:    816.0 x 672.0
20:55:12.916 [JavaFX Application Thread] DEBUG PrimaryStageWindow   - Scaled ratio: (1.0, 1.0)
20:55:12.918 [JavaFX Application Thread] DEBUG PrimaryStageWindow   - Set initial scene to GameStartupScene
20:55:12.934 [JavaFX Application Thread] DEBUG PrimaryStageWindow   - Opening main window
20:55:13.183 [JavaFX Application Thread] DEBUG PrimaryStageWindow   - Window border size: (14.4000244140625, 37.5999755859375)
20:55:13.183 [JavaFX Application Thread] DEBUG PrimaryStageWindow   - Scaled size: 816.0 x 672.0
20:55:13.184 [JavaFX Application Thread] DEBUG PrimaryStageWindow   - Scaled ratio: (1.0, 1.0)
20:55:13.184 [JavaFX Application Thread] DEBUG PrimaryStageWindow   - Scene size: 816.0 x 672.0
20:55:13.184 [JavaFX Application Thread] DEBUG PrimaryStageWindow   - Stage size: 830.4000244140625 x 709.5999755859375
20:55:13.199 [FXGL Background Thread 1 ] DEBUG Engine               - Initializing environment variables
20:55:13.350 [FXGL Background Thread 1 ] DEBUG FXGLAssetLoaderServi - User app class for loading assets: class com.leewyatt.github.tank.TankApp
20:55:13.351 [FXGL Background Thread 1 ] DEBUG GameApplicationServi - Applying CSS: fxgl_dark.css
20:55:13.353 [FXGL Background Thread 1 ] DEBUG FXGLAssetLoaderServi - Loading from file system: jar:file:///C:/Users/Hanz%20Chester%20Bacus/.m2/repository/com/github/almasb/fxgl/17.1/fxgl-17.1.jar!/fxglassets/ui/css/fxgl_dark.css
20:55:13.422 [FXGL Background Thread 1 ] DEBUG GameApplicationServi - Applying CSS: tankApp.css
20:55:13.424 [FXGL Background Thread 1 ] DEBUG FXGLAssetLoaderServi - Loading from file system: file:/C:/Users/Hanz%20Chester%20Bacus/Desktop/New%20folder%20(2)/battle_tank/target/classes/assets/ui/css/tankApp.css
20:55:13.447 [FXGL Background Thread 1 ] DEBUG GameApplicationServi - Initializing application scenes
20:55:13.458 [FXGL Background Thread 1 ] DEBUG GameWorld            - Game world initialized
20:55:13.628 [FXGL Background Thread 1 ] DEBUG PhysicsWorld         - Physics world initialized: appHeight=672, physics.ppm=50.0
20:55:13.629 [FXGL Background Thread 1 ] DEBUG PhysicsWorld         - Using strategy: BRUTE_FORCE
20:55:13.637 [FXGL Background Thread 1 ] DEBUG GameScene            - Game scene initialized: 816x672
20:55:13.642 [FXGL Background Thread 1 ] DEBUG FXGLAssetLoaderServi - Loading from file system: file:/C:/Users/Hanz%20Chester%20Bacus/Desktop/New%20folder%20(2)/battle_tank/target/classes/assets/textures/ui/mbbc_start.png
20:55:13.682 [FXGL Background Thread 1 ] DEBUG FXGLAssetLoaderServi - Loading from file system: file:/C:/Users/Hanz%20Chester%20Bacus/Desktop/New%20folder%20(2)/battle_tank/target/classes/assets/textures/ui/icon.png
20:55:13.711 [FXGL Background Thread 1 ] DEBUG FXGLAssetLoaderServi - Loading from file system: file:/C:/Users/Hanz%20Chester%20Bacus/Desktop/New%20folder%20(2)/battle_tank/target/classes/assets/textures/ui/tankLoading.png
20:55:13.743 [FXGL Background Thread 1 ] DEBUG FXGLAssetLoaderServi - Loading from file system: file:/C:/Users/Hanz%20Chester%20Bacus/Desktop/New%20folder%20(2)/battle_tank/target/classes/assets/textures/ui/mbbc_logo.png
20:55:13.829 [FXGL Background Thread 1 ] DEBUG FXGL.DefaultMenu     - createMenuBodyGameMenu()
20:55:13.851 [FXGL Background Thread 1 ] DEBUG FXGL.DefaultMenu     - createOptionsMenu()
20:55:13.865 [FXGL Background Thread 1 ] DEBUG FXGLAssetLoaderServi - Loading from file system: jar:file:///C:/Users/Hanz%20Chester%20Bacus/.m2/repository/com/github/almasb/fxgl/17.1/fxgl-17.1.jar!/fxglassets/textures/particles/smoke.png
20:55:14.018 [FXGL Background Thread 1 ] DEBUG FXGLAssetLoaderServi - Loading from file system: jar:file:///C:/Users/Hanz%20Chester%20Bacus/.m2/repository/com/github/almasb/fxgl/17.1/fxgl-17.1.jar!/fxglassets/textures/particles/trace_horizontal.png
20:55:14.060 [FXGL Background Thread 1 ] DEBUG GameApplicationServi - Application scenes initialized
20:55:14.085 [FXGL Background Thread 1 ] DEBUG SystemBundleService  - Loading FXGL system data
20:55:14.097 [FXGL Background Thread 1 ] DEBUG FileSystemAccess     - Reading from: C:\Users\Hanz Chester Bacus\Desktop\New folder (2)\battle_tank\system\fxgl.bundle
20:55:14.108 [FXGL Background Thread 1 ] DEBUG SystemBundleService  - Bundle FXGL: {}
20:55:14.108 [FXGL Background Thread 1 ] DEBUG UpdaterService       - Checking for updates
20:55:14.121 [FXGL Background Thread 4 ] DEBUG FXGLApplication      - Loading fonts
20:55:14.122 [FXGL Background Thread 1 ] DEBUG FXGLApplication      - Loading default localization
20:55:14.123 [FXGL Background Thread 1 ] DEBUG FXGLAssetLoaderServi - Loading from file system: jar:file:///C:/Users/Hanz%20Chester%20Bacus/.m2/repository/com/github/almasb/fxgl/17.1/fxgl-17.1.jar!/fxglassets/languages/english.lang
20:55:14.123 [FXGL Background Thread 4 ] DEBUG FXGLAssetLoaderServi - Loading from file system: jar:file:///C:/Users/Hanz%20Chester%20Bacus/.m2/repository/com/github/almasb/fxgl/17.1/fxgl-17.1.jar!/fxglassets/ui/fonts/VarelaRound-Regular.ttf
20:55:14.185 [FXGL Background Thread 1 ] INFO  FXGLApplication      - FXGL initialization took: 0.985 sec
20:55:14.218 [JavaFX Application Thread] DEBUG Input                - Registered new binding: action0 - W
20:55:14.219 [FXGL Background Thread 4 ] DEBUG FXGLAssetLoaderServi - Loading from file system: jar:file:///C:/Users/Hanz%20Chester%20Bacus/.m2/repository/com/github/almasb/fxgl/17.1/fxgl-17.1.jar!/fxglassets/ui/fonts/Abel-Regular.ttf
20:55:14.219 [JavaFX Application Thread] DEBUG Input                - Registered new binding: action1 - Up
20:55:14.219 [JavaFX Application Thread] DEBUG Input                - Registered new binding: action2 - S
20:55:14.220 [JavaFX Application Thread] DEBUG Input                - Registered new binding: action3 - Down
20:55:14.221 [JavaFX Application Thread] DEBUG Input                - Registered new binding: action4 - A
20:55:14.223 [JavaFX Application Thread] DEBUG Input                - Registered new binding: action5 - Left
20:55:14.223 [JavaFX Application Thread] DEBUG Input                - Registered new binding: action6 - D
20:55:14.225 [JavaFX Application Thread] DEBUG Input                - Registered new binding: action7 - Right
20:55:14.225 [JavaFX Application Thread] DEBUG Input                - Registered new binding: action8 - Space
20:55:14.226 [JavaFX Application Thread] DEBUG Input                - Registered new binding: action9 - F
20:55:14.243 [FXGL Background Thread 4 ] DEBUG FXGLAssetLoaderServi - Loading from file system: jar:file:///C:/Users/Hanz%20Chester%20Bacus/.m2/repository/com/github/almasb/fxgl/17.1/fxgl-17.1.jar!/fxglassets/ui/fonts/TerminalLandMono-Regular.otf
20:55:14.244 [JavaFX Application Thread] DEBUG FXGLAssetLoaderServi - Loading from file system: file:/C:/Users/Hanz%20Chester%20Bacus/Desktop/New%20folder%20(2)/battle_tank/target/classes/assets/textures/ui/cursor.png
20:55:14.249 [JavaFX Application Thread] DEBUG Input                - Registered new binding: Screenshot - CTRL+8
20:55:14.251 [JavaFX Application Thread] DEBUG Input                - Registered new binding: System info dump - CTRL+9
20:55:14.252 [JavaFX Application Thread] DEBUG Input                - Registered new binding: Restart - CTRL+R
20:55:14.253 [JavaFX Application Thread] DEBUG Input                - Registered new binding: Toggle Debug Camera - CTRL+7
20:55:14.260 [JavaFX Application Thread] DEBUG LoopRunner           - Starting loop
20:55:14.260 [JavaFX Application Thread] DEBUG LoopRunner           - Initializing JavaFX AnimationTimerLoop
20:55:14.266 [JavaFX Application Thread] DEBUG Input                - Clearing active input actions
20:55:14.266 [FXGL Background Thread 4 ] DEBUG FXGLAssetLoaderServi - Loading from file system: jar:file:///C:/Users/Hanz%20Chester%20Bacus/.m2/repository/com/github/almasb/fxgl/17.1/fxgl-17.1.jar!/fxglassets/ui/fonts/Courier-Prime.ttf
20:55:14.286 [JavaFX Application Thread] DEBUG GameApplicationServi - Removing overlay from GameStartupScene and adding to FXGLMainMenuDummyScene
20:55:14.287 [JavaFX Application Thread] DEBUG PrimaryStageWindow   - GameStartupScene -> FXGLMainMenuDummyScene
20:55:14.287 [JavaFX Application Thread] DEBUG PrimaryStageWindow   - Push state: GameMenu
20:55:14.289 [JavaFX Application Thread] DEBUG FXGLAssetLoaderServi - Loading from file system: file:/C:/Users/Hanz%20Chester%20Bacus/Desktop/New%20folder%20(2)/battle_tank/target/classes/assets/sounds/mainMenuLoad.wav
20:55:14.480 [JavaFX Application Thread] DEBUG Input                - Clearing active input actions
20:55:14.487 [JavaFX Application Thread] DEBUG GameApplicationServi - Removing overlay from FXGLMainMenuDummyScene and adding to GameMenu
20:55:14.490 [JavaFX Application Thread] DEBUG PrimaryStageWindow   - FXGLMainMenuDummyScene -> GameMenu
20:55:14.676 [JavaFX Application Thread] DEBUG FXGLApplication      - Registering font factories with UI factory
20:55:15.231 [FXGL Background Thread 2 ] INFO  UpdaterService       - Your current version:  17.1
20:55:15.231 [FXGL Background Thread 2 ] INFO  UpdaterService       - Latest stable version: 21.1
20:55:16.492 [JavaFX Application Thread] DEBUG FXGLAssetLoaderServi - Loading from file system: file:/C:/Users/Hanz%20Chester%20Bacus/Desktop/New%20folder%20(2)/battle_tank/target/classes/assets/sounds/mainMenuHover.wav
20:55:17.116 [FXGL Background Thread 3 ] DEBUG Engine               - Logging environment variables
20:55:17.117 [FXGL Background Thread 3 ] DEBUG Engine               - achievements: []
20:55:17.117 [FXGL Background Thread 3 ] DEBUG Engine               - actualHeight: 672.0
20:55:17.117 [FXGL Background Thread 3 ] DEBUG Engine               - actualHeightProperty: ReadOnlyDoubleProperty [value: 672.0]
20:55:17.117 [FXGL Background Thread 3 ] DEBUG Engine               - actualWidth: 816.0
20:55:17.117 [FXGL Background Thread 3 ] DEBUG Engine               - actualWidthProperty: ReadOnlyDoubleProperty [value: 816.0]
20:55:17.117 [FXGL Background Thread 3 ] DEBUG Engine               - appIcon: ui/icon.png
20:55:17.117 [FXGL Background Thread 3 ] DEBUG Engine               - applicationMode: DEVELOPER
20:55:17.117 [FXGL Background Thread 3 ] DEBUG Engine               - cSSList: [fxgl_dark.css, tankApp.css]
20:55:17.117 [FXGL Background Thread 3 ] DEBUG Engine               - collisionDetectionStrategy: BRUTE_FORCE
20:55:17.117 [FXGL Background Thread 3 ] DEBUG Engine               - configClass: Optional.empty
20:55:17.117 [FXGL Background Thread 3 ] DEBUG Engine               - credits: []
20:55:17.118 [FXGL Background Thread 3 ] DEBUG Engine               - defaultCursor: CursorInfo(imageName=ui/cursor.png, hotspotX=0.0, hotspotY=0.0)
20:55:17.118 [FXGL Background Thread 3 ] DEBUG Engine               - devBBoxColorProperty: ObjectProperty [value: 0xff0000ff]
20:55:17.118 [FXGL Background Thread 3 ] DEBUG Engine               - devEnableDebugCameraProperty: BooleanProperty [value: false]
20:55:17.118 [FXGL Background Thread 3 ] DEBUG Engine               - devSensorColorProperty: ObjectProperty [value: 0xffff00ff]
20:55:17.118 [FXGL Background Thread 3 ] DEBUG Engine               - devShowBBoxProperty: BooleanProperty [value: false]
20:55:17.118 [FXGL Background Thread 3 ] DEBUG Engine               - devShowPositionProperty: BooleanProperty [value: false]
20:55:17.118 [FXGL Background Thread 3 ] DEBUG Engine               - enabledMenuItems: []
20:55:17.118 [FXGL Background Thread 3 ] DEBUG Engine               - engineServices: [class com.almasb.fxgl.app.services.FXGLAssetLoaderService, class com.almasb.fxgl.app.FXGLApplication$GameApplicationService, class com.almasb.fxgl.app.services.FXGLDialogService, class com.almasb.fxgl.app.services.IOTaskExecutorService, class com.almasb.fxgl.io.FileSystemService, class com.almasb.fxgl.localization.LocalizationService, class com.almasb.fxgl.app.services.SystemBundleService, class com.almasb.fxgl.profile.SaveLoadService, class com.almasb.fxgl.ui.FXGLUIFactoryServiceProvider, class com.almasb.fxgl.ui.FXGLDialogFactoryServiceProvider, class com.almasb.fxgl.audio.AudioPlayer, class com.almasb.fxgl.notification.impl.NotificationServiceProvider, class com.almasb.fxgl.achievement.AchievementService, class com.almasb.fxgl.cutscene.CutsceneService, class com.almasb.fxgl.minigames.MiniGameService, class com.almasb.fxgl.net.NetService, class com.almasb.fxgl.app.services.UpdaterService, class com.almasb.fxgl.dev.DevService]
20:55:17.118 [FXGL Background Thread 3 ] DEBUG Engine               - fontGame: Abel-Regular.ttf
20:55:17.118 [FXGL Background Thread 3 ] DEBUG Engine               - fontMono: TerminalLandMono-Regular.otf
20:55:17.118 [FXGL Background Thread 3 ] DEBUG Engine               - fontText: Courier-Prime.ttf
20:55:17.118 [FXGL Background Thread 3 ] DEBUG Engine               - fontUI: VarelaRound-Regular.ttf
20:55:17.118 [FXGL Background Thread 3 ] DEBUG Engine               - fullScreen: BooleanProperty [value: false]
20:55:17.119 [FXGL Background Thread 3 ] DEBUG Engine               - gameDifficulty: MEDIUM
20:55:17.119 [FXGL Background Thread 3 ] DEBUG Engine               - gameDifficultyProperty: ObjectProperty [value: MEDIUM]
20:55:17.119 [FXGL Background Thread 3 ] DEBUG Engine               - globalMusicVolume: 0.5
20:55:17.119 [FXGL Background Thread 3 ] DEBUG Engine               - globalMusicVolumeProperty: DoubleProperty [value: 0.5]
20:55:17.119 [FXGL Background Thread 3 ] DEBUG Engine               - globalSoundVolume: 0.5
20:55:17.119 [FXGL Background Thread 3 ] DEBUG Engine               - globalSoundVolumeProperty: DoubleProperty [value: 0.5]
20:55:17.119 [FXGL Background Thread 3 ] DEBUG Engine               - height: 672
20:55:17.119 [FXGL Background Thread 3 ] DEBUG Engine               - is3D: false
20:55:17.119 [FXGL Background Thread 3 ] DEBUG Engine               - isAndroid: false
20:55:17.119 [FXGL Background Thread 3 ] DEBUG Engine               - isBrowser: false
20:55:17.119 [FXGL Background Thread 3 ] DEBUG Engine               - isClickFeedbackEnabled: false
20:55:17.119 [FXGL Background Thread 3 ] DEBUG Engine               - isCloseConfirmation: false
20:55:17.119 [FXGL Background Thread 3 ] DEBUG Engine               - isDesktop: true
20:55:17.119 [FXGL Background Thread 3 ] DEBUG Engine               - isDeveloperMenuEnabled: false
20:55:17.119 [FXGL Background Thread 3 ] DEBUG Engine               - isEmbedded: false
20:55:17.119 [FXGL Background Thread 3 ] DEBUG Engine               - isEntityPreloadEnabled: true
20:55:17.119 [FXGL Background Thread 3 ] DEBUG Engine               - isExperimentalTiledLargeMap: false
20:55:17.119 [FXGL Background Thread 3 ] DEBUG Engine               - isFileSystemWriteAllowed: true
20:55:17.119 [FXGL Background Thread 3 ] DEBUG Engine               - isFullScreenAllowed: false
20:55:17.119 [FXGL Background Thread 3 ] DEBUG Engine               - isFullScreenFromStart: false
20:55:17.119 [FXGL Background Thread 3 ] DEBUG Engine               - isGameMenuEnabled: true
20:55:17.119 [FXGL Background Thread 3 ] DEBUG Engine               - isIOS: false
20:55:17.120 [FXGL Background Thread 3 ] DEBUG Engine               - isIntroEnabled: false
20:55:17.120 [FXGL Background Thread 3 ] DEBUG Engine               - isLinux: false
20:55:17.120 [FXGL Background Thread 3 ] DEBUG Engine               - isMac: false
20:55:17.120 [FXGL Background Thread 3 ] DEBUG Engine               - isMainMenuEnabled: true
20:55:17.120 [FXGL Background Thread 3 ] DEBUG Engine               - isManualResizeEnabled: false
20:55:17.120 [FXGL Background Thread 3 ] DEBUG Engine               - isMobile: false
20:55:17.120 [FXGL Background Thread 3 ] DEBUG Engine               - isNative: false
20:55:17.120 [FXGL Background Thread 3 ] DEBUG Engine               - isPauseMusicWhenMinimized: true
20:55:17.120 [FXGL Background Thread 3 ] DEBUG Engine               - isPreserveResizeRatio: false
20:55:17.120 [FXGL Background Thread 3 ] DEBUG Engine               - isProfilingEnabled: false
20:55:17.120 [FXGL Background Thread 3 ] DEBUG Engine               - isScaleAffectedOnResize: true
20:55:17.120 [FXGL Background Thread 3 ] DEBUG Engine               - isSingleStep: false
20:55:17.120 [FXGL Background Thread 3 ] DEBUG Engine               - isUserProfileEnabled: false
20:55:17.120 [FXGL Background Thread 3 ] DEBUG Engine               - isWindows: true
20:55:17.120 [FXGL Background Thread 3 ] DEBUG Engine               - language: ObjectProperty [value: ENGLISH]
20:55:17.120 [FXGL Background Thread 3 ] DEBUG Engine               - menuKey: ESCAPE
20:55:17.120 [FXGL Background Thread 3 ] DEBUG Engine               - mouseSensitivity: 0.2
20:55:17.120 [FXGL Background Thread 3 ] DEBUG Engine               - notificationViewClass: class com.almasb.fxgl.notification.view.XboxNotificationView
20:55:17.120 [FXGL Background Thread 3 ] DEBUG Engine               - pixelsPerMeter: 50.0
20:55:17.120 [FXGL Background Thread 3 ] DEBUG Engine               - platform: WINDOWS
20:55:17.120 [FXGL Background Thread 3 ] DEBUG Engine               - prefHeightProperty: ReadOnlyDoubleProperty [value: 672.0]
20:55:17.120 [FXGL Background Thread 3 ] DEBUG Engine               - prefWidthProperty: ReadOnlyDoubleProperty [value: 816.0]
20:55:17.120 [FXGL Background Thread 3 ] DEBUG Engine               - profileDir: profiles/
20:55:17.120 [FXGL Background Thread 3 ] DEBUG Engine               - profileName: StringProperty [value: DEFAULT]
20:55:17.120 [FXGL Background Thread 3 ] DEBUG Engine               - randomSeed: -1
20:55:17.121 [FXGL Background Thread 3 ] DEBUG Engine               - runtimeInfo: RuntimeInfo(platform=WINDOWS, version=17.1, build=24.03.2022 17.34)
20:55:17.121 [FXGL Background Thread 3 ] DEBUG Engine               - saveFileExt: sav
20:55:17.121 [FXGL Background Thread 3 ] DEBUG Engine               - scaledHeightProp$fxgl: DoubleProperty [bound, value: 672.0]
20:55:17.121 [FXGL Background Thread 3 ] DEBUG Engine               - scaledWidthProp$fxgl: DoubleProperty [bound, value: 816.0]
20:55:17.121 [FXGL Background Thread 3 ] DEBUG Engine               - sceneFactory: com.leewyatt.github.tank.TankApp$1@5c5761a4
20:55:17.121 [FXGL Background Thread 3 ] DEBUG Engine               - secondsIn24h: 60
20:55:17.121 [FXGL Background Thread 3 ] DEBUG Engine               - soundMenuBack: menu/back.wav
20:55:17.121 [FXGL Background Thread 3 ] DEBUG Engine               - soundMenuPress: menu/press.wav
20:55:17.121 [FXGL Background Thread 3 ] DEBUG Engine               - soundMenuSelect: menu/select.wav
20:55:17.121 [FXGL Background Thread 3 ] DEBUG Engine               - soundNotification: core/notification.wav
20:55:17.121 [FXGL Background Thread 3 ] DEBUG Engine               - stageStyle: DECORATED
20:55:17.121 [FXGL Background Thread 3 ] DEBUG Engine               - supportedLanguages: [ENGLISH, FRENCH, GERMAN, HUNGARIAN, RUSSIAN]
20:55:17.121 [FXGL Background Thread 3 ] DEBUG Engine               - ticksPerSecond: -1
20:55:17.121 [FXGL Background Thread 3 ] DEBUG Engine               - title: 90 Tank
20:55:17.121 [FXGL Background Thread 3 ] DEBUG Engine               - urlGithub: https://github.com/AlmasB/FXGL
20:55:17.121 [FXGL Background Thread 3 ] DEBUG Engine               - urlLeaderboard: http://fxgl-top.herokuapp.com/
20:55:17.121 [FXGL Background Thread 3 ] DEBUG Engine               - urlPOM: https://raw.githubusercontent.com/AlmasB/FXGL/release/README.md
20:55:17.121 [FXGL Background Thread 3 ] DEBUG Engine               - userAppClass: class com.leewyatt.github.tank.TankApp
20:55:17.121 [FXGL Background Thread 3 ] DEBUG Engine               - version: Version 0.3
20:55:17.121 [FXGL Background Thread 3 ] DEBUG Engine               - versionCheckDays: 7
20:55:17.121 [FXGL Background Thread 3 ] DEBUG Engine               - width: 816
20:55:17.121 [FXGL Background Thread 3 ] DEBUG Engine               - Logging services
20:55:17.121 [FXGL Background Thread 3 ] DEBUG Engine               - class com.almasb.fxgl.app.services.FXGLAssetLoaderService
20:55:17.121 [FXGL Background Thread 3 ] DEBUG Engine               - class com.almasb.fxgl.app.FXGLApplication$GameApplicationService
20:55:17.121 [FXGL Background Thread 3 ] DEBUG Engine               - class com.almasb.fxgl.app.services.FXGLDialogService
20:55:17.121 [FXGL Background Thread 3 ] DEBUG Engine               - class com.almasb.fxgl.app.services.IOTaskExecutorService
20:55:17.121 [FXGL Background Thread 3 ] DEBUG Engine               - class com.almasb.fxgl.io.FileSystemService
20:55:17.122 [FXGL Background Thread 3 ] DEBUG Engine               - class com.almasb.fxgl.localization.LocalizationService
20:55:17.122 [FXGL Background Thread 3 ] DEBUG Engine               - class com.almasb.fxgl.app.services.SystemBundleService
20:55:17.122 [FXGL Background Thread 3 ] DEBUG Engine               - class com.almasb.fxgl.profile.SaveLoadService
20:55:17.122 [FXGL Background Thread 3 ] DEBUG Engine               - class com.almasb.fxgl.ui.FXGLUIFactoryServiceProvider
20:55:17.122 [FXGL Background Thread 3 ] DEBUG Engine               - class com.almasb.fxgl.ui.FXGLDialogFactoryServiceProvider
20:55:17.122 [FXGL Background Thread 3 ] DEBUG Engine               - class com.almasb.fxgl.audio.AudioPlayer
20:55:17.122 [FXGL Background Thread 3 ] DEBUG Engine               - class com.almasb.fxgl.notification.impl.NotificationServiceProvider
20:55:17.122 [FXGL Background Thread 3 ] DEBUG Engine               - class com.almasb.fxgl.achievement.AchievementService
20:55:17.122 [FXGL Background Thread 3 ] DEBUG Engine               - class com.almasb.fxgl.cutscene.CutsceneService
20:55:17.122 [FXGL Background Thread 3 ] DEBUG Engine               - class com.almasb.fxgl.minigames.MiniGameService
20:55:17.122 [FXGL Background Thread 3 ] DEBUG Engine               - class com.almasb.fxgl.net.NetService
20:55:17.122 [FXGL Background Thread 3 ] DEBUG Engine               - class com.almasb.fxgl.app.services.UpdaterService
20:55:17.122 [FXGL Background Thread 3 ] DEBUG Engine               - class com.almasb.fxgl.dev.DevService
20:56:00.412 [JavaFX Application Thread] DEBUG FXGLAssetLoaderServi - Loading from file system: file:/C:/Users/Hanz%20Chester%20Bacus/Desktop/New%20folder%20(2)/battle_tank/target/classes/assets/sounds/select.wav
20:56:00.417 [JavaFX Application Thread] DEBUG Menu                 - fireNewGame()
20:56:00.417 [JavaFX Application Thread] DEBUG GameApplicationServi - Starting new game
20:56:00.417 [JavaFX Application Thread] DEBUG PrimaryStageWindow   - Pop state: GameMenu
20:56:00.418 [JavaFX Application Thread] DEBUG Input                - Clearing active input actions
20:56:00.418 [JavaFX Application Thread] DEBUG GameApplicationServi - Removing overlay from GameMenu and adding to FXGLMainMenuDummyScene
20:56:00.419 [JavaFX Application Thread] DEBUG PrimaryStageWindow   - FXGLMainMenuDummyScene <- GameMenu
20:56:00.419 [JavaFX Application Thread] DEBUG Input                - Clearing active input actions
20:56:00.427 [JavaFX Application Thread] DEBUG GameApplicationServi - Removing overlay from FXGLMainMenuDummyScene and adding to GameLoadingScene
20:56:00.427 [JavaFX Application Thread] DEBUG PrimaryStageWindow   - FXGLMainMenuDummyScene -> GameLoadingScene
20:56:00.427 [JavaFX Application Thread] DEBUG GameApplicationServi - Clearing previous game
20:56:00.427 [JavaFX Application Thread] DEBUG GameScene            - Clearing game scene
20:56:00.427 [JavaFX Application Thread] DEBUG GameWorld            - Clearing game world
20:56:00.429 [JavaFX Application Thread] DEBUG PhysicsWorld         - Clearing physics world
20:56:00.433 [FXGL Background Thread 2 ] DEBUG FXGLApplication      - Initializing game
20:56:00.434 [FXGL Background Thread 2 ] DEBUG FXGLAssetLoaderServi - Loading from file system: file:/C:/Users/Hanz%20Chester%20Bacus/Desktop/New%20folder%20(2)/battle_tank/target/classes/assets/properties/game.properties
20:56:00.437 [FXGL Background Thread 2 ] DEBUG FXGLAssetLoaderServi - Loading from file system: file:/C:/Users/Hanz%20Chester%20Bacus/Desktop/New%20folder%20(2)/battle_tank/target/classes/assets/textures/map/stone.png
20:56:00.446 [FXGL Background Thread 2 ] DEBUG FXGLAssetLoaderServi - Loading from file system: file:/C:/Users/Hanz%20Chester%20Bacus/Desktop/New%20folder%20(2)/battle_tank/target/classes/assets/textures/map/brick.png
20:56:00.459 [FXGL Background Thread 2 ] DEBUG FXGLAssetLoaderServi - Loading from file system: file:/C:/Users/Hanz%20Chester%20Bacus/Desktop/New%20folder%20(2)/battle_tank/target/classes/assets/textures/map/sea_anim.png
20:56:00.462 [FXGL Background Thread 2 ] DEBUG FXGLAssetLoaderServi - Loading from file system: file:/C:/Users/Hanz%20Chester%20Bacus/Desktop/New%20folder%20(2)/battle_tank/target/classes/assets/textures/explode/explode_level_2.png
20:56:00.479 [FXGL Background Thread 2 ] INFO  FXGLApplication      - Game initialization took: 0.045 sec
20:56:00.479 [JavaFX Application Thread] DEBUG Input                - Clearing active input actions
20:56:00.495 [JavaFX Application Thread] DEBUG GameApplicationServi - Removing overlay from GameLoadingScene and adding to GameScene
20:56:00.495 [JavaFX Application Thread] DEBUG PrimaryStageWindow   - GameLoadingScene -> GameScene
20:56:02.021 [JavaFX Application Thread] WARN  TMXLevelLoader       - TiledMap generated from 1.8.4. Supported version: 1.4.2. Some features may not be parsed fully.
20:56:02.037 [JavaFX Application Thread] DEBUG TMXLevelLoader       - Parsed TiledMap: file:/C:/Users/Hanz%20Chester%20Bacus/Desktop/New%20folder%20(2)/battle_tank/target/classes/assets/levels/level1.tmx
20:56:02.042 [JavaFX Application Thread] DEBUG TMXLevelLoader       - Creating tile layer entities
20:56:02.042 [JavaFX Application Thread] DEBUG TMXLevelLoader       - Creating object layer entities
20:56:02.168 [JavaFX Application Thread] DEBUG GameWorld            - Clearing removable entities
20:56:02.169 [JavaFX Application Thread] DEBUG GameWorld            - Setting level: com.almasb.fxgl.entity.level.Level@44dce895
20:56:02.181 [JavaFX Application Thread] DEBUG FXGLAssetLoaderServi - Loading from file system: file:/C:/Users/Hanz%20Chester%20Bacus/Desktop/New%20folder%20(2)/battle_tank/target/classes/assets/sounds/start.wav
20:56:02.193 [JavaFX Application Thread] DEBUG FXGLAssetLoaderServi - Loading from file system: file:/C:/Users/Hanz%20Chester%20Bacus/Desktop/New%20folder%20(2)/battle_tank/target/classes/assets/textures/tank/H1U.png
20:56:02.199 [JavaFX Application Thread] DEBUG FXGLAssetLoaderServi - Loading from file system: file:/C:/Users/Hanz%20Chester%20Bacus/Desktop/New%20folder%20(2)/battle_tank/target/classes/assets/textures/item/armed_helmet.png
20:56:02.204 [JavaFX Application Thread] DEBUG FXGLAssetLoaderServi - Loading from file system: file:/C:/Users/Hanz%20Chester%20Bacus/Desktop/New%20folder%20(2)/battle_tank/target/classes/assets/textures/ui/enemy_pre.png
20:56:02.209 [JavaFX Application Thread] DEBUG FXGLAssetLoaderServi - Loading from file system: file:/C:/Users/Hanz%20Chester%20Bacus/Desktop/New%20folder%20(2)/battle_tank/target/classes/assets/textures/ui/levelFlag.png
20:56:02.210 [JavaFX Application Thread] DEBUG FXGLAssetLoaderServi - Loading from file system: file:/C:/Users/Hanz%20Chester%20Bacus/Desktop/New%20folder%20(2)/battle_tank/target/classes/assets/textures/ui/bulletLevel.png
20:56:02.227 [JavaFX Application Thread] DEBUG FXGLAssetLoaderServi - Loading from file system: file:/C:/Users/Hanz%20Chester%20Bacus/Desktop/New%20folder%20(2)/battle_tank/target/classes/assets/textures/tank/spawnTank.png
20:56:02.229 [JavaFX Application Thread] DEBUG FXGLAssetLoaderServi - Loading from file system: file:/C:/Users/Hanz%20Chester%20Bacus/Desktop/New%20folder%20(2)/battle_tank/target/classes/assets/textures/tank/E7U.png
20:56:02.232 [JavaFX Application Thread] DEBUG FXGLAssetLoaderServi - Loading from file system: file:/C:/Users/Hanz%20Chester%20Bacus/Desktop/New%20folder%20(2)/battle_tank/target/classes/assets/textures/tank/E9U.png
20:56:03.292 [JavaFX Application Thread] DEBUG FXGLAssetLoaderServi - Loading from file system: file:/C:/Users/Hanz%20Chester%20Bacus/Desktop/New%20folder%20(2)/battle_tank/target/classes/assets/sounds/normalFire.wav
20:56:03.295 [JavaFX Application Thread] DEBUG FXGLAssetLoaderServi - Loading from file system: file:/C:/Users/Hanz%20Chester%20Bacus/Desktop/New%20folder%20(2)/battle_tank/target/classes/assets/textures/bullet/normal.png
20:56:03.375 [JavaFX Application Thread] DEBUG FXGLAssetLoaderServi - Loading from file system: file:/C:/Users/Hanz%20Chester%20Bacus/Desktop/New%20folder%20(2)/battle_tank/target/classes/assets/sounds/normalBomb.wav
20:56:13.925 [JavaFX Application Thread] DEBUG FXGLAssetLoaderServi - Loading from file system: file:/C:/Users/Hanz%20Chester%20Bacus/Desktop/New%20folder%20(2)/battle_tank/target/classes/assets/textures/tank/E2U.png
20:56:13.928 [JavaFX Application Thread] DEBUG FXGLAssetLoaderServi - Loading from file system: file:/C:/Users/Hanz%20Chester%20Bacus/Desktop/New%20folder%20(2)/battle_tank/target/classes/assets/textures/tank/E11U.png
20:56:18.204 [JavaFX Application Thread] DEBUG FXGLAssetLoaderServi - Loading from file system: file:/C:/Users/Hanz%20Chester%20Bacus/Desktop/New%20folder%20(2)/battle_tank/target/classes/assets/textures/ui/GameOver.png
20:56:18.206 [JavaFX Application Thread] DEBUG PrimaryStageWindow   - Push state: FailedScene
20:56:18.206 [JavaFX Application Thread] DEBUG FXGLAssetLoaderServi - Loading from file system: file:/C:/Users/Hanz%20Chester%20Bacus/Desktop/New%20folder%20(2)/battle_tank/target/classes/assets/sounds/GameOver.wav
20:56:18.208 [JavaFX Application Thread] DEBUG Input                - Clearing active input actions
20:56:18.208 [JavaFX Application Thread] DEBUG GameApplicationServi - Removing overlay from GameScene and adding to FailedScene
20:56:18.208 [JavaFX Application Thread] DEBUG PrimaryStageWindow   - GameScene -> FailedScene
20:56:22.011 [JavaFX Application Thread] DEBUG PrimaryStageWindow   - Pop state: FailedScene
20:56:22.011 [JavaFX Application Thread] DEBUG Input                - Clearing active input actions
20:56:22.013 [JavaFX Application Thread] DEBUG GameApplicationServi - Removing overlay from FailedScene and adding to GameScene
20:56:22.013 [JavaFX Application Thread] DEBUG PrimaryStageWindow   - GameScene <- FailedScene
20:56:22.014 [JavaFX Application Thread] DEBUG Input                - Clearing active input actions
20:56:22.025 [JavaFX Application Thread] DEBUG GameApplicationServi - Removing overlay from GameScene and adding to FXGLMainMenuDummyScene
20:56:22.025 [JavaFX Application Thread] DEBUG PrimaryStageWindow   - GameScene -> FXGLMainMenuDummyScene
20:56:22.025 [JavaFX Application Thread] DEBUG PrimaryStageWindow   - Push state: GameMenu
20:56:22.025 [JavaFX Application Thread] DEBUG Input                - Clearing active input actions
20:56:22.027 [JavaFX Application Thread] DEBUG GameApplicationServi - Removing overlay from FXGLMainMenuDummyScene and adding to GameMenu
20:56:22.027 [JavaFX Application Thread] DEBUG PrimaryStageWindow   - FXGLMainMenuDummyScene -> GameMenu
20:56:23.937 [JavaFX Application Thread] DEBUG Menu                 - fireNewGame()
20:56:23.937 [JavaFX Application Thread] DEBUG GameApplicationServi - Starting new game
20:56:23.937 [JavaFX Application Thread] DEBUG PrimaryStageWindow   - Pop state: GameMenu
20:56:23.937 [JavaFX Application Thread] DEBUG Input                - Clearing active input actions
20:56:23.937 [JavaFX Application Thread] DEBUG GameApplicationServi - Removing overlay from GameMenu and adding to FXGLMainMenuDummyScene
20:56:23.937 [JavaFX Application Thread] DEBUG PrimaryStageWindow   - FXGLMainMenuDummyScene <- GameMenu
20:56:23.938 [JavaFX Application Thread] DEBUG Input                - Clearing active input actions
20:56:23.947 [JavaFX Application Thread] DEBUG GameApplicationServi - Removing overlay from FXGLMainMenuDummyScene and adding to GameLoadingScene
20:56:23.948 [JavaFX Application Thread] DEBUG PrimaryStageWindow   - FXGLMainMenuDummyScene -> GameLoadingScene
20:56:23.948 [JavaFX Application Thread] DEBUG GameApplicationServi - Clearing previous game
20:56:23.948 [JavaFX Application Thread] DEBUG GameScene            - Clearing game scene
20:56:23.948 [JavaFX Application Thread] DEBUG GameWorld            - Clearing game world
20:56:23.952 [JavaFX Application Thread] DEBUG PhysicsWorld         - Clearing physics world
20:56:23.952 [FXGL Background Thread 2 ] DEBUG FXGLApplication      - Initializing game
20:56:23.954 [FXGL Background Thread 2 ] INFO  FXGLApplication      - Game initialization took: 0.002 sec
20:56:23.954 [JavaFX Application Thread] DEBUG Input                - Clearing active input actions
20:56:23.961 [JavaFX Application Thread] DEBUG GameApplicationServi - Removing overlay from GameLoadingScene and adding to GameScene
20:56:23.961 [JavaFX Application Thread] DEBUG PrimaryStageWindow   - GameLoadingScene -> GameScene
20:56:25.474 [JavaFX Application Thread] WARN  TMXLevelLoader       - TiledMap generated from 1.8.4. Supported version: 1.4.2. Some features may not be parsed fully.
20:56:25.487 [JavaFX Application Thread] DEBUG TMXLevelLoader       - Parsed TiledMap: file:/C:/Users/Hanz%20Chester%20Bacus/Desktop/New%20folder%20(2)/battle_tank/target/classes/assets/levels/level1.tmx
20:56:25.487 [JavaFX Application Thread] DEBUG TMXLevelLoader       - Creating tile layer entities
20:56:25.487 [JavaFX Application Thread] DEBUG TMXLevelLoader       - Creating object layer entities
20:56:25.512 [JavaFX Application Thread] DEBUG GameWorld            - Clearing removable entities
20:56:25.512 [JavaFX Application Thread] DEBUG GameWorld            - Setting level: com.almasb.fxgl.entity.level.Level@1f2d5b73
20:56:25.516 [JavaFX Application Thread] DEBUG FXGLAssetLoaderServi - Loading from file system: file:/C:/Users/Hanz%20Chester%20Bacus/Desktop/New%20folder%20(2)/battle_tank/target/classes/assets/textures/tank/E12U.png
20:56:25.518 [JavaFX Application Thread] DEBUG FXGLAssetLoaderServi - Loading from file system: file:/C:/Users/Hanz%20Chester%20Bacus/Desktop/New%20folder%20(2)/battle_tank/target/classes/assets/textures/tank/E5U.png
20:56:31.532 [JavaFX Application Thread] DEBUG FXGLAssetLoaderServi - Loading from file system: file:/C:/Users/Hanz%20Chester%20Bacus/Desktop/New%20folder%20(2)/battle_tank/target/classes/assets/textures/tank/E10U.png
20:56:31.534 [JavaFX Application Thread] DEBUG FXGLAssetLoaderServi - Loading from file system: file:/C:/Users/Hanz%20Chester%20Bacus/Desktop/New%20folder%20(2)/battle_tank/target/classes/assets/textures/tank/E4U.png
20:56:32.237 [JavaFX Application Thread] DEBUG FXGLAssetLoaderServi - Loading from file system: file:/C:/Users/Hanz%20Chester%20Bacus/Desktop/New%20folder%20(2)/battle_tank/target/classes/assets/textures/item/gun.png
20:56:32.716 [JavaFX Application Thread] DEBUG FXGLAssetLoaderServi - Loading from file system: file:/C:/Users/Hanz%20Chester%20Bacus/Desktop/New%20folder%20(2)/battle_tank/target/classes/assets/textures/item/spade.png
20:56:35.021 [JavaFX Application Thread] DEBUG FXGLAssetLoaderServi - Loading from file system: file:/C:/Users/Hanz%20Chester%20Bacus/Desktop/New%20folder%20(2)/battle_tank/target/classes/assets/textures/item/star.png
20:56:37.514 [JavaFX Application Thread] DEBUG FXGLAssetLoaderServi - Loading from file system: file:/C:/Users/Hanz%20Chester%20Bacus/Desktop/New%20folder%20(2)/battle_tank/target/classes/assets/textures/tank/E1U.png
20:56:40.812 [JavaFX Application Thread] DEBUG FXGLAssetLoaderServi - Loading from file system: file:/C:/Users/Hanz%20Chester%20Bacus/Desktop/New%20folder%20(2)/battle_tank/target/classes/assets/textures/item/bomb.png
20:56:42.667 [JavaFX Application Thread] DEBUG FXGLAssetLoaderServi - Loading from file system: file:/C:/Users/Hanz%20Chester%20Bacus/Desktop/New%20folder%20(2)/battle_tank/target/classes/assets/textures/item/helmet.png
20:56:46.183 [JavaFX Application Thread] DEBUG FXGLApplication      - Exiting FXGL
20:56:46.185 [JavaFX Application Thread] DEBUG LoopRunner           - Stopping loop
20:56:46.185 [JavaFX Application Thread] DEBUG SystemBundleService  - Saving FXGL system data
20:56:46.188 [JavaFX Application Thread] DEBUG FileSystemAccess     - Writing to: C:\Users\Hanz Chester Bacus\Desktop\New folder (2)\battle_tank\system\fxgl.bundle
20:56:46.191 [JavaFX Application Thread] DEBUG Async                - Shutting down background threads
20:56:46.191 [JavaFX Application Thread] DEBUG PrimaryStageWindow   - Closing main window
20:56:46.203 [JavaFX Application Thread] DEBUG Logger               - Closing Logger
