16:14:03.209 [main                     ] DEBUG Logger               - Configured Logger
16:14:03.228 [main                     ] DEBUG GameApplication      - Logging settings
Title: 90 Tank
Version: Version 0.3
Width: 816
Height: 672
Fullscreen: false
Intro: false
Profiling: false
Single step:false
App Mode: DEVELOPER
Menu Key: ESCAPE
Stage Style: DECORATED
Scene Factory: class com.leewyatt.github.tank.TankApp$1

16:14:03.516 [JavaFX Application Thread] DEBUG FXGLApplication      - Initializing FXGL
16:14:03.519 [JavaFX Application Thread] INFO  Engine               - FXGL-17.1 (24.03.2022 17.34) on WINDOWS (J:22.0.1 FX:18)
16:14:03.519 [JavaFX Application Thread] DEBUG Engine               - JRE Vendor Name: Oracle Corporation
16:14:03.520 [JavaFX Application Thread] DEBUG Engine               - Running on OS: Windows 11 version 10.0
16:14:03.520 [JavaFX Application Thread] DEBUG Engine               - Architecture: amd64
16:14:03.520 [JavaFX Application Thread] INFO  Engine               - Source code and latest versions at: https://github.com/AlmasB/FXGL
16:14:03.520 [JavaFX Application Thread] INFO  Engine               -       Ask questions and discuss at: https://github.com/AlmasB/FXGL/discussions
16:14:03.520 [JavaFX Application Thread] INFO  Engine               -              Join the FXGL chat at: https://gitter.im/AlmasB/FXGL
16:14:03.614 [JavaFX Application Thread] DEBUG PrimaryStageWindow   - Creating a JavaFX scene
16:14:03.647 [JavaFX Application Thread] DEBUG PrimaryStageWindow   - Target settings size: 816.0 x 672.0
16:14:03.647 [JavaFX Application Thread] DEBUG PrimaryStageWindow   - Scaled scene size:    816.0 x 672.0
16:14:03.648 [JavaFX Application Thread] DEBUG PrimaryStageWindow   - Scaled ratio: (1.0, 1.0)
16:14:03.649 [JavaFX Application Thread] DEBUG PrimaryStageWindow   - Set initial scene to GameStartupScene
16:14:03.653 [JavaFX Application Thread] DEBUG PrimaryStageWindow   - Opening main window
16:14:03.730 [JavaFX Application Thread] DEBUG PrimaryStageWindow   - Window border size: (14.4000244140625, 37.5999755859375)
16:14:03.730 [JavaFX Application Thread] DEBUG PrimaryStageWindow   - Scaled size: 816.0 x 672.0
16:14:03.730 [JavaFX Application Thread] DEBUG PrimaryStageWindow   - Scaled ratio: (1.0, 1.0)
16:14:03.731 [JavaFX Application Thread] DEBUG PrimaryStageWindow   - Scene size: 816.0 x 672.0
16:14:03.731 [JavaFX Application Thread] DEBUG PrimaryStageWindow   - Stage size: 830.4000244140625 x 709.5999755859375
16:14:03.737 [FXGL Background Thread 1 ] DEBUG Engine               - Initializing environment variables
16:14:03.775 [FXGL Background Thread 1 ] DEBUG FXGLAssetLoaderServi - User app class for loading assets: class com.leewyatt.github.tank.TankApp
16:14:03.775 [FXGL Background Thread 1 ] DEBUG GameApplicationServi - Applying CSS: fxgl_dark.css
16:14:03.775 [FXGL Background Thread 1 ] DEBUG FXGLAssetLoaderServi - Loading from file system: jar:file:///C:/Users/Hanz%20Chester%20Bacus/.m2/repository/com/github/almasb/fxgl/17.1/fxgl-17.1.jar!/fxglassets/ui/css/fxgl_dark.css
16:14:03.792 [FXGL Background Thread 1 ] DEBUG GameApplicationServi - Applying CSS: tankApp.css
16:14:03.794 [FXGL Background Thread 1 ] DEBUG FXGLAssetLoaderServi - Loading from file system: file:/C:/Users/Hanz%20Chester%20Bacus/Desktop/New%20folder%20(2)/FXGL_Tank/target/classes/assets/ui/css/tankApp.css
16:14:03.795 [FXGL Background Thread 1 ] DEBUG GameApplicationServi - Initializing application scenes
16:14:03.799 [FXGL Background Thread 1 ] DEBUG GameWorld            - Game world initialized
16:14:03.848 [FXGL Background Thread 1 ] DEBUG PhysicsWorld         - Physics world initialized: appHeight=672, physics.ppm=50.0
16:14:03.848 [FXGL Background Thread 1 ] DEBUG PhysicsWorld         - Using strategy: BRUTE_FORCE
16:14:03.852 [FXGL Background Thread 1 ] DEBUG GameScene            - Game scene initialized: 816x672
16:14:03.854 [FXGL Background Thread 1 ] DEBUG FXGLAssetLoaderServi - Loading from file system: file:/C:/Users/Hanz%20Chester%20Bacus/Desktop/New%20folder%20(2)/FXGL_Tank/target/classes/assets/textures/ui/mbbc_start.png
16:14:03.871 [FXGL Background Thread 1 ] DEBUG FXGLAssetLoaderServi - Loading from file system: file:/C:/Users/Hanz%20Chester%20Bacus/Desktop/New%20folder%20(2)/FXGL_Tank/target/classes/assets/textures/ui/icon.png
16:14:03.882 [FXGL Background Thread 1 ] DEBUG FXGLAssetLoaderServi - Loading from file system: file:/C:/Users/Hanz%20Chester%20Bacus/Desktop/New%20folder%20(2)/FXGL_Tank/target/classes/assets/textures/ui/tankLoading.png
16:14:03.896 [FXGL Background Thread 1 ] DEBUG FXGLAssetLoaderServi - Loading from file system: file:/C:/Users/Hanz%20Chester%20Bacus/Desktop/New%20folder%20(2)/FXGL_Tank/target/classes/assets/textures/ui/mbbc_logo.png
16:14:03.924 [FXGL Background Thread 1 ] DEBUG FXGL.DefaultMenu     - createMenuBodyGameMenu()
16:14:03.932 [FXGL Background Thread 1 ] DEBUG FXGL.DefaultMenu     - createOptionsMenu()
16:14:03.938 [FXGL Background Thread 1 ] DEBUG FXGLAssetLoaderServi - Loading from file system: jar:file:///C:/Users/Hanz%20Chester%20Bacus/.m2/repository/com/github/almasb/fxgl/17.1/fxgl-17.1.jar!/fxglassets/textures/particles/smoke.png
16:14:04.002 [FXGL Background Thread 1 ] DEBUG FXGLAssetLoaderServi - Loading from file system: jar:file:///C:/Users/Hanz%20Chester%20Bacus/.m2/repository/com/github/almasb/fxgl/17.1/fxgl-17.1.jar!/fxglassets/textures/particles/trace_horizontal.png
16:14:04.013 [FXGL Background Thread 1 ] DEBUG GameApplicationServi - Application scenes initialized
16:14:04.025 [FXGL Background Thread 1 ] DEBUG SystemBundleService  - Loading FXGL system data
16:14:04.029 [FXGL Background Thread 1 ] DEBUG FileSystemAccess     - Reading from: C:\Users\Hanz Chester Bacus\Desktop\New folder (2)\FXGL_Tank\system\fxgl.bundle
16:14:04.035 [FXGL Background Thread 1 ] DEBUG SystemBundleService  - Bundle FXGL: {}
16:14:04.036 [FXGL Background Thread 1 ] DEBUG UpdaterService       - Checking for updates
16:14:04.041 [FXGL Background Thread 4 ] DEBUG FXGLApplication      - Loading fonts
16:14:04.041 [FXGL Background Thread 4 ] DEBUG FXGLAssetLoaderServi - Loading from file system: jar:file:///C:/Users/Hanz%20Chester%20Bacus/.m2/repository/com/github/almasb/fxgl/17.1/fxgl-17.1.jar!/fxglassets/ui/fonts/VarelaRound-Regular.ttf
16:14:04.041 [FXGL Background Thread 1 ] DEBUG FXGLApplication      - Loading default localization
16:14:04.042 [FXGL Background Thread 1 ] DEBUG FXGLAssetLoaderServi - Loading from file system: jar:file:///C:/Users/Hanz%20Chester%20Bacus/.m2/repository/com/github/almasb/fxgl/17.1/fxgl-17.1.jar!/fxglassets/languages/english.lang
16:14:04.079 [FXGL Background Thread 1 ] INFO  FXGLApplication      - FXGL initialization took: 0.341 sec
16:14:04.083 [FXGL Background Thread 4 ] DEBUG FXGLAssetLoaderServi - Loading from file system: jar:file:///C:/Users/Hanz%20Chester%20Bacus/.m2/repository/com/github/almasb/fxgl/17.1/fxgl-17.1.jar!/fxglassets/ui/fonts/Abel-Regular.ttf
16:14:04.087 [JavaFX Application Thread] DEBUG Input                - Registered new binding: action0 - W
16:14:04.088 [JavaFX Application Thread] DEBUG Input                - Registered new binding: action1 - Up
16:14:04.088 [JavaFX Application Thread] DEBUG Input                - Registered new binding: action2 - S
16:14:04.088 [JavaFX Application Thread] DEBUG Input                - Registered new binding: action3 - Down
16:14:04.089 [JavaFX Application Thread] DEBUG Input                - Registered new binding: action4 - A
16:14:04.089 [JavaFX Application Thread] DEBUG Input                - Registered new binding: action5 - Left
16:14:04.089 [JavaFX Application Thread] DEBUG Input                - Registered new binding: action6 - D
16:14:04.089 [JavaFX Application Thread] DEBUG Input                - Registered new binding: action7 - Right
16:14:04.089 [JavaFX Application Thread] DEBUG Input                - Registered new binding: action8 - Space
16:14:04.089 [JavaFX Application Thread] DEBUG Input                - Registered new binding: action9 - F
16:14:04.091 [FXGL Background Thread 4 ] DEBUG FXGLAssetLoaderServi - Loading from file system: jar:file:///C:/Users/Hanz%20Chester%20Bacus/.m2/repository/com/github/almasb/fxgl/17.1/fxgl-17.1.jar!/fxglassets/ui/fonts/TerminalLandMono-Regular.otf
16:14:04.092 [JavaFX Application Thread] DEBUG FXGLAssetLoaderServi - Loading from file system: file:/C:/Users/Hanz%20Chester%20Bacus/Desktop/New%20folder%20(2)/FXGL_Tank/target/classes/assets/textures/ui/cursor.png
16:14:04.094 [JavaFX Application Thread] DEBUG Input                - Registered new binding: Screenshot - CTRL+8
16:14:04.095 [JavaFX Application Thread] DEBUG Input                - Registered new binding: System info dump - CTRL+9
16:14:04.097 [JavaFX Application Thread] DEBUG Input                - Registered new binding: Restart - CTRL+R
16:14:04.098 [FXGL Background Thread 4 ] DEBUG FXGLAssetLoaderServi - Loading from file system: jar:file:///C:/Users/Hanz%20Chester%20Bacus/.m2/repository/com/github/almasb/fxgl/17.1/fxgl-17.1.jar!/fxglassets/ui/fonts/Courier-Prime.ttf
16:14:04.098 [JavaFX Application Thread] DEBUG Input                - Registered new binding: Toggle Debug Camera - CTRL+7
16:14:04.100 [JavaFX Application Thread] DEBUG LoopRunner           - Starting loop
16:14:04.100 [JavaFX Application Thread] DEBUG LoopRunner           - Initializing JavaFX AnimationTimerLoop
16:14:04.102 [JavaFX Application Thread] DEBUG Input                - Clearing active input actions
16:14:04.109 [JavaFX Application Thread] DEBUG GameApplicationServi - Removing overlay from GameStartupScene and adding to FXGLMainMenuDummyScene
16:14:04.109 [JavaFX Application Thread] DEBUG PrimaryStageWindow   - GameStartupScene -> FXGLMainMenuDummyScene
16:14:04.109 [JavaFX Application Thread] DEBUG PrimaryStageWindow   - Push state: GameMainMenu
16:14:04.110 [JavaFX Application Thread] DEBUG FXGLAssetLoaderServi - Loading from file system: file:/C:/Users/Hanz%20Chester%20Bacus/Desktop/New%20folder%20(2)/FXGL_Tank/target/classes/assets/sounds/mainMenuLoad.wav
16:14:04.170 [JavaFX Application Thread] DEBUG Input                - Clearing active input actions
16:14:04.175 [JavaFX Application Thread] DEBUG GameApplicationServi - Removing overlay from FXGLMainMenuDummyScene and adding to GameMainMenu
16:14:04.176 [JavaFX Application Thread] DEBUG PrimaryStageWindow   - FXGLMainMenuDummyScene -> GameMainMenu
16:14:04.178 [JavaFX Application Thread] DEBUG FXGLApplication      - Registering font factories with UI factory
16:14:04.841 [FXGL Background Thread 2 ] INFO  UpdaterService       - Your current version:  17.1
16:14:04.841 [FXGL Background Thread 2 ] INFO  UpdaterService       - Latest stable version: 21.1
16:14:06.178 [JavaFX Application Thread] DEBUG FXGLAssetLoaderServi - Loading from file system: file:/C:/Users/Hanz%20Chester%20Bacus/Desktop/New%20folder%20(2)/FXGL_Tank/target/classes/assets/sounds/mainMenuHover.wav
16:14:06.273 [JavaFX Application Thread] DEBUG FXGLApplication      - Exiting FXGL
16:14:06.275 [JavaFX Application Thread] DEBUG LoopRunner           - Stopping loop
16:14:06.275 [JavaFX Application Thread] DEBUG SystemBundleService  - Saving FXGL system data
16:14:06.278 [JavaFX Application Thread] DEBUG FileSystemAccess     - Writing to: C:\Users\Hanz Chester Bacus\Desktop\New folder (2)\FXGL_Tank\system\fxgl.bundle
16:14:06.283 [JavaFX Application Thread] DEBUG Async                - Shutting down background threads
16:14:06.283 [JavaFX Application Thread] DEBUG PrimaryStageWindow   - Closing main window
16:14:06.298 [JavaFX Application Thread] DEBUG Logger               - Closing Logger
