20:40:00.353 [main                     ] DEBUG Logger               - Configured Logger
20:40:00.386 [main                     ] DEBUG GameApplication      - Logging settings
Title: 90 Tank
Version: Version 0.3
Width: 816
Height: 672
Fullscreen: false
Intro: false
Profiling: false
Single step:false
App Mode: DEVELOPER
Menu Key: ESCAPE
Stage Style: DECORATED
Scene Factory: class com.leewyatt.github.tank.TankApp$1

20:40:00.811 [JavaFX Application Thread] DEBUG FXGLApplication      - Initializing FXGL
20:40:00.816 [JavaFX Application Thread] INFO  Engine               - FXGL-17.1 (24.03.2022 17.34) on WINDOWS (J:22.0.1 FX:18)
20:40:00.816 [JavaFX Application Thread] DEBUG Engine               - JRE Vendor Name: Oracle Corporation
20:40:00.817 [JavaFX Application Thread] DEBUG Engine               - Running on OS: Windows 11 version 10.0
20:40:00.817 [JavaFX Application Thread] DEBUG Engine               - Architecture: amd64
20:40:00.817 [JavaFX Application Thread] INFO  Engine               - Source code and latest versions at: https://github.com/AlmasB/FXGL
20:40:00.817 [JavaFX Application Thread] INFO  Engine               -       Ask questions and discuss at: https://github.com/AlmasB/FXGL/discussions
20:40:00.817 [JavaFX Application Thread] INFO  Engine               -              Join the FXGL chat at: https://gitter.im/AlmasB/FXGL
20:40:00.974 [JavaFX Application Thread] DEBUG PrimaryStageWindow   - Creating a JavaFX scene
20:40:01.039 [JavaFX Application Thread] DEBUG PrimaryStageWindow   - Target settings size: 816.0 x 672.0
20:40:01.039 [JavaFX Application Thread] DEBUG PrimaryStageWindow   - Scaled scene size:    816.0 x 672.0
20:40:01.040 [JavaFX Application Thread] DEBUG PrimaryStageWindow   - Scaled ratio: (1.0, 1.0)
20:40:01.042 [JavaFX Application Thread] DEBUG PrimaryStageWindow   - Set initial scene to GameStartupScene
20:40:01.049 [JavaFX Application Thread] DEBUG PrimaryStageWindow   - Opening main window
20:40:01.177 [JavaFX Application Thread] DEBUG PrimaryStageWindow   - Window border size: (14.4000244140625, 37.5999755859375)
20:40:01.177 [JavaFX Application Thread] DEBUG PrimaryStageWindow   - Scaled size: 816.0 x 672.0
20:40:01.178 [JavaFX Application Thread] DEBUG PrimaryStageWindow   - Scaled ratio: (1.0, 1.0)
20:40:01.178 [JavaFX Application Thread] DEBUG PrimaryStageWindow   - Scene size: 816.0 x 672.0
20:40:01.178 [JavaFX Application Thread] DEBUG PrimaryStageWindow   - Stage size: 830.4000244140625 x 709.5999755859375
20:40:01.188 [FXGL Background Thread 1 ] DEBUG Engine               - Initializing environment variables
20:40:01.257 [FXGL Background Thread 1 ] DEBUG FXGLAssetLoaderServi - User app class for loading assets: class com.leewyatt.github.tank.TankApp
20:40:01.257 [FXGL Background Thread 1 ] DEBUG GameApplicationServi - Applying CSS: fxgl_dark.css
20:40:01.258 [FXGL Background Thread 1 ] DEBUG FXGLAssetLoaderServi - Loading from file system: jar:file:///C:/Users/Hanz%20Chester%20Bacus/.m2/repository/com/github/almasb/fxgl/17.1/fxgl-17.1.jar!/fxglassets/ui/css/fxgl_dark.css
20:40:01.288 [FXGL Background Thread 1 ] DEBUG GameApplicationServi - Applying CSS: tankApp.css
20:40:01.288 [FXGL Background Thread 1 ] DEBUG FXGLAssetLoaderServi - Loading from file system: file:/C:/Users/Hanz%20Chester%20Bacus/Desktop/New%20folder%20(2)/battle_tank/target/classes/assets/ui/css/tankApp.css
20:40:01.293 [FXGL Background Thread 1 ] DEBUG GameApplicationServi - Initializing application scenes
20:40:01.309 [FXGL Background Thread 1 ] DEBUG GameWorld            - Game world initialized
20:40:01.371 [FXGL Background Thread 1 ] DEBUG PhysicsWorld         - Physics world initialized: appHeight=672, physics.ppm=50.0
20:40:01.371 [FXGL Background Thread 1 ] DEBUG PhysicsWorld         - Using strategy: BRUTE_FORCE
20:40:01.375 [FXGL Background Thread 1 ] DEBUG GameScene            - Game scene initialized: 816x672
20:40:01.378 [FXGL Background Thread 1 ] DEBUG FXGLAssetLoaderServi - Loading from file system: file:/C:/Users/Hanz%20Chester%20Bacus/Desktop/New%20folder%20(2)/battle_tank/target/classes/assets/textures/ui/mbbc_start.png
20:40:01.397 [FXGL Background Thread 1 ] DEBUG FXGLAssetLoaderServi - Loading from file system: file:/C:/Users/Hanz%20Chester%20Bacus/Desktop/New%20folder%20(2)/battle_tank/target/classes/assets/textures/ui/icon.png
20:40:01.414 [FXGL Background Thread 1 ] DEBUG FXGLAssetLoaderServi - Loading from file system: file:/C:/Users/Hanz%20Chester%20Bacus/Desktop/New%20folder%20(2)/battle_tank/target/classes/assets/textures/ui/tankLoading.png
20:40:01.436 [FXGL Background Thread 1 ] DEBUG FXGLAssetLoaderServi - Loading from file system: file:/C:/Users/Hanz%20Chester%20Bacus/Desktop/New%20folder%20(2)/battle_tank/target/classes/assets/textures/ui/mbbc_logo.png
20:40:01.481 [FXGL Background Thread 1 ] DEBUG FXGL.DefaultMenu     - createMenuBodyGameMenu()
20:40:01.493 [FXGL Background Thread 1 ] DEBUG FXGL.DefaultMenu     - createOptionsMenu()
20:40:01.500 [FXGL Background Thread 1 ] DEBUG FXGLAssetLoaderServi - Loading from file system: jar:file:///C:/Users/Hanz%20Chester%20Bacus/.m2/repository/com/github/almasb/fxgl/17.1/fxgl-17.1.jar!/fxglassets/textures/particles/smoke.png
20:40:01.598 [FXGL Background Thread 1 ] DEBUG FXGLAssetLoaderServi - Loading from file system: jar:file:///C:/Users/Hanz%20Chester%20Bacus/.m2/repository/com/github/almasb/fxgl/17.1/fxgl-17.1.jar!/fxglassets/textures/particles/trace_horizontal.png
20:40:01.623 [FXGL Background Thread 1 ] DEBUG GameApplicationServi - Application scenes initialized
20:40:01.640 [FXGL Background Thread 1 ] DEBUG SystemBundleService  - Loading FXGL system data
20:40:01.645 [FXGL Background Thread 1 ] DEBUG FileSystemAccess     - Reading from: C:\Users\Hanz Chester Bacus\Desktop\New folder (2)\battle_tank\system\fxgl.bundle
20:40:01.657 [FXGL Background Thread 1 ] DEBUG SystemBundleService  - Bundle FXGL: {}
20:40:01.657 [FXGL Background Thread 1 ] DEBUG UpdaterService       - Checking for updates
20:40:01.666 [FXGL Background Thread 4 ] DEBUG FXGLApplication      - Loading fonts
20:40:01.666 [FXGL Background Thread 1 ] DEBUG FXGLApplication      - Loading default localization
20:40:01.666 [FXGL Background Thread 4 ] DEBUG FXGLAssetLoaderServi - Loading from file system: jar:file:///C:/Users/Hanz%20Chester%20Bacus/.m2/repository/com/github/almasb/fxgl/17.1/fxgl-17.1.jar!/fxglassets/ui/fonts/VarelaRound-Regular.ttf
20:40:01.667 [FXGL Background Thread 1 ] DEBUG FXGLAssetLoaderServi - Loading from file system: jar:file:///C:/Users/Hanz%20Chester%20Bacus/.m2/repository/com/github/almasb/fxgl/17.1/fxgl-17.1.jar!/fxglassets/languages/english.lang
20:40:01.721 [FXGL Background Thread 1 ] INFO  FXGLApplication      - FXGL initialization took: 0.532 sec
20:40:01.726 [FXGL Background Thread 4 ] DEBUG FXGLAssetLoaderServi - Loading from file system: jar:file:///C:/Users/Hanz%20Chester%20Bacus/.m2/repository/com/github/almasb/fxgl/17.1/fxgl-17.1.jar!/fxglassets/ui/fonts/Abel-Regular.ttf
20:40:01.740 [FXGL Background Thread 4 ] DEBUG FXGLAssetLoaderServi - Loading from file system: jar:file:///C:/Users/Hanz%20Chester%20Bacus/.m2/repository/com/github/almasb/fxgl/17.1/fxgl-17.1.jar!/fxglassets/ui/fonts/TerminalLandMono-Regular.otf
20:40:01.740 [JavaFX Application Thread] DEBUG Input                - Registered new binding: action0 - W
20:40:01.741 [JavaFX Application Thread] DEBUG Input                - Registered new binding: action1 - Up
20:40:01.741 [JavaFX Application Thread] DEBUG Input                - Registered new binding: action2 - S
20:40:01.742 [JavaFX Application Thread] DEBUG Input                - Registered new binding: action3 - Down
20:40:01.743 [JavaFX Application Thread] DEBUG Input                - Registered new binding: action4 - A
20:40:01.743 [JavaFX Application Thread] DEBUG Input                - Registered new binding: action5 - Left
20:40:01.744 [JavaFX Application Thread] DEBUG Input                - Registered new binding: action6 - D
20:40:01.745 [JavaFX Application Thread] DEBUG Input                - Registered new binding: action7 - Right
20:40:01.745 [JavaFX Application Thread] DEBUG Input                - Registered new binding: action8 - Space
20:40:01.745 [JavaFX Application Thread] DEBUG Input                - Registered new binding: action9 - F
20:40:01.752 [JavaFX Application Thread] DEBUG FXGLAssetLoaderServi - Loading from file system: file:/C:/Users/Hanz%20Chester%20Bacus/Desktop/New%20folder%20(2)/battle_tank/target/classes/assets/textures/ui/cursor.png
20:40:01.754 [FXGL Background Thread 4 ] DEBUG FXGLAssetLoaderServi - Loading from file system: jar:file:///C:/Users/Hanz%20Chester%20Bacus/.m2/repository/com/github/almasb/fxgl/17.1/fxgl-17.1.jar!/fxglassets/ui/fonts/Courier-Prime.ttf
20:40:01.757 [JavaFX Application Thread] DEBUG Input                - Registered new binding: Screenshot - CTRL+8
20:40:01.758 [JavaFX Application Thread] DEBUG Input                - Registered new binding: System info dump - CTRL+9
20:40:01.759 [JavaFX Application Thread] DEBUG Input                - Registered new binding: Restart - CTRL+R
20:40:01.762 [JavaFX Application Thread] DEBUG Input                - Registered new binding: Toggle Debug Camera - CTRL+7
20:40:01.769 [JavaFX Application Thread] DEBUG LoopRunner           - Starting loop
20:40:01.769 [JavaFX Application Thread] DEBUG LoopRunner           - Initializing JavaFX AnimationTimerLoop
20:40:01.774 [JavaFX Application Thread] DEBUG Input                - Clearing active input actions
20:40:01.782 [JavaFX Application Thread] DEBUG GameApplicationServi - Removing overlay from GameStartupScene and adding to FXGLMainMenuDummyScene
20:40:01.783 [JavaFX Application Thread] DEBUG PrimaryStageWindow   - GameStartupScene -> FXGLMainMenuDummyScene
20:40:01.783 [JavaFX Application Thread] DEBUG PrimaryStageWindow   - Push state: GameMenu
20:40:01.784 [JavaFX Application Thread] DEBUG FXGLAssetLoaderServi - Loading from file system: file:/C:/Users/Hanz%20Chester%20Bacus/Desktop/New%20folder%20(2)/battle_tank/target/classes/assets/sounds/mainMenuLoad.wav
20:40:01.905 [JavaFX Application Thread] DEBUG Input                - Clearing active input actions
20:40:01.918 [JavaFX Application Thread] DEBUG GameApplicationServi - Removing overlay from FXGLMainMenuDummyScene and adding to GameMenu
20:40:01.919 [JavaFX Application Thread] DEBUG PrimaryStageWindow   - FXGLMainMenuDummyScene -> GameMenu
20:40:02.047 [JavaFX Application Thread] DEBUG FXGLApplication      - Registering font factories with UI factory
20:40:02.403 [FXGL Background Thread 2 ] INFO  UpdaterService       - Your current version:  17.1
20:40:02.403 [FXGL Background Thread 2 ] INFO  UpdaterService       - Latest stable version: 21.1
20:40:03.907 [JavaFX Application Thread] DEBUG FXGLAssetLoaderServi - Loading from file system: file:/C:/Users/Hanz%20Chester%20Bacus/Desktop/New%20folder%20(2)/battle_tank/target/classes/assets/sounds/mainMenuHover.wav
20:40:04.585 [JavaFX Application Thread] DEBUG FXGLAssetLoaderServi - Loading from file system: file:/C:/Users/Hanz%20Chester%20Bacus/Desktop/New%20folder%20(2)/battle_tank/target/classes/assets/sounds/select.wav
20:40:04.589 [JavaFX Application Thread] DEBUG Menu                 - fireNewGame()
20:40:04.589 [JavaFX Application Thread] DEBUG GameApplicationServi - Starting new game
20:40:04.590 [JavaFX Application Thread] DEBUG PrimaryStageWindow   - Pop state: GameMenu
20:40:04.590 [JavaFX Application Thread] DEBUG Input                - Clearing active input actions
20:40:04.590 [JavaFX Application Thread] DEBUG GameApplicationServi - Removing overlay from GameMenu and adding to FXGLMainMenuDummyScene
20:40:04.591 [JavaFX Application Thread] DEBUG PrimaryStageWindow   - FXGLMainMenuDummyScene <- GameMenu
20:40:04.591 [JavaFX Application Thread] DEBUG Input                - Clearing active input actions
20:40:04.598 [JavaFX Application Thread] DEBUG GameApplicationServi - Removing overlay from FXGLMainMenuDummyScene and adding to GameLoadingScene
20:40:04.598 [JavaFX Application Thread] DEBUG PrimaryStageWindow   - FXGLMainMenuDummyScene -> GameLoadingScene
20:40:04.598 [JavaFX Application Thread] DEBUG GameApplicationServi - Clearing previous game
20:40:04.598 [JavaFX Application Thread] DEBUG GameScene            - Clearing game scene
20:40:04.598 [JavaFX Application Thread] DEBUG GameWorld            - Clearing game world
20:40:04.598 [JavaFX Application Thread] DEBUG PhysicsWorld         - Clearing physics world
20:40:04.600 [FXGL Background Thread 2 ] DEBUG FXGLApplication      - Initializing game
20:40:04.604 [FXGL Background Thread 2 ] DEBUG FXGLAssetLoaderServi - Loading from file system: file:/C:/Users/Hanz%20Chester%20Bacus/Desktop/New%20folder%20(2)/battle_tank/target/classes/assets/properties/game.properties
20:40:04.610 [FXGL Background Thread 2 ] DEBUG FXGLAssetLoaderServi - Loading from file system: file:/C:/Users/Hanz%20Chester%20Bacus/Desktop/New%20folder%20(2)/battle_tank/target/classes/assets/textures/map/stone.png
20:40:04.611 [FXGL Background Thread 2 ] DEBUG FXGLAssetLoaderServi - Loading from file system: file:/C:/Users/Hanz%20Chester%20Bacus/Desktop/New%20folder%20(2)/battle_tank/target/classes/assets/textures/map/brick.png
20:40:04.625 [FXGL Background Thread 2 ] DEBUG FXGLAssetLoaderServi - Loading from file system: file:/C:/Users/Hanz%20Chester%20Bacus/Desktop/New%20folder%20(2)/battle_tank/target/classes/assets/textures/map/sea_anim.png
20:40:04.627 [FXGL Background Thread 2 ] DEBUG FXGLAssetLoaderServi - Loading from file system: file:/C:/Users/Hanz%20Chester%20Bacus/Desktop/New%20folder%20(2)/battle_tank/target/classes/assets/textures/explode/explode_level_2.png
20:40:04.634 [FXGL Background Thread 2 ] INFO  FXGLApplication      - Game initialization took: 0.033 sec
20:40:04.636 [JavaFX Application Thread] DEBUG Input                - Clearing active input actions
20:40:04.646 [JavaFX Application Thread] DEBUG GameApplicationServi - Removing overlay from GameLoadingScene and adding to GameScene
20:40:04.646 [JavaFX Application Thread] DEBUG PrimaryStageWindow   - GameLoadingScene -> GameScene
20:40:04.662 [FXGL Background Thread 3 ] DEBUG Engine               - Logging environment variables
20:40:04.662 [FXGL Background Thread 3 ] DEBUG Engine               - achievements: []
20:40:04.663 [FXGL Background Thread 3 ] DEBUG Engine               - actualHeight: 672.0
20:40:04.663 [FXGL Background Thread 3 ] DEBUG Engine               - actualHeightProperty: ReadOnlyDoubleProperty [value: 672.0]
20:40:04.663 [FXGL Background Thread 3 ] DEBUG Engine               - actualWidth: 816.0
20:40:04.663 [FXGL Background Thread 3 ] DEBUG Engine               - actualWidthProperty: ReadOnlyDoubleProperty [value: 816.0]
20:40:04.663 [FXGL Background Thread 3 ] DEBUG Engine               - appIcon: ui/icon.png
20:40:04.663 [FXGL Background Thread 3 ] DEBUG Engine               - applicationMode: DEVELOPER
20:40:04.663 [FXGL Background Thread 3 ] DEBUG Engine               - cSSList: [fxgl_dark.css, tankApp.css]
20:40:04.663 [FXGL Background Thread 3 ] DEBUG Engine               - collisionDetectionStrategy: BRUTE_FORCE
20:40:04.663 [FXGL Background Thread 3 ] DEBUG Engine               - configClass: Optional.empty
20:40:04.663 [FXGL Background Thread 3 ] DEBUG Engine               - credits: []
20:40:04.663 [FXGL Background Thread 3 ] DEBUG Engine               - defaultCursor: CursorInfo(imageName=ui/cursor.png, hotspotX=0.0, hotspotY=0.0)
20:40:04.663 [FXGL Background Thread 3 ] DEBUG Engine               - devBBoxColorProperty: ObjectProperty [value: 0xff0000ff]
20:40:04.663 [FXGL Background Thread 3 ] DEBUG Engine               - devEnableDebugCameraProperty: BooleanProperty [value: false]
20:40:04.663 [FXGL Background Thread 3 ] DEBUG Engine               - devSensorColorProperty: ObjectProperty [value: 0xffff00ff]
20:40:04.663 [FXGL Background Thread 3 ] DEBUG Engine               - devShowBBoxProperty: BooleanProperty [value: false]
20:40:04.663 [FXGL Background Thread 3 ] DEBUG Engine               - devShowPositionProperty: BooleanProperty [value: false]
20:40:04.663 [FXGL Background Thread 3 ] DEBUG Engine               - enabledMenuItems: []
20:40:04.663 [FXGL Background Thread 3 ] DEBUG Engine               - engineServices: [class com.almasb.fxgl.app.services.FXGLAssetLoaderService, class com.almasb.fxgl.app.FXGLApplication$GameApplicationService, class com.almasb.fxgl.app.services.FXGLDialogService, class com.almasb.fxgl.app.services.IOTaskExecutorService, class com.almasb.fxgl.io.FileSystemService, class com.almasb.fxgl.localization.LocalizationService, class com.almasb.fxgl.app.services.SystemBundleService, class com.almasb.fxgl.profile.SaveLoadService, class com.almasb.fxgl.ui.FXGLUIFactoryServiceProvider, class com.almasb.fxgl.ui.FXGLDialogFactoryServiceProvider, class com.almasb.fxgl.audio.AudioPlayer, class com.almasb.fxgl.notification.impl.NotificationServiceProvider, class com.almasb.fxgl.achievement.AchievementService, class com.almasb.fxgl.cutscene.CutsceneService, class com.almasb.fxgl.minigames.MiniGameService, class com.almasb.fxgl.net.NetService, class com.almasb.fxgl.app.services.UpdaterService, class com.almasb.fxgl.dev.DevService]
20:40:04.663 [FXGL Background Thread 3 ] DEBUG Engine               - fontGame: Abel-Regular.ttf
20:40:04.664 [FXGL Background Thread 3 ] DEBUG Engine               - fontMono: TerminalLandMono-Regular.otf
20:40:04.664 [FXGL Background Thread 3 ] DEBUG Engine               - fontText: Courier-Prime.ttf
20:40:04.664 [FXGL Background Thread 3 ] DEBUG Engine               - fontUI: VarelaRound-Regular.ttf
20:40:04.664 [FXGL Background Thread 3 ] DEBUG Engine               - fullScreen: BooleanProperty [value: false]
20:40:04.664 [FXGL Background Thread 3 ] DEBUG Engine               - gameDifficulty: MEDIUM
20:40:04.664 [FXGL Background Thread 3 ] DEBUG Engine               - gameDifficultyProperty: ObjectProperty [value: MEDIUM]
20:40:04.664 [FXGL Background Thread 3 ] DEBUG Engine               - globalMusicVolume: 0.5
20:40:04.664 [FXGL Background Thread 3 ] DEBUG Engine               - globalMusicVolumeProperty: DoubleProperty [value: 0.5]
20:40:04.664 [FXGL Background Thread 3 ] DEBUG Engine               - globalSoundVolume: 0.5
20:40:04.664 [FXGL Background Thread 3 ] DEBUG Engine               - globalSoundVolumeProperty: DoubleProperty [value: 0.5]
20:40:04.664 [FXGL Background Thread 3 ] DEBUG Engine               - height: 672
20:40:04.664 [FXGL Background Thread 3 ] DEBUG Engine               - is3D: false
20:40:04.664 [FXGL Background Thread 3 ] DEBUG Engine               - isAndroid: false
20:40:04.664 [FXGL Background Thread 3 ] DEBUG Engine               - isBrowser: false
20:40:04.664 [FXGL Background Thread 3 ] DEBUG Engine               - isClickFeedbackEnabled: false
20:40:04.664 [FXGL Background Thread 3 ] DEBUG Engine               - isCloseConfirmation: false
20:40:04.664 [FXGL Background Thread 3 ] DEBUG Engine               - isDesktop: true
20:40:04.664 [FXGL Background Thread 3 ] DEBUG Engine               - isDeveloperMenuEnabled: false
20:40:04.664 [FXGL Background Thread 3 ] DEBUG Engine               - isEmbedded: false
20:40:04.664 [FXGL Background Thread 3 ] DEBUG Engine               - isEntityPreloadEnabled: true
20:40:04.664 [FXGL Background Thread 3 ] DEBUG Engine               - isExperimentalTiledLargeMap: false
20:40:04.664 [FXGL Background Thread 3 ] DEBUG Engine               - isFileSystemWriteAllowed: true
20:40:04.664 [FXGL Background Thread 3 ] DEBUG Engine               - isFullScreenAllowed: false
20:40:04.664 [FXGL Background Thread 3 ] DEBUG Engine               - isFullScreenFromStart: false
20:40:04.664 [FXGL Background Thread 3 ] DEBUG Engine               - isGameMenuEnabled: true
20:40:04.664 [FXGL Background Thread 3 ] DEBUG Engine               - isIOS: false
20:40:04.664 [FXGL Background Thread 3 ] DEBUG Engine               - isIntroEnabled: false
20:40:04.664 [FXGL Background Thread 3 ] DEBUG Engine               - isLinux: false
20:40:04.665 [FXGL Background Thread 3 ] DEBUG Engine               - isMac: false
20:40:04.665 [FXGL Background Thread 3 ] DEBUG Engine               - isMainMenuEnabled: true
20:40:04.665 [FXGL Background Thread 3 ] DEBUG Engine               - isManualResizeEnabled: false
20:40:04.665 [FXGL Background Thread 3 ] DEBUG Engine               - isMobile: false
20:40:04.665 [FXGL Background Thread 3 ] DEBUG Engine               - isNative: false
20:40:04.665 [FXGL Background Thread 3 ] DEBUG Engine               - isPauseMusicWhenMinimized: true
20:40:04.665 [FXGL Background Thread 3 ] DEBUG Engine               - isPreserveResizeRatio: false
20:40:04.665 [FXGL Background Thread 3 ] DEBUG Engine               - isProfilingEnabled: false
20:40:04.665 [FXGL Background Thread 3 ] DEBUG Engine               - isScaleAffectedOnResize: true
20:40:04.665 [FXGL Background Thread 3 ] DEBUG Engine               - isSingleStep: false
20:40:04.665 [FXGL Background Thread 3 ] DEBUG Engine               - isUserProfileEnabled: false
20:40:04.665 [FXGL Background Thread 3 ] DEBUG Engine               - isWindows: true
20:40:04.665 [FXGL Background Thread 3 ] DEBUG Engine               - language: ObjectProperty [value: ENGLISH]
20:40:04.665 [FXGL Background Thread 3 ] DEBUG Engine               - menuKey: ESCAPE
20:40:04.665 [FXGL Background Thread 3 ] DEBUG Engine               - mouseSensitivity: 0.2
20:40:04.665 [FXGL Background Thread 3 ] DEBUG Engine               - notificationViewClass: class com.almasb.fxgl.notification.view.XboxNotificationView
20:40:04.665 [FXGL Background Thread 3 ] DEBUG Engine               - pixelsPerMeter: 50.0
20:40:04.665 [FXGL Background Thread 3 ] DEBUG Engine               - platform: WINDOWS
20:40:04.665 [FXGL Background Thread 3 ] DEBUG Engine               - prefHeightProperty: ReadOnlyDoubleProperty [value: 672.0]
20:40:04.665 [FXGL Background Thread 3 ] DEBUG Engine               - prefWidthProperty: ReadOnlyDoubleProperty [value: 816.0]
20:40:04.665 [FXGL Background Thread 3 ] DEBUG Engine               - profileDir: profiles/
20:40:04.665 [FXGL Background Thread 3 ] DEBUG Engine               - profileName: StringProperty [value: DEFAULT]
20:40:04.665 [FXGL Background Thread 3 ] DEBUG Engine               - randomSeed: -1
20:40:04.667 [FXGL Background Thread 3 ] DEBUG Engine               - runtimeInfo: RuntimeInfo(platform=WINDOWS, version=17.1, build=24.03.2022 17.34)
20:40:04.667 [FXGL Background Thread 3 ] DEBUG Engine               - saveFileExt: sav
20:40:04.667 [FXGL Background Thread 3 ] DEBUG Engine               - scaledHeightProp$fxgl: DoubleProperty [bound, value: 672.0]
20:40:04.667 [FXGL Background Thread 3 ] DEBUG Engine               - scaledWidthProp$fxgl: DoubleProperty [bound, value: 816.0]
20:40:04.667 [FXGL Background Thread 3 ] DEBUG Engine               - sceneFactory: com.leewyatt.github.tank.TankApp$1@40200eb2
20:40:04.667 [FXGL Background Thread 3 ] DEBUG Engine               - secondsIn24h: 60
20:40:04.667 [FXGL Background Thread 3 ] DEBUG Engine               - soundMenuBack: menu/back.wav
20:40:04.667 [FXGL Background Thread 3 ] DEBUG Engine               - soundMenuPress: menu/press.wav
20:40:04.667 [FXGL Background Thread 3 ] DEBUG Engine               - soundMenuSelect: menu/select.wav
20:40:04.667 [FXGL Background Thread 3 ] DEBUG Engine               - soundNotification: core/notification.wav
20:40:04.667 [FXGL Background Thread 3 ] DEBUG Engine               - stageStyle: DECORATED
20:40:04.667 [FXGL Background Thread 3 ] DEBUG Engine               - supportedLanguages: [ENGLISH, FRENCH, GERMAN, HUNGARIAN, RUSSIAN]
20:40:04.667 [FXGL Background Thread 3 ] DEBUG Engine               - ticksPerSecond: -1
20:40:04.667 [FXGL Background Thread 3 ] DEBUG Engine               - title: 90 Tank
20:40:04.667 [FXGL Background Thread 3 ] DEBUG Engine               - urlGithub: https://github.com/AlmasB/FXGL
20:40:04.667 [FXGL Background Thread 3 ] DEBUG Engine               - urlLeaderboard: http://fxgl-top.herokuapp.com/
20:40:04.667 [FXGL Background Thread 3 ] DEBUG Engine               - urlPOM: https://raw.githubusercontent.com/AlmasB/FXGL/release/README.md
20:40:04.667 [FXGL Background Thread 3 ] DEBUG Engine               - userAppClass: class com.leewyatt.github.tank.TankApp
20:40:04.667 [FXGL Background Thread 3 ] DEBUG Engine               - version: Version 0.3
20:40:04.667 [FXGL Background Thread 3 ] DEBUG Engine               - versionCheckDays: 7
20:40:04.667 [FXGL Background Thread 3 ] DEBUG Engine               - width: 816
20:40:04.667 [FXGL Background Thread 3 ] DEBUG Engine               - Logging services
20:40:04.667 [FXGL Background Thread 3 ] DEBUG Engine               - class com.almasb.fxgl.app.services.FXGLAssetLoaderService
20:40:04.667 [FXGL Background Thread 3 ] DEBUG Engine               - class com.almasb.fxgl.app.FXGLApplication$GameApplicationService
20:40:04.667 [FXGL Background Thread 3 ] DEBUG Engine               - class com.almasb.fxgl.app.services.FXGLDialogService
20:40:04.667 [FXGL Background Thread 3 ] DEBUG Engine               - class com.almasb.fxgl.app.services.IOTaskExecutorService
20:40:04.667 [FXGL Background Thread 3 ] DEBUG Engine               - class com.almasb.fxgl.io.FileSystemService
20:40:04.667 [FXGL Background Thread 3 ] DEBUG Engine               - class com.almasb.fxgl.localization.LocalizationService
20:40:04.667 [FXGL Background Thread 3 ] DEBUG Engine               - class com.almasb.fxgl.app.services.SystemBundleService
20:40:04.667 [FXGL Background Thread 3 ] DEBUG Engine               - class com.almasb.fxgl.profile.SaveLoadService
20:40:04.667 [FXGL Background Thread 3 ] DEBUG Engine               - class com.almasb.fxgl.ui.FXGLUIFactoryServiceProvider
20:40:04.667 [FXGL Background Thread 3 ] DEBUG Engine               - class com.almasb.fxgl.ui.FXGLDialogFactoryServiceProvider
20:40:04.667 [FXGL Background Thread 3 ] DEBUG Engine               - class com.almasb.fxgl.audio.AudioPlayer
20:40:04.667 [FXGL Background Thread 3 ] DEBUG Engine               - class com.almasb.fxgl.notification.impl.NotificationServiceProvider
20:40:04.668 [FXGL Background Thread 3 ] DEBUG Engine               - class com.almasb.fxgl.achievement.AchievementService
20:40:04.668 [FXGL Background Thread 3 ] DEBUG Engine               - class com.almasb.fxgl.cutscene.CutsceneService
20:40:04.668 [FXGL Background Thread 3 ] DEBUG Engine               - class com.almasb.fxgl.minigames.MiniGameService
20:40:04.668 [FXGL Background Thread 3 ] DEBUG Engine               - class com.almasb.fxgl.net.NetService
20:40:04.668 [FXGL Background Thread 3 ] DEBUG Engine               - class com.almasb.fxgl.app.services.UpdaterService
20:40:04.668 [FXGL Background Thread 3 ] DEBUG Engine               - class com.almasb.fxgl.dev.DevService
20:40:06.177 [JavaFX Application Thread] WARN  TMXLevelLoader       - TiledMap generated from 1.8.4. Supported version: 1.4.2. Some features may not be parsed fully.
20:40:06.191 [JavaFX Application Thread] DEBUG TMXLevelLoader       - Parsed TiledMap: file:/C:/Users/Hanz%20Chester%20Bacus/Desktop/New%20folder%20(2)/battle_tank/target/classes/assets/levels/level1.tmx
20:40:06.192 [JavaFX Application Thread] DEBUG TMXLevelLoader       - Creating tile layer entities
20:40:06.193 [JavaFX Application Thread] DEBUG TMXLevelLoader       - Creating object layer entities
20:40:06.287 [JavaFX Application Thread] DEBUG GameWorld            - Clearing removable entities
20:40:06.287 [JavaFX Application Thread] DEBUG GameWorld            - Setting level: com.almasb.fxgl.entity.level.Level@484c81d7
20:40:06.300 [JavaFX Application Thread] DEBUG FXGLAssetLoaderServi - Loading from file system: file:/C:/Users/Hanz%20Chester%20Bacus/Desktop/New%20folder%20(2)/battle_tank/target/classes/assets/sounds/start.wav
20:40:06.312 [JavaFX Application Thread] DEBUG FXGLAssetLoaderServi - Loading from file system: file:/C:/Users/Hanz%20Chester%20Bacus/Desktop/New%20folder%20(2)/battle_tank/target/classes/assets/textures/tank/H1U.png
20:40:06.318 [JavaFX Application Thread] DEBUG FXGLAssetLoaderServi - Loading from file system: file:/C:/Users/Hanz%20Chester%20Bacus/Desktop/New%20folder%20(2)/battle_tank/target/classes/assets/textures/item/armed_helmet.png
20:40:06.323 [JavaFX Application Thread] DEBUG FXGLAssetLoaderServi - Loading from file system: file:/C:/Users/Hanz%20Chester%20Bacus/Desktop/New%20folder%20(2)/battle_tank/target/classes/assets/textures/ui/enemy_pre.png
20:40:06.328 [JavaFX Application Thread] DEBUG FXGLAssetLoaderServi - Loading from file system: file:/C:/Users/Hanz%20Chester%20Bacus/Desktop/New%20folder%20(2)/battle_tank/target/classes/assets/textures/ui/levelFlag.png
20:40:06.329 [JavaFX Application Thread] DEBUG FXGLAssetLoaderServi - Loading from file system: file:/C:/Users/Hanz%20Chester%20Bacus/Desktop/New%20folder%20(2)/battle_tank/target/classes/assets/textures/ui/bulletLevel.png
20:40:06.334 [JavaFX Application Thread] DEBUG FXGLAssetLoaderServi - Loading from file system: file:/C:/Users/Hanz%20Chester%20Bacus/Desktop/New%20folder%20(2)/battle_tank/target/classes/assets/textures/tank/spawnTank.png
20:40:06.337 [JavaFX Application Thread] DEBUG FXGLAssetLoaderServi - Loading from file system: file:/C:/Users/Hanz%20Chester%20Bacus/Desktop/New%20folder%20(2)/battle_tank/target/classes/assets/textures/tank/E12U.png
20:40:06.339 [JavaFX Application Thread] DEBUG FXGLAssetLoaderServi - Loading from file system: file:/C:/Users/Hanz%20Chester%20Bacus/Desktop/New%20folder%20(2)/battle_tank/target/classes/assets/textures/tank/E5U.png
20:40:06.341 [JavaFX Application Thread] DEBUG FXGLAssetLoaderServi - Loading from file system: file:/C:/Users/Hanz%20Chester%20Bacus/Desktop/New%20folder%20(2)/battle_tank/target/classes/assets/textures/tank/E4U.png
20:40:07.448 [JavaFX Application Thread] DEBUG FXGLAssetLoaderServi - Loading from file system: file:/C:/Users/Hanz%20Chester%20Bacus/Desktop/New%20folder%20(2)/battle_tank/target/classes/assets/sounds/normalFire.wav
20:40:07.451 [JavaFX Application Thread] DEBUG FXGLAssetLoaderServi - Loading from file system: file:/C:/Users/Hanz%20Chester%20Bacus/Desktop/New%20folder%20(2)/battle_tank/target/classes/assets/textures/bullet/normal.png
20:40:07.546 [JavaFX Application Thread] DEBUG FXGLAssetLoaderServi - Loading from file system: file:/C:/Users/Hanz%20Chester%20Bacus/Desktop/New%20folder%20(2)/battle_tank/target/classes/assets/sounds/normalBomb.wav
20:40:12.231 [JavaFX Application Thread] DEBUG FXGLAssetLoaderServi - Loading from file system: file:/C:/Users/Hanz%20Chester%20Bacus/Desktop/New%20folder%20(2)/battle_tank/target/classes/assets/textures/tank/E2U.png
20:40:18.229 [JavaFX Application Thread] DEBUG FXGLAssetLoaderServi - Loading from file system: file:/C:/Users/Hanz%20Chester%20Bacus/Desktop/New%20folder%20(2)/battle_tank/target/classes/assets/textures/tank/E10U.png
20:40:19.061 [JavaFX Application Thread] DEBUG FXGLAssetLoaderServi - Loading from file system: file:/C:/Users/Hanz%20Chester%20Bacus/Desktop/New%20folder%20(2)/battle_tank/target/classes/assets/textures/item/helmet.png
20:40:24.242 [JavaFX Application Thread] DEBUG FXGLAssetLoaderServi - Loading from file system: file:/C:/Users/Hanz%20Chester%20Bacus/Desktop/New%20folder%20(2)/battle_tank/target/classes/assets/textures/tank/E9U.png
20:40:25.409 [JavaFX Application Thread] DEBUG FXGLAssetLoaderServi - Loading from file system: file:/C:/Users/Hanz%20Chester%20Bacus/Desktop/New%20folder%20(2)/battle_tank/target/classes/assets/textures/item/gun.png
20:40:30.211 [JavaFX Application Thread] DEBUG FXGLAssetLoaderServi - Loading from file system: file:/C:/Users/Hanz%20Chester%20Bacus/Desktop/New%20folder%20(2)/battle_tank/target/classes/assets/textures/tank/E3U.png
20:40:32.740 [JavaFX Application Thread] DEBUG FXGLAssetLoaderServi - Loading from file system: file:/C:/Users/Hanz%20Chester%20Bacus/Desktop/New%20folder%20(2)/battle_tank/target/classes/assets/textures/item/star.png
20:40:34.067 [JavaFX Application Thread] DEBUG FXGLAssetLoaderServi - Loading from file system: file:/C:/Users/Hanz%20Chester%20Bacus/Desktop/New%20folder%20(2)/battle_tank/target/classes/assets/sounds/item.wav
20:40:34.132 [JavaFX Application Thread] DEBUG FXGLAssetLoaderServi - Loading from file system: file:/C:/Users/Hanz%20Chester%20Bacus/Desktop/New%20folder%20(2)/battle_tank/target/classes/assets/textures/item/spade.png
20:40:34.355 [JavaFX Application Thread] DEBUG FXGLAssetLoaderServi - Loading from file system: file:/C:/Users/Hanz%20Chester%20Bacus/Desktop/New%20folder%20(2)/battle_tank/target/classes/assets/sounds/rocketFire.wav
20:40:34.367 [JavaFX Application Thread] DEBUG FXGLAssetLoaderServi - Loading from file system: file:/C:/Users/Hanz%20Chester%20Bacus/Desktop/New%20folder%20(2)/battle_tank/target/classes/assets/textures/bullet/plus.png
20:40:35.238 [JavaFX Application Thread] DEBUG FXGLAssetLoaderServi - Loading from file system: file:/C:/Users/Hanz%20Chester%20Bacus/Desktop/New%20folder%20(2)/battle_tank/target/classes/assets/textures/ui/GameOver.png
20:40:35.241 [JavaFX Application Thread] DEBUG PrimaryStageWindow   - Push state: FailedScene
20:40:35.242 [JavaFX Application Thread] DEBUG FXGLAssetLoaderServi - Loading from file system: file:/C:/Users/Hanz%20Chester%20Bacus/Desktop/New%20folder%20(2)/battle_tank/target/classes/assets/sounds/GameOver.wav
20:40:35.250 [JavaFX Application Thread] DEBUG Input                - Clearing active input actions
20:40:35.250 [JavaFX Application Thread] DEBUG GameApplicationServi - Removing overlay from GameScene and adding to FailedScene
20:40:35.250 [JavaFX Application Thread] DEBUG PrimaryStageWindow   - GameScene -> FailedScene
20:40:39.073 [JavaFX Application Thread] DEBUG PrimaryStageWindow   - Pop state: FailedScene
20:40:39.073 [JavaFX Application Thread] DEBUG Input                - Clearing active input actions
20:40:39.073 [JavaFX Application Thread] DEBUG GameApplicationServi - Removing overlay from FailedScene and adding to GameScene
20:40:39.073 [JavaFX Application Thread] DEBUG PrimaryStageWindow   - GameScene <- FailedScene
20:40:39.074 [JavaFX Application Thread] DEBUG Input                - Clearing active input actions
20:40:39.082 [JavaFX Application Thread] DEBUG GameApplicationServi - Removing overlay from GameScene and adding to FXGLMainMenuDummyScene
20:40:39.082 [JavaFX Application Thread] DEBUG PrimaryStageWindow   - GameScene -> FXGLMainMenuDummyScene
20:40:39.082 [JavaFX Application Thread] DEBUG PrimaryStageWindow   - Push state: GameMenu
20:40:39.083 [JavaFX Application Thread] DEBUG Input                - Clearing active input actions
20:40:39.083 [JavaFX Application Thread] DEBUG GameApplicationServi - Removing overlay from FXGLMainMenuDummyScene and adding to GameMenu
20:40:39.084 [JavaFX Application Thread] DEBUG PrimaryStageWindow   - FXGLMainMenuDummyScene -> GameMenu
20:40:44.164 [JavaFX Application Thread] DEBUG FXGLApplication      - Exiting FXGL
20:40:44.165 [JavaFX Application Thread] DEBUG LoopRunner           - Stopping loop
20:40:44.165 [JavaFX Application Thread] DEBUG SystemBundleService  - Saving FXGL system data
20:40:44.168 [JavaFX Application Thread] DEBUG FileSystemAccess     - Writing to: C:\Users\Hanz Chester Bacus\Desktop\New folder (2)\battle_tank\system\fxgl.bundle
20:40:44.170 [JavaFX Application Thread] DEBUG Async                - Shutting down background threads
20:40:44.171 [JavaFX Application Thread] DEBUG PrimaryStageWindow   - Closing main window
20:40:44.216 [JavaFX Application Thread] DEBUG Logger               - Closing Logger
