20:22:41.278 [main                     ] DEBUG Logger               - Configured Logger
20:22:41.306 [main                     ] DEBUG GameApplication      - Logging settings
Title: 90 Tank
Version: Version 0.3
Width: 816
Height: 672
Fullscreen: false
Intro: false
Profiling: false
Single step:false
App Mode: DEVELOPER
Menu Key: ESCAPE
Stage Style: DECORATED
Scene Factory: class com.leewyatt.github.tank.TankApp$1

20:22:41.733 [JavaFX Application Thread] DEBUG FXGLApplication      - Initializing FXGL
20:22:41.737 [JavaFX Application Thread] INFO  Engine               - FXGL-17.1 (24.03.2022 17.34) on WINDOWS (J:22.0.1 FX:18)
20:22:41.737 [JavaFX Application Thread] DEBUG Engine               - JRE Vendor Name: Oracle Corporation
20:22:41.738 [JavaFX Application Thread] DEBUG Engine               - Running on OS: Windows 11 version 10.0
20:22:41.738 [JavaFX Application Thread] DEBUG Engine               - Architecture: amd64
20:22:41.738 [JavaFX Application Thread] INFO  Engine               - Source code and latest versions at: https://github.com/AlmasB/FXGL
20:22:41.738 [JavaFX Application Thread] INFO  Engine               -       Ask questions and discuss at: https://github.com/AlmasB/FXGL/discussions
20:22:41.738 [JavaFX Application Thread] INFO  Engine               -              Join the FXGL chat at: https://gitter.im/AlmasB/FXGL
20:22:41.877 [JavaFX Application Thread] DEBUG PrimaryStageWindow   - Creating a JavaFX scene
20:22:41.924 [JavaFX Application Thread] DEBUG PrimaryStageWindow   - Target settings size: 816.0 x 672.0
20:22:41.924 [JavaFX Application Thread] DEBUG PrimaryStageWindow   - Scaled scene size:    816.0 x 672.0
20:22:41.924 [JavaFX Application Thread] DEBUG PrimaryStageWindow   - Scaled ratio: (1.0, 1.0)
20:22:41.925 [JavaFX Application Thread] DEBUG PrimaryStageWindow   - Set initial scene to GameStartupScene
20:22:41.931 [JavaFX Application Thread] DEBUG PrimaryStageWindow   - Opening main window
20:22:42.057 [JavaFX Application Thread] DEBUG PrimaryStageWindow   - Window border size: (14.4000244140625, 37.5999755859375)
20:22:42.058 [JavaFX Application Thread] DEBUG PrimaryStageWindow   - Scaled size: 816.0 x 672.0
20:22:42.058 [JavaFX Application Thread] DEBUG PrimaryStageWindow   - Scaled ratio: (1.0, 1.0)
20:22:42.059 [JavaFX Application Thread] DEBUG PrimaryStageWindow   - Scene size: 816.0 x 672.0
20:22:42.060 [JavaFX Application Thread] DEBUG PrimaryStageWindow   - Stage size: 830.4000244140625 x 709.5999755859375
20:22:42.074 [FXGL Background Thread 1 ] DEBUG Engine               - Initializing environment variables
20:22:42.140 [FXGL Background Thread 1 ] DEBUG FXGLAssetLoaderServi - User app class for loading assets: class com.leewyatt.github.tank.TankApp
20:22:42.140 [FXGL Background Thread 1 ] DEBUG GameApplicationServi - Applying CSS: fxgl_dark.css
20:22:42.141 [FXGL Background Thread 1 ] DEBUG FXGLAssetLoaderServi - Loading from file system: jar:file:///C:/Users/Hanz%20Chester%20Bacus/.m2/repository/com/github/almasb/fxgl/17.1/fxgl-17.1.jar!/fxglassets/ui/css/fxgl_dark.css
20:22:42.185 [FXGL Background Thread 1 ] DEBUG GameApplicationServi - Applying CSS: tankApp.css
20:22:42.186 [FXGL Background Thread 1 ] DEBUG FXGLAssetLoaderServi - Loading from file system: file:/C:/Users/Hanz%20Chester%20Bacus/Desktop/New%20folder%20(2)/battle_tank/target/classes/assets/ui/css/tankApp.css
20:22:42.195 [FXGL Background Thread 1 ] DEBUG GameApplicationServi - Initializing application scenes
20:22:42.198 [FXGL Background Thread 1 ] DEBUG GameWorld            - Game world initialized
20:22:42.253 [FXGL Background Thread 1 ] DEBUG PhysicsWorld         - Physics world initialized: appHeight=672, physics.ppm=50.0
20:22:42.253 [FXGL Background Thread 1 ] DEBUG PhysicsWorld         - Using strategy: BRUTE_FORCE
20:22:42.259 [FXGL Background Thread 1 ] DEBUG GameScene            - Game scene initialized: 816x672
20:22:42.262 [FXGL Background Thread 1 ] DEBUG FXGLAssetLoaderServi - Loading from file system: file:/C:/Users/Hanz%20Chester%20Bacus/Desktop/New%20folder%20(2)/battle_tank/target/classes/assets/textures/ui/mbbc_start.png
20:22:42.287 [FXGL Background Thread 1 ] DEBUG FXGLAssetLoaderServi - Loading from file system: file:/C:/Users/Hanz%20Chester%20Bacus/Desktop/New%20folder%20(2)/battle_tank/target/classes/assets/textures/ui/icon.png
20:22:42.309 [FXGL Background Thread 1 ] DEBUG FXGLAssetLoaderServi - Loading from file system: file:/C:/Users/Hanz%20Chester%20Bacus/Desktop/New%20folder%20(2)/battle_tank/target/classes/assets/textures/ui/tankLoading.png
20:22:42.328 [FXGL Background Thread 1 ] DEBUG FXGLAssetLoaderServi - Loading from file system: file:/C:/Users/Hanz%20Chester%20Bacus/Desktop/New%20folder%20(2)/battle_tank/target/classes/assets/textures/ui/mbbc_logo.png
20:22:42.377 [FXGL Background Thread 1 ] DEBUG FXGL.DefaultMenu     - createMenuBodyGameMenu()
20:22:42.386 [FXGL Background Thread 1 ] DEBUG FXGL.DefaultMenu     - createOptionsMenu()
20:22:42.397 [FXGL Background Thread 1 ] DEBUG FXGLAssetLoaderServi - Loading from file system: jar:file:///C:/Users/Hanz%20Chester%20Bacus/.m2/repository/com/github/almasb/fxgl/17.1/fxgl-17.1.jar!/fxglassets/textures/particles/smoke.png
20:22:42.494 [FXGL Background Thread 1 ] DEBUG FXGLAssetLoaderServi - Loading from file system: jar:file:///C:/Users/Hanz%20Chester%20Bacus/.m2/repository/com/github/almasb/fxgl/17.1/fxgl-17.1.jar!/fxglassets/textures/particles/trace_horizontal.png
20:22:42.520 [FXGL Background Thread 1 ] DEBUG GameApplicationServi - Application scenes initialized
20:22:42.541 [FXGL Background Thread 1 ] DEBUG SystemBundleService  - Loading FXGL system data
20:22:42.548 [FXGL Background Thread 1 ] DEBUG FileSystemAccess     - Reading from: C:\Users\Hanz Chester Bacus\Desktop\New folder (2)\battle_tank\system\fxgl.bundle
20:22:42.560 [FXGL Background Thread 1 ] DEBUG SystemBundleService  - Bundle FXGL: {}
20:22:42.560 [FXGL Background Thread 1 ] DEBUG UpdaterService       - Checking for updates
20:22:42.566 [FXGL Background Thread 4 ] DEBUG FXGLApplication      - Loading fonts
20:22:42.566 [FXGL Background Thread 1 ] DEBUG FXGLApplication      - Loading default localization
20:22:42.567 [FXGL Background Thread 4 ] DEBUG FXGLAssetLoaderServi - Loading from file system: jar:file:///C:/Users/Hanz%20Chester%20Bacus/.m2/repository/com/github/almasb/fxgl/17.1/fxgl-17.1.jar!/fxglassets/ui/fonts/VarelaRound-Regular.ttf
20:22:42.567 [FXGL Background Thread 1 ] DEBUG FXGLAssetLoaderServi - Loading from file system: jar:file:///C:/Users/Hanz%20Chester%20Bacus/.m2/repository/com/github/almasb/fxgl/17.1/fxgl-17.1.jar!/fxglassets/languages/english.lang
20:22:42.616 [FXGL Background Thread 1 ] INFO  FXGLApplication      - FXGL initialization took: 0.541 sec
20:22:42.625 [FXGL Background Thread 4 ] DEBUG FXGLAssetLoaderServi - Loading from file system: jar:file:///C:/Users/Hanz%20Chester%20Bacus/.m2/repository/com/github/almasb/fxgl/17.1/fxgl-17.1.jar!/fxglassets/ui/fonts/Abel-Regular.ttf
20:22:42.639 [FXGL Background Thread 4 ] DEBUG FXGLAssetLoaderServi - Loading from file system: jar:file:///C:/Users/Hanz%20Chester%20Bacus/.m2/repository/com/github/almasb/fxgl/17.1/fxgl-17.1.jar!/fxglassets/ui/fonts/TerminalLandMono-Regular.otf
20:22:42.639 [JavaFX Application Thread] DEBUG Input                - Registered new binding: action0 - W
20:22:42.639 [JavaFX Application Thread] DEBUG Input                - Registered new binding: action1 - Up
20:22:42.640 [JavaFX Application Thread] DEBUG Input                - Registered new binding: action2 - S
20:22:42.640 [JavaFX Application Thread] DEBUG Input                - Registered new binding: action3 - Down
20:22:42.640 [JavaFX Application Thread] DEBUG Input                - Registered new binding: action4 - A
20:22:42.641 [JavaFX Application Thread] DEBUG Input                - Registered new binding: action5 - Left
20:22:42.642 [JavaFX Application Thread] DEBUG Input                - Registered new binding: action6 - D
20:22:42.642 [JavaFX Application Thread] DEBUG Input                - Registered new binding: action7 - Right
20:22:42.643 [JavaFX Application Thread] DEBUG Input                - Registered new binding: action8 - Space
20:22:42.643 [JavaFX Application Thread] DEBUG Input                - Registered new binding: action9 - F
20:22:42.652 [FXGL Background Thread 4 ] DEBUG FXGLAssetLoaderServi - Loading from file system: jar:file:///C:/Users/Hanz%20Chester%20Bacus/.m2/repository/com/github/almasb/fxgl/17.1/fxgl-17.1.jar!/fxglassets/ui/fonts/Courier-Prime.ttf
20:22:42.653 [JavaFX Application Thread] DEBUG FXGLAssetLoaderServi - Loading from file system: file:/C:/Users/Hanz%20Chester%20Bacus/Desktop/New%20folder%20(2)/battle_tank/target/classes/assets/textures/ui/cursor.png
20:22:42.657 [JavaFX Application Thread] DEBUG Input                - Registered new binding: Screenshot - CTRL+8
20:22:42.657 [JavaFX Application Thread] DEBUG Input                - Registered new binding: System info dump - CTRL+9
20:22:42.658 [JavaFX Application Thread] DEBUG Input                - Registered new binding: Restart - CTRL+R
20:22:42.659 [JavaFX Application Thread] DEBUG Input                - Registered new binding: Toggle Debug Camera - CTRL+7
20:22:42.667 [JavaFX Application Thread] DEBUG LoopRunner           - Starting loop
20:22:42.667 [JavaFX Application Thread] DEBUG LoopRunner           - Initializing JavaFX AnimationTimerLoop
20:22:42.674 [JavaFX Application Thread] DEBUG Input                - Clearing active input actions
20:22:42.683 [JavaFX Application Thread] DEBUG GameApplicationServi - Removing overlay from GameStartupScene and adding to FXGLMainMenuDummyScene
20:22:42.684 [JavaFX Application Thread] DEBUG PrimaryStageWindow   - GameStartupScene -> FXGLMainMenuDummyScene
20:22:42.684 [JavaFX Application Thread] DEBUG PrimaryStageWindow   - Push state: GameMainMenu
20:22:42.685 [JavaFX Application Thread] DEBUG FXGLAssetLoaderServi - Loading from file system: file:/C:/Users/Hanz%20Chester%20Bacus/Desktop/New%20folder%20(2)/battle_tank/target/classes/assets/sounds/mainMenuLoad.wav
20:22:42.809 [JavaFX Application Thread] DEBUG Input                - Clearing active input actions
20:22:42.817 [JavaFX Application Thread] DEBUG GameApplicationServi - Removing overlay from FXGLMainMenuDummyScene and adding to GameMainMenu
20:22:42.818 [JavaFX Application Thread] DEBUG PrimaryStageWindow   - FXGLMainMenuDummyScene -> GameMainMenu
20:22:42.942 [JavaFX Application Thread] DEBUG FXGLApplication      - Registering font factories with UI factory
20:22:43.367 [FXGL Background Thread 2 ] INFO  UpdaterService       - Your current version:  17.1
20:22:43.368 [FXGL Background Thread 2 ] INFO  UpdaterService       - Latest stable version: 21.1
20:22:44.812 [JavaFX Application Thread] DEBUG FXGLAssetLoaderServi - Loading from file system: file:/C:/Users/Hanz%20Chester%20Bacus/Desktop/New%20folder%20(2)/battle_tank/target/classes/assets/sounds/mainMenuHover.wav
20:22:45.565 [FXGL Background Thread 3 ] DEBUG Engine               - Logging environment variables
20:22:45.568 [FXGL Background Thread 3 ] DEBUG Engine               - achievements: []
20:22:45.568 [FXGL Background Thread 3 ] DEBUG Engine               - actualHeight: 672.0
20:22:45.568 [FXGL Background Thread 3 ] DEBUG Engine               - actualHeightProperty: ReadOnlyDoubleProperty [value: 672.0]
20:22:45.568 [FXGL Background Thread 3 ] DEBUG Engine               - actualWidth: 816.0
20:22:45.568 [FXGL Background Thread 3 ] DEBUG Engine               - actualWidthProperty: ReadOnlyDoubleProperty [value: 816.0]
20:22:45.568 [FXGL Background Thread 3 ] DEBUG Engine               - appIcon: ui/icon.png
20:22:45.568 [FXGL Background Thread 3 ] DEBUG Engine               - applicationMode: DEVELOPER
20:22:45.568 [FXGL Background Thread 3 ] DEBUG Engine               - cSSList: [fxgl_dark.css, tankApp.css]
20:22:45.568 [FXGL Background Thread 3 ] DEBUG Engine               - collisionDetectionStrategy: BRUTE_FORCE
20:22:45.568 [FXGL Background Thread 3 ] DEBUG Engine               - configClass: Optional.empty
20:22:45.568 [FXGL Background Thread 3 ] DEBUG Engine               - credits: []
20:22:45.569 [FXGL Background Thread 3 ] DEBUG Engine               - defaultCursor: CursorInfo(imageName=ui/cursor.png, hotspotX=0.0, hotspotY=0.0)
20:22:45.569 [FXGL Background Thread 3 ] DEBUG Engine               - devBBoxColorProperty: ObjectProperty [value: 0xff0000ff]
20:22:45.570 [FXGL Background Thread 3 ] DEBUG Engine               - devEnableDebugCameraProperty: BooleanProperty [value: false]
20:22:45.570 [FXGL Background Thread 3 ] DEBUG Engine               - devSensorColorProperty: ObjectProperty [value: 0xffff00ff]
20:22:45.570 [FXGL Background Thread 3 ] DEBUG Engine               - devShowBBoxProperty: BooleanProperty [value: false]
20:22:45.570 [FXGL Background Thread 3 ] DEBUG Engine               - devShowPositionProperty: BooleanProperty [value: false]
20:22:45.570 [FXGL Background Thread 3 ] DEBUG Engine               - enabledMenuItems: []
20:22:45.570 [FXGL Background Thread 3 ] DEBUG Engine               - engineServices: [class com.almasb.fxgl.app.services.FXGLAssetLoaderService, class com.almasb.fxgl.app.FXGLApplication$GameApplicationService, class com.almasb.fxgl.app.services.FXGLDialogService, class com.almasb.fxgl.app.services.IOTaskExecutorService, class com.almasb.fxgl.io.FileSystemService, class com.almasb.fxgl.localization.LocalizationService, class com.almasb.fxgl.app.services.SystemBundleService, class com.almasb.fxgl.profile.SaveLoadService, class com.almasb.fxgl.ui.FXGLUIFactoryServiceProvider, class com.almasb.fxgl.ui.FXGLDialogFactoryServiceProvider, class com.almasb.fxgl.audio.AudioPlayer, class com.almasb.fxgl.notification.impl.NotificationServiceProvider, class com.almasb.fxgl.achievement.AchievementService, class com.almasb.fxgl.cutscene.CutsceneService, class com.almasb.fxgl.minigames.MiniGameService, class com.almasb.fxgl.net.NetService, class com.almasb.fxgl.app.services.UpdaterService, class com.almasb.fxgl.dev.DevService]
20:22:45.572 [FXGL Background Thread 3 ] DEBUG Engine               - fontGame: Abel-Regular.ttf
20:22:45.572 [FXGL Background Thread 3 ] DEBUG Engine               - fontMono: TerminalLandMono-Regular.otf
20:22:45.573 [FXGL Background Thread 3 ] DEBUG Engine               - fontText: Courier-Prime.ttf
20:22:45.573 [FXGL Background Thread 3 ] DEBUG Engine               - fontUI: VarelaRound-Regular.ttf
20:22:45.573 [FXGL Background Thread 3 ] DEBUG Engine               - fullScreen: BooleanProperty [value: false]
20:22:45.573 [FXGL Background Thread 3 ] DEBUG Engine               - gameDifficulty: MEDIUM
20:22:45.573 [FXGL Background Thread 3 ] DEBUG Engine               - gameDifficultyProperty: ObjectProperty [value: MEDIUM]
20:22:45.573 [FXGL Background Thread 3 ] DEBUG Engine               - globalMusicVolume: 0.5
20:22:45.573 [FXGL Background Thread 3 ] DEBUG Engine               - globalMusicVolumeProperty: DoubleProperty [value: 0.5]
20:22:45.573 [FXGL Background Thread 3 ] DEBUG Engine               - globalSoundVolume: 0.5
20:22:45.573 [FXGL Background Thread 3 ] DEBUG Engine               - globalSoundVolumeProperty: DoubleProperty [value: 0.5]
20:22:45.573 [FXGL Background Thread 3 ] DEBUG Engine               - height: 672
20:22:45.573 [FXGL Background Thread 3 ] DEBUG Engine               - is3D: false
20:22:45.573 [FXGL Background Thread 3 ] DEBUG Engine               - isAndroid: false
20:22:45.573 [FXGL Background Thread 3 ] DEBUG Engine               - isBrowser: false
20:22:45.573 [FXGL Background Thread 3 ] DEBUG Engine               - isClickFeedbackEnabled: false
20:22:45.573 [FXGL Background Thread 3 ] DEBUG Engine               - isCloseConfirmation: false
20:22:45.573 [FXGL Background Thread 3 ] DEBUG Engine               - isDesktop: true
20:22:45.574 [FXGL Background Thread 3 ] DEBUG Engine               - isDeveloperMenuEnabled: false
20:22:45.574 [FXGL Background Thread 3 ] DEBUG Engine               - isEmbedded: false
20:22:45.574 [FXGL Background Thread 3 ] DEBUG Engine               - isEntityPreloadEnabled: true
20:22:45.575 [FXGL Background Thread 3 ] DEBUG Engine               - isExperimentalTiledLargeMap: false
20:22:45.575 [FXGL Background Thread 3 ] DEBUG Engine               - isFileSystemWriteAllowed: true
20:22:45.575 [FXGL Background Thread 3 ] DEBUG Engine               - isFullScreenAllowed: false
20:22:45.575 [FXGL Background Thread 3 ] DEBUG Engine               - isFullScreenFromStart: false
20:22:45.575 [FXGL Background Thread 3 ] DEBUG Engine               - isGameMenuEnabled: true
20:22:45.580 [FXGL Background Thread 3 ] DEBUG Engine               - isIOS: false
20:22:45.580 [FXGL Background Thread 3 ] DEBUG Engine               - isIntroEnabled: false
20:22:45.580 [FXGL Background Thread 3 ] DEBUG Engine               - isLinux: false
20:22:45.580 [FXGL Background Thread 3 ] DEBUG Engine               - isMac: false
20:22:45.580 [FXGL Background Thread 3 ] DEBUG Engine               - isMainMenuEnabled: true
20:22:45.580 [FXGL Background Thread 3 ] DEBUG Engine               - isManualResizeEnabled: false
20:22:45.580 [FXGL Background Thread 3 ] DEBUG Engine               - isMobile: false
20:22:45.580 [FXGL Background Thread 3 ] DEBUG Engine               - isNative: false
20:22:45.580 [FXGL Background Thread 3 ] DEBUG Engine               - isPauseMusicWhenMinimized: true
20:22:45.580 [FXGL Background Thread 3 ] DEBUG Engine               - isPreserveResizeRatio: false
20:22:45.580 [FXGL Background Thread 3 ] DEBUG Engine               - isProfilingEnabled: false
20:22:45.580 [FXGL Background Thread 3 ] DEBUG Engine               - isScaleAffectedOnResize: true
20:22:45.580 [FXGL Background Thread 3 ] DEBUG Engine               - isSingleStep: false
20:22:45.580 [FXGL Background Thread 3 ] DEBUG Engine               - isUserProfileEnabled: false
20:22:45.580 [FXGL Background Thread 3 ] DEBUG Engine               - isWindows: true
20:22:45.580 [FXGL Background Thread 3 ] DEBUG Engine               - language: ObjectProperty [value: ENGLISH]
20:22:45.580 [FXGL Background Thread 3 ] DEBUG Engine               - menuKey: ESCAPE
20:22:45.580 [FXGL Background Thread 3 ] DEBUG Engine               - mouseSensitivity: 0.2
20:22:45.580 [FXGL Background Thread 3 ] DEBUG Engine               - notificationViewClass: class com.almasb.fxgl.notification.view.XboxNotificationView
20:22:45.580 [FXGL Background Thread 3 ] DEBUG Engine               - pixelsPerMeter: 50.0
20:22:45.580 [FXGL Background Thread 3 ] DEBUG Engine               - platform: WINDOWS
20:22:45.580 [FXGL Background Thread 3 ] DEBUG Engine               - prefHeightProperty: ReadOnlyDoubleProperty [value: 672.0]
20:22:45.580 [FXGL Background Thread 3 ] DEBUG Engine               - prefWidthProperty: ReadOnlyDoubleProperty [value: 816.0]
20:22:45.580 [FXGL Background Thread 3 ] DEBUG Engine               - profileDir: profiles/
20:22:45.580 [FXGL Background Thread 3 ] DEBUG Engine               - profileName: StringProperty [value: DEFAULT]
20:22:45.580 [FXGL Background Thread 3 ] DEBUG Engine               - randomSeed: -1
20:22:45.581 [FXGL Background Thread 3 ] DEBUG Engine               - runtimeInfo: RuntimeInfo(platform=WINDOWS, version=17.1, build=24.03.2022 17.34)
20:22:45.581 [FXGL Background Thread 3 ] DEBUG Engine               - saveFileExt: sav
20:22:45.581 [FXGL Background Thread 3 ] DEBUG Engine               - scaledHeightProp$fxgl: DoubleProperty [bound, value: 672.0]
20:22:45.581 [FXGL Background Thread 3 ] DEBUG Engine               - scaledWidthProp$fxgl: DoubleProperty [bound, value: 816.0]
20:22:45.581 [FXGL Background Thread 3 ] DEBUG Engine               - sceneFactory: com.leewyatt.github.tank.TankApp$1@38c926c1
20:22:45.581 [FXGL Background Thread 3 ] DEBUG Engine               - secondsIn24h: 60
20:22:45.581 [FXGL Background Thread 3 ] DEBUG Engine               - soundMenuBack: menu/back.wav
20:22:45.581 [FXGL Background Thread 3 ] DEBUG Engine               - soundMenuPress: menu/press.wav
20:22:45.581 [FXGL Background Thread 3 ] DEBUG Engine               - soundMenuSelect: menu/select.wav
20:22:45.581 [FXGL Background Thread 3 ] DEBUG Engine               - soundNotification: core/notification.wav
20:22:45.581 [FXGL Background Thread 3 ] DEBUG Engine               - stageStyle: DECORATED
20:22:45.581 [FXGL Background Thread 3 ] DEBUG Engine               - supportedLanguages: [ENGLISH, FRENCH, GERMAN, HUNGARIAN, RUSSIAN]
20:22:45.581 [FXGL Background Thread 3 ] DEBUG Engine               - ticksPerSecond: -1
20:22:45.581 [FXGL Background Thread 3 ] DEBUG Engine               - title: 90 Tank
20:22:45.581 [FXGL Background Thread 3 ] DEBUG Engine               - urlGithub: https://github.com/AlmasB/FXGL
20:22:45.581 [FXGL Background Thread 3 ] DEBUG Engine               - urlLeaderboard: http://fxgl-top.herokuapp.com/
20:22:45.582 [FXGL Background Thread 3 ] DEBUG Engine               - urlPOM: https://raw.githubusercontent.com/AlmasB/FXGL/release/README.md
20:22:45.583 [FXGL Background Thread 3 ] DEBUG Engine               - userAppClass: class com.leewyatt.github.tank.TankApp
20:22:45.583 [FXGL Background Thread 3 ] DEBUG Engine               - version: Version 0.3
20:22:45.583 [FXGL Background Thread 3 ] DEBUG Engine               - versionCheckDays: 7
20:22:45.583 [FXGL Background Thread 3 ] DEBUG Engine               - width: 816
20:22:45.583 [FXGL Background Thread 3 ] DEBUG Engine               - Logging services
20:22:45.583 [FXGL Background Thread 3 ] DEBUG Engine               - class com.almasb.fxgl.app.services.FXGLAssetLoaderService
20:22:45.583 [FXGL Background Thread 3 ] DEBUG Engine               - class com.almasb.fxgl.app.FXGLApplication$GameApplicationService
20:22:45.583 [FXGL Background Thread 3 ] DEBUG Engine               - class com.almasb.fxgl.app.services.FXGLDialogService
20:22:45.583 [FXGL Background Thread 3 ] DEBUG Engine               - class com.almasb.fxgl.app.services.IOTaskExecutorService
20:22:45.583 [FXGL Background Thread 3 ] DEBUG Engine               - class com.almasb.fxgl.io.FileSystemService
20:22:45.583 [FXGL Background Thread 3 ] DEBUG Engine               - class com.almasb.fxgl.localization.LocalizationService
20:22:45.583 [FXGL Background Thread 3 ] DEBUG Engine               - class com.almasb.fxgl.app.services.SystemBundleService
20:22:45.583 [FXGL Background Thread 3 ] DEBUG Engine               - class com.almasb.fxgl.profile.SaveLoadService
20:22:45.583 [FXGL Background Thread 3 ] DEBUG Engine               - class com.almasb.fxgl.ui.FXGLUIFactoryServiceProvider
20:22:45.583 [FXGL Background Thread 3 ] DEBUG Engine               - class com.almasb.fxgl.ui.FXGLDialogFactoryServiceProvider
20:22:45.584 [FXGL Background Thread 3 ] DEBUG Engine               - class com.almasb.fxgl.audio.AudioPlayer
20:22:45.584 [FXGL Background Thread 3 ] DEBUG Engine               - class com.almasb.fxgl.notification.impl.NotificationServiceProvider
20:22:45.584 [FXGL Background Thread 3 ] DEBUG Engine               - class com.almasb.fxgl.achievement.AchievementService
20:22:45.584 [FXGL Background Thread 3 ] DEBUG Engine               - class com.almasb.fxgl.cutscene.CutsceneService
20:22:45.584 [FXGL Background Thread 3 ] DEBUG Engine               - class com.almasb.fxgl.minigames.MiniGameService
20:22:45.584 [FXGL Background Thread 3 ] DEBUG Engine               - class com.almasb.fxgl.net.NetService
20:22:45.586 [FXGL Background Thread 3 ] DEBUG Engine               - class com.almasb.fxgl.app.services.UpdaterService
20:22:45.586 [FXGL Background Thread 3 ] DEBUG Engine               - class com.almasb.fxgl.dev.DevService
20:22:48.964 [JavaFX Application Thread] DEBUG FXGLAssetLoaderServi - Loading from file system: file:/C:/Users/Hanz%20Chester%20Bacus/Desktop/New%20folder%20(2)/battle_tank/target/classes/assets/sounds/select.wav
20:22:48.967 [JavaFX Application Thread] DEBUG Menu                 - fireNewGame()
20:22:48.967 [JavaFX Application Thread] DEBUG GameApplicationServi - Starting new game
20:22:48.967 [JavaFX Application Thread] DEBUG PrimaryStageWindow   - Pop state: GameMainMenu
20:22:48.967 [JavaFX Application Thread] DEBUG Input                - Clearing active input actions
20:22:48.969 [JavaFX Application Thread] DEBUG GameApplicationServi - Removing overlay from GameMainMenu and adding to FXGLMainMenuDummyScene
20:22:48.969 [JavaFX Application Thread] DEBUG PrimaryStageWindow   - FXGLMainMenuDummyScene <- GameMainMenu
20:22:48.970 [JavaFX Application Thread] DEBUG Input                - Clearing active input actions
20:22:48.994 [JavaFX Application Thread] DEBUG GameApplicationServi - Removing overlay from FXGLMainMenuDummyScene and adding to GameLoadingScene
20:22:48.994 [JavaFX Application Thread] DEBUG PrimaryStageWindow   - FXGLMainMenuDummyScene -> GameLoadingScene
20:22:48.994 [JavaFX Application Thread] DEBUG GameApplicationServi - Clearing previous game
20:22:48.994 [JavaFX Application Thread] DEBUG GameScene            - Clearing game scene
20:22:48.994 [JavaFX Application Thread] DEBUG GameWorld            - Clearing game world
20:22:48.994 [JavaFX Application Thread] DEBUG PhysicsWorld         - Clearing physics world
20:22:49.000 [FXGL Background Thread 2 ] DEBUG FXGLApplication      - Initializing game
20:22:49.019 [FXGL Background Thread 2 ] DEBUG FXGLAssetLoaderServi - Loading from file system: file:/C:/Users/Hanz%20Chester%20Bacus/Desktop/New%20folder%20(2)/battle_tank/target/classes/assets/properties/game.properties
20:22:49.039 [FXGL Background Thread 2 ] DEBUG FXGLAssetLoaderServi - Loading from file system: file:/C:/Users/Hanz%20Chester%20Bacus/Desktop/New%20folder%20(2)/battle_tank/target/classes/assets/textures/map/stone.png
20:22:49.040 [FXGL Background Thread 2 ] DEBUG FXGLAssetLoaderServi - Loading from file system: file:/C:/Users/Hanz%20Chester%20Bacus/Desktop/New%20folder%20(2)/battle_tank/target/classes/assets/textures/map/brick.png
20:22:49.044 [FXGL Background Thread 2 ] DEBUG FXGLAssetLoaderServi - Loading from file system: file:/C:/Users/Hanz%20Chester%20Bacus/Desktop/New%20folder%20(2)/battle_tank/target/classes/assets/textures/map/sea_anim.png
20:22:49.045 [FXGL Background Thread 2 ] DEBUG FXGLAssetLoaderServi - Loading from file system: file:/C:/Users/Hanz%20Chester%20Bacus/Desktop/New%20folder%20(2)/battle_tank/target/classes/assets/textures/explode/explode_level_2.png
20:22:49.054 [FXGL Background Thread 2 ] INFO  FXGLApplication      - Game initialization took: 0.055 sec
20:22:49.055 [JavaFX Application Thread] DEBUG Input                - Clearing active input actions
20:22:49.068 [JavaFX Application Thread] DEBUG GameApplicationServi - Removing overlay from GameLoadingScene and adding to GameScene
20:22:49.068 [JavaFX Application Thread] DEBUG PrimaryStageWindow   - GameLoadingScene -> GameScene
20:22:50.603 [JavaFX Application Thread] WARN  TMXLevelLoader       - TiledMap generated from 1.8.4. Supported version: 1.4.2. Some features may not be parsed fully.
20:22:50.617 [JavaFX Application Thread] DEBUG TMXLevelLoader       - Parsed TiledMap: file:/C:/Users/Hanz%20Chester%20Bacus/Desktop/New%20folder%20(2)/battle_tank/target/classes/assets/levels/level1.tmx
20:22:50.622 [JavaFX Application Thread] DEBUG TMXLevelLoader       - Creating tile layer entities
20:22:50.623 [JavaFX Application Thread] DEBUG TMXLevelLoader       - Creating object layer entities
20:22:50.723 [JavaFX Application Thread] DEBUG GameWorld            - Clearing removable entities
20:22:50.723 [JavaFX Application Thread] DEBUG GameWorld            - Setting level: com.almasb.fxgl.entity.level.Level@64724fda
20:22:50.734 [JavaFX Application Thread] DEBUG FXGLAssetLoaderServi - Loading from file system: file:/C:/Users/Hanz%20Chester%20Bacus/Desktop/New%20folder%20(2)/battle_tank/target/classes/assets/sounds/start.wav
20:22:50.743 [JavaFX Application Thread] DEBUG FXGLAssetLoaderServi - Loading from file system: file:/C:/Users/Hanz%20Chester%20Bacus/Desktop/New%20folder%20(2)/battle_tank/target/classes/assets/textures/tank/H1U.png
20:22:50.772 [JavaFX Application Thread] DEBUG FXGLAssetLoaderServi - Loading from file system: file:/C:/Users/Hanz%20Chester%20Bacus/Desktop/New%20folder%20(2)/battle_tank/target/classes/assets/textures/item/armed_helmet.png
20:22:50.776 [JavaFX Application Thread] DEBUG FXGLAssetLoaderServi - Loading from file system: file:/C:/Users/Hanz%20Chester%20Bacus/Desktop/New%20folder%20(2)/battle_tank/target/classes/assets/textures/ui/enemy_pre.png
20:22:50.779 [JavaFX Application Thread] DEBUG FXGLAssetLoaderServi - Loading from file system: file:/C:/Users/Hanz%20Chester%20Bacus/Desktop/New%20folder%20(2)/battle_tank/target/classes/assets/textures/ui/levelFlag.png
20:22:50.781 [JavaFX Application Thread] DEBUG FXGLAssetLoaderServi - Loading from file system: file:/C:/Users/Hanz%20Chester%20Bacus/Desktop/New%20folder%20(2)/battle_tank/target/classes/assets/textures/ui/bulletLevel.png
20:22:50.785 [JavaFX Application Thread] DEBUG FXGLAssetLoaderServi - Loading from file system: file:/C:/Users/Hanz%20Chester%20Bacus/Desktop/New%20folder%20(2)/battle_tank/target/classes/assets/textures/tank/spawnTank.png
20:22:50.786 [JavaFX Application Thread] DEBUG FXGLAssetLoaderServi - Loading from file system: file:/C:/Users/Hanz%20Chester%20Bacus/Desktop/New%20folder%20(2)/battle_tank/target/classes/assets/textures/tank/E4U.png
20:22:50.789 [JavaFX Application Thread] DEBUG FXGLAssetLoaderServi - Loading from file system: file:/C:/Users/Hanz%20Chester%20Bacus/Desktop/New%20folder%20(2)/battle_tank/target/classes/assets/textures/tank/E9U.png
20:22:51.086 [JavaFX Application Thread] DEBUG FXGLApplication      - Exiting FXGL
20:22:51.087 [JavaFX Application Thread] DEBUG LoopRunner           - Stopping loop
20:22:51.087 [JavaFX Application Thread] DEBUG SystemBundleService  - Saving FXGL system data
20:22:51.090 [JavaFX Application Thread] DEBUG FileSystemAccess     - Writing to: C:\Users\Hanz Chester Bacus\Desktop\New folder (2)\battle_tank\system\fxgl.bundle
20:22:51.093 [JavaFX Application Thread] DEBUG Async                - Shutting down background threads
20:22:51.093 [JavaFX Application Thread] DEBUG PrimaryStageWindow   - Closing main window
20:22:51.111 [JavaFX Application Thread] DEBUG Logger               - Closing Logger
