20:35:58.362 [main                     ] DEBUG Logger               - Configured Logger
20:35:58.393 [main                     ] DEBUG GameApplication      - Logging settings
Title: 90 Tank
Version: Version 0.3
Width: 816
Height: 672
Fullscreen: false
Intro: false
Profiling: false
Single step:false
App Mode: DEVELOPER
Menu Key: ESCAPE
Stage Style: DECORATED
Scene Factory: class com.leewyatt.github.tank.TankApp$1

20:35:58.824 [JavaFX Application Thread] DEBUG FXGLApplication      - Initializing FXGL
20:35:58.828 [JavaFX Application Thread] INFO  Engine               - FXGL-17.1 (24.03.2022 17.34) on WINDOWS (J:22.0.1 FX:18)
20:35:58.829 [JavaFX Application Thread] DEBUG Engine               - JRE Vendor Name: Oracle Corporation
20:35:58.829 [JavaFX Application Thread] DEBUG Engine               - Running on OS: Windows 11 version 10.0
20:35:58.829 [JavaFX Application Thread] DEBUG Engine               - Architecture: amd64
20:35:58.829 [JavaFX Application Thread] INFO  Engine               - Source code and latest versions at: https://github.com/AlmasB/FXGL
20:35:58.830 [JavaFX Application Thread] INFO  Engine               -       Ask questions and discuss at: https://github.com/AlmasB/FXGL/discussions
20:35:58.830 [JavaFX Application Thread] INFO  Engine               -              Join the FXGL chat at: https://gitter.im/AlmasB/FXGL
20:35:58.992 [JavaFX Application Thread] DEBUG PrimaryStageWindow   - Creating a JavaFX scene
20:35:59.038 [JavaFX Application Thread] DEBUG PrimaryStageWindow   - Target settings size: 816.0 x 672.0
20:35:59.038 [JavaFX Application Thread] DEBUG PrimaryStageWindow   - Scaled scene size:    816.0 x 672.0
20:35:59.038 [JavaFX Application Thread] DEBUG PrimaryStageWindow   - Scaled ratio: (1.0, 1.0)
20:35:59.039 [JavaFX Application Thread] DEBUG PrimaryStageWindow   - Set initial scene to GameStartupScene
20:35:59.051 [JavaFX Application Thread] DEBUG PrimaryStageWindow   - Opening main window
20:35:59.176 [JavaFX Application Thread] DEBUG PrimaryStageWindow   - Window border size: (14.4000244140625, 37.5999755859375)
20:35:59.176 [JavaFX Application Thread] DEBUG PrimaryStageWindow   - Scaled size: 816.0 x 672.0
20:35:59.177 [JavaFX Application Thread] DEBUG PrimaryStageWindow   - Scaled ratio: (1.0, 1.0)
20:35:59.177 [JavaFX Application Thread] DEBUG PrimaryStageWindow   - Scene size: 816.0 x 672.0
20:35:59.178 [JavaFX Application Thread] DEBUG PrimaryStageWindow   - Stage size: 830.4000244140625 x 709.5999755859375
20:35:59.188 [FXGL Background Thread 1 ] DEBUG Engine               - Initializing environment variables
20:35:59.255 [FXGL Background Thread 1 ] DEBUG FXGLAssetLoaderServi - User app class for loading assets: class com.leewyatt.github.tank.TankApp
20:35:59.256 [FXGL Background Thread 1 ] DEBUG GameApplicationServi - Applying CSS: fxgl_dark.css
20:35:59.257 [FXGL Background Thread 1 ] DEBUG FXGLAssetLoaderServi - Loading from file system: jar:file:///C:/Users/Hanz%20Chester%20Bacus/.m2/repository/com/github/almasb/fxgl/17.1/fxgl-17.1.jar!/fxglassets/ui/css/fxgl_dark.css
20:35:59.294 [FXGL Background Thread 1 ] DEBUG GameApplicationServi - Applying CSS: tankApp.css
20:35:59.295 [FXGL Background Thread 1 ] DEBUG FXGLAssetLoaderServi - Loading from file system: file:/C:/Users/Hanz%20Chester%20Bacus/Desktop/New%20folder%20(2)/battle_tank/target/classes/assets/ui/css/tankApp.css
20:35:59.300 [FXGL Background Thread 1 ] DEBUG GameApplicationServi - Initializing application scenes
20:35:59.305 [FXGL Background Thread 1 ] DEBUG GameWorld            - Game world initialized
20:35:59.376 [FXGL Background Thread 1 ] DEBUG PhysicsWorld         - Physics world initialized: appHeight=672, physics.ppm=50.0
20:35:59.376 [FXGL Background Thread 1 ] DEBUG PhysicsWorld         - Using strategy: BRUTE_FORCE
20:35:59.382 [FXGL Background Thread 1 ] DEBUG GameScene            - Game scene initialized: 816x672
20:35:59.385 [FXGL Background Thread 1 ] DEBUG FXGLAssetLoaderServi - Loading from file system: file:/C:/Users/Hanz%20Chester%20Bacus/Desktop/New%20folder%20(2)/battle_tank/target/classes/assets/textures/ui/mbbc_start.png
20:35:59.407 [FXGL Background Thread 1 ] DEBUG FXGLAssetLoaderServi - Loading from file system: file:/C:/Users/Hanz%20Chester%20Bacus/Desktop/New%20folder%20(2)/battle_tank/target/classes/assets/textures/ui/icon.png
20:35:59.425 [FXGL Background Thread 1 ] DEBUG FXGLAssetLoaderServi - Loading from file system: file:/C:/Users/Hanz%20Chester%20Bacus/Desktop/New%20folder%20(2)/battle_tank/target/classes/assets/textures/ui/tankLoading.png
20:35:59.438 [FXGL Background Thread 1 ] DEBUG FXGLAssetLoaderServi - Loading from file system: file:/C:/Users/Hanz%20Chester%20Bacus/Desktop/New%20folder%20(2)/battle_tank/target/classes/assets/textures/ui/mbbc_logo.png
20:35:59.482 [FXGL Background Thread 1 ] DEBUG FXGL.DefaultMenu     - createMenuBodyGameMenu()
20:35:59.494 [FXGL Background Thread 1 ] DEBUG FXGL.DefaultMenu     - createOptionsMenu()
20:35:59.505 [FXGL Background Thread 1 ] DEBUG FXGLAssetLoaderServi - Loading from file system: jar:file:///C:/Users/Hanz%20Chester%20Bacus/.m2/repository/com/github/almasb/fxgl/17.1/fxgl-17.1.jar!/fxglassets/textures/particles/smoke.png
20:35:59.603 [FXGL Background Thread 1 ] DEBUG FXGLAssetLoaderServi - Loading from file system: jar:file:///C:/Users/Hanz%20Chester%20Bacus/.m2/repository/com/github/almasb/fxgl/17.1/fxgl-17.1.jar!/fxglassets/textures/particles/trace_horizontal.png
20:35:59.621 [FXGL Background Thread 1 ] DEBUG GameApplicationServi - Application scenes initialized
20:35:59.641 [FXGL Background Thread 1 ] DEBUG SystemBundleService  - Loading FXGL system data
20:35:59.649 [FXGL Background Thread 1 ] DEBUG FileSystemAccess     - Reading from: C:\Users\Hanz Chester Bacus\Desktop\New folder (2)\battle_tank\system\fxgl.bundle
20:35:59.656 [FXGL Background Thread 1 ] DEBUG SystemBundleService  - Bundle FXGL: {}
20:35:59.656 [FXGL Background Thread 1 ] DEBUG UpdaterService       - Checking for updates
20:35:59.664 [FXGL Background Thread 4 ] DEBUG FXGLApplication      - Loading fonts
20:35:59.664 [FXGL Background Thread 1 ] DEBUG FXGLApplication      - Loading default localization
20:35:59.664 [FXGL Background Thread 4 ] DEBUG FXGLAssetLoaderServi - Loading from file system: jar:file:///C:/Users/Hanz%20Chester%20Bacus/.m2/repository/com/github/almasb/fxgl/17.1/fxgl-17.1.jar!/fxglassets/ui/fonts/VarelaRound-Regular.ttf
20:35:59.666 [FXGL Background Thread 1 ] DEBUG FXGLAssetLoaderServi - Loading from file system: jar:file:///C:/Users/Hanz%20Chester%20Bacus/.m2/repository/com/github/almasb/fxgl/17.1/fxgl-17.1.jar!/fxglassets/languages/english.lang
20:35:59.728 [FXGL Background Thread 4 ] DEBUG FXGLAssetLoaderServi - Loading from file system: jar:file:///C:/Users/Hanz%20Chester%20Bacus/.m2/repository/com/github/almasb/fxgl/17.1/fxgl-17.1.jar!/fxglassets/ui/fonts/Abel-Regular.ttf
20:35:59.740 [FXGL Background Thread 4 ] DEBUG FXGLAssetLoaderServi - Loading from file system: jar:file:///C:/Users/Hanz%20Chester%20Bacus/.m2/repository/com/github/almasb/fxgl/17.1/fxgl-17.1.jar!/fxglassets/ui/fonts/TerminalLandMono-Regular.otf
20:35:59.742 [FXGL Background Thread 1 ] INFO  FXGLApplication      - FXGL initialization took: 0.553 sec
20:35:59.751 [FXGL Background Thread 4 ] DEBUG FXGLAssetLoaderServi - Loading from file system: jar:file:///C:/Users/Hanz%20Chester%20Bacus/.m2/repository/com/github/almasb/fxgl/17.1/fxgl-17.1.jar!/fxglassets/ui/fonts/Courier-Prime.ttf
20:35:59.754 [JavaFX Application Thread] DEBUG Input                - Registered new binding: action0 - W
20:35:59.754 [JavaFX Application Thread] DEBUG Input                - Registered new binding: action1 - Up
20:35:59.754 [JavaFX Application Thread] DEBUG Input                - Registered new binding: action2 - S
20:35:59.755 [JavaFX Application Thread] DEBUG Input                - Registered new binding: action3 - Down
20:35:59.755 [JavaFX Application Thread] DEBUG Input                - Registered new binding: action4 - A
20:35:59.755 [JavaFX Application Thread] DEBUG Input                - Registered new binding: action5 - Left
20:35:59.757 [JavaFX Application Thread] DEBUG Input                - Registered new binding: action6 - D
20:35:59.757 [JavaFX Application Thread] DEBUG Input                - Registered new binding: action7 - Right
20:35:59.757 [JavaFX Application Thread] DEBUG Input                - Registered new binding: action8 - Space
20:35:59.757 [JavaFX Application Thread] DEBUG Input                - Registered new binding: action9 - F
20:35:59.764 [JavaFX Application Thread] DEBUG FXGLAssetLoaderServi - Loading from file system: file:/C:/Users/Hanz%20Chester%20Bacus/Desktop/New%20folder%20(2)/battle_tank/target/classes/assets/textures/ui/cursor.png
20:35:59.770 [JavaFX Application Thread] DEBUG Input                - Registered new binding: Screenshot - CTRL+8
20:35:59.772 [JavaFX Application Thread] DEBUG Input                - Registered new binding: System info dump - CTRL+9
20:35:59.773 [JavaFX Application Thread] DEBUG Input                - Registered new binding: Restart - CTRL+R
20:35:59.775 [JavaFX Application Thread] DEBUG Input                - Registered new binding: Toggle Debug Camera - CTRL+7
20:35:59.783 [JavaFX Application Thread] DEBUG LoopRunner           - Starting loop
20:35:59.783 [JavaFX Application Thread] DEBUG LoopRunner           - Initializing JavaFX AnimationTimerLoop
20:35:59.789 [JavaFX Application Thread] DEBUG Input                - Clearing active input actions
20:35:59.798 [JavaFX Application Thread] DEBUG GameApplicationServi - Removing overlay from GameStartupScene and adding to FXGLMainMenuDummyScene
20:35:59.798 [JavaFX Application Thread] DEBUG PrimaryStageWindow   - GameStartupScene -> FXGLMainMenuDummyScene
20:35:59.798 [JavaFX Application Thread] DEBUG PrimaryStageWindow   - Push state: GameMenu
20:35:59.799 [JavaFX Application Thread] DEBUG FXGLAssetLoaderServi - Loading from file system: file:/C:/Users/Hanz%20Chester%20Bacus/Desktop/New%20folder%20(2)/battle_tank/target/classes/assets/sounds/mainMenuLoad.wav
20:35:59.916 [JavaFX Application Thread] DEBUG Input                - Clearing active input actions
20:35:59.922 [JavaFX Application Thread] DEBUG GameApplicationServi - Removing overlay from FXGLMainMenuDummyScene and adding to GameMenu
20:35:59.923 [JavaFX Application Thread] DEBUG PrimaryStageWindow   - FXGLMainMenuDummyScene -> GameMenu
20:36:00.058 [JavaFX Application Thread] DEBUG FXGLApplication      - Registering font factories with UI factory
20:36:00.793 [FXGL Background Thread 2 ] INFO  UpdaterService       - Your current version:  17.1
20:36:00.794 [FXGL Background Thread 2 ] INFO  UpdaterService       - Latest stable version: 21.1
20:36:01.920 [JavaFX Application Thread] DEBUG FXGLAssetLoaderServi - Loading from file system: file:/C:/Users/Hanz%20Chester%20Bacus/Desktop/New%20folder%20(2)/battle_tank/target/classes/assets/sounds/mainMenuHover.wav
20:36:02.663 [FXGL Background Thread 3 ] DEBUG Engine               - Logging environment variables
20:36:02.665 [FXGL Background Thread 3 ] DEBUG Engine               - achievements: []
20:36:02.665 [FXGL Background Thread 3 ] DEBUG Engine               - actualHeight: 672.0
20:36:02.665 [FXGL Background Thread 3 ] DEBUG Engine               - actualHeightProperty: ReadOnlyDoubleProperty [value: 672.0]
20:36:02.666 [FXGL Background Thread 3 ] DEBUG Engine               - actualWidth: 816.0
20:36:02.666 [FXGL Background Thread 3 ] DEBUG Engine               - actualWidthProperty: ReadOnlyDoubleProperty [value: 816.0]
20:36:02.666 [FXGL Background Thread 3 ] DEBUG Engine               - appIcon: ui/icon.png
20:36:02.666 [FXGL Background Thread 3 ] DEBUG Engine               - applicationMode: DEVELOPER
20:36:02.666 [FXGL Background Thread 3 ] DEBUG Engine               - cSSList: [fxgl_dark.css, tankApp.css]
20:36:02.666 [FXGL Background Thread 3 ] DEBUG Engine               - collisionDetectionStrategy: BRUTE_FORCE
20:36:02.666 [FXGL Background Thread 3 ] DEBUG Engine               - configClass: Optional.empty
20:36:02.666 [FXGL Background Thread 3 ] DEBUG Engine               - credits: []
20:36:02.667 [FXGL Background Thread 3 ] DEBUG Engine               - defaultCursor: CursorInfo(imageName=ui/cursor.png, hotspotX=0.0, hotspotY=0.0)
20:36:02.667 [FXGL Background Thread 3 ] DEBUG Engine               - devBBoxColorProperty: ObjectProperty [value: 0xff0000ff]
20:36:02.667 [FXGL Background Thread 3 ] DEBUG Engine               - devEnableDebugCameraProperty: BooleanProperty [value: false]
20:36:02.668 [FXGL Background Thread 3 ] DEBUG Engine               - devSensorColorProperty: ObjectProperty [value: 0xffff00ff]
20:36:02.668 [FXGL Background Thread 3 ] DEBUG Engine               - devShowBBoxProperty: BooleanProperty [value: false]
20:36:02.668 [FXGL Background Thread 3 ] DEBUG Engine               - devShowPositionProperty: BooleanProperty [value: false]
20:36:02.668 [FXGL Background Thread 3 ] DEBUG Engine               - enabledMenuItems: []
20:36:02.668 [FXGL Background Thread 3 ] DEBUG Engine               - engineServices: [class com.almasb.fxgl.app.services.FXGLAssetLoaderService, class com.almasb.fxgl.app.FXGLApplication$GameApplicationService, class com.almasb.fxgl.app.services.FXGLDialogService, class com.almasb.fxgl.app.services.IOTaskExecutorService, class com.almasb.fxgl.io.FileSystemService, class com.almasb.fxgl.localization.LocalizationService, class com.almasb.fxgl.app.services.SystemBundleService, class com.almasb.fxgl.profile.SaveLoadService, class com.almasb.fxgl.ui.FXGLUIFactoryServiceProvider, class com.almasb.fxgl.ui.FXGLDialogFactoryServiceProvider, class com.almasb.fxgl.audio.AudioPlayer, class com.almasb.fxgl.notification.impl.NotificationServiceProvider, class com.almasb.fxgl.achievement.AchievementService, class com.almasb.fxgl.cutscene.CutsceneService, class com.almasb.fxgl.minigames.MiniGameService, class com.almasb.fxgl.net.NetService, class com.almasb.fxgl.app.services.UpdaterService, class com.almasb.fxgl.dev.DevService]
20:36:02.668 [FXGL Background Thread 3 ] DEBUG Engine               - fontGame: Abel-Regular.ttf
20:36:02.668 [FXGL Background Thread 3 ] DEBUG Engine               - fontMono: TerminalLandMono-Regular.otf
20:36:02.668 [FXGL Background Thread 3 ] DEBUG Engine               - fontText: Courier-Prime.ttf
20:36:02.668 [FXGL Background Thread 3 ] DEBUG Engine               - fontUI: VarelaRound-Regular.ttf
20:36:02.668 [FXGL Background Thread 3 ] DEBUG Engine               - fullScreen: BooleanProperty [value: false]
20:36:02.668 [FXGL Background Thread 3 ] DEBUG Engine               - gameDifficulty: MEDIUM
20:36:02.668 [FXGL Background Thread 3 ] DEBUG Engine               - gameDifficultyProperty: ObjectProperty [value: MEDIUM]
20:36:02.669 [FXGL Background Thread 3 ] DEBUG Engine               - globalMusicVolume: 0.5
20:36:02.669 [FXGL Background Thread 3 ] DEBUG Engine               - globalMusicVolumeProperty: DoubleProperty [value: 0.5]
20:36:02.669 [FXGL Background Thread 3 ] DEBUG Engine               - globalSoundVolume: 0.5
20:36:02.669 [FXGL Background Thread 3 ] DEBUG Engine               - globalSoundVolumeProperty: DoubleProperty [value: 0.5]
20:36:02.669 [FXGL Background Thread 3 ] DEBUG Engine               - height: 672
20:36:02.669 [FXGL Background Thread 3 ] DEBUG Engine               - is3D: false
20:36:02.669 [FXGL Background Thread 3 ] DEBUG Engine               - isAndroid: false
20:36:02.669 [FXGL Background Thread 3 ] DEBUG Engine               - isBrowser: false
20:36:02.669 [FXGL Background Thread 3 ] DEBUG Engine               - isClickFeedbackEnabled: false
20:36:02.669 [FXGL Background Thread 3 ] DEBUG Engine               - isCloseConfirmation: false
20:36:02.670 [FXGL Background Thread 3 ] DEBUG Engine               - isDesktop: true
20:36:02.670 [FXGL Background Thread 3 ] DEBUG Engine               - isDeveloperMenuEnabled: false
20:36:02.670 [FXGL Background Thread 3 ] DEBUG Engine               - isEmbedded: false
20:36:02.670 [FXGL Background Thread 3 ] DEBUG Engine               - isEntityPreloadEnabled: true
20:36:02.670 [FXGL Background Thread 3 ] DEBUG Engine               - isExperimentalTiledLargeMap: false
20:36:02.670 [FXGL Background Thread 3 ] DEBUG Engine               - isFileSystemWriteAllowed: true
20:36:02.670 [FXGL Background Thread 3 ] DEBUG Engine               - isFullScreenAllowed: false
20:36:02.670 [FXGL Background Thread 3 ] DEBUG Engine               - isFullScreenFromStart: false
20:36:02.670 [FXGL Background Thread 3 ] DEBUG Engine               - isGameMenuEnabled: true
20:36:02.670 [FXGL Background Thread 3 ] DEBUG Engine               - isIOS: false
20:36:02.670 [FXGL Background Thread 3 ] DEBUG Engine               - isIntroEnabled: false
20:36:02.671 [FXGL Background Thread 3 ] DEBUG Engine               - isLinux: false
20:36:02.671 [FXGL Background Thread 3 ] DEBUG Engine               - isMac: false
20:36:02.671 [FXGL Background Thread 3 ] DEBUG Engine               - isMainMenuEnabled: true
20:36:02.671 [FXGL Background Thread 3 ] DEBUG Engine               - isManualResizeEnabled: false
20:36:02.671 [FXGL Background Thread 3 ] DEBUG Engine               - isMobile: false
20:36:02.671 [FXGL Background Thread 3 ] DEBUG Engine               - isNative: false
20:36:02.671 [FXGL Background Thread 3 ] DEBUG Engine               - isPauseMusicWhenMinimized: true
20:36:02.671 [FXGL Background Thread 3 ] DEBUG Engine               - isPreserveResizeRatio: false
20:36:02.671 [FXGL Background Thread 3 ] DEBUG Engine               - isProfilingEnabled: false
20:36:02.671 [FXGL Background Thread 3 ] DEBUG Engine               - isScaleAffectedOnResize: true
20:36:02.671 [FXGL Background Thread 3 ] DEBUG Engine               - isSingleStep: false
20:36:02.671 [FXGL Background Thread 3 ] DEBUG Engine               - isUserProfileEnabled: false
20:36:02.671 [FXGL Background Thread 3 ] DEBUG Engine               - isWindows: true
20:36:02.671 [FXGL Background Thread 3 ] DEBUG Engine               - language: ObjectProperty [value: ENGLISH]
20:36:02.671 [FXGL Background Thread 3 ] DEBUG Engine               - menuKey: ESCAPE
20:36:02.671 [FXGL Background Thread 3 ] DEBUG Engine               - mouseSensitivity: 0.2
20:36:02.671 [FXGL Background Thread 3 ] DEBUG Engine               - notificationViewClass: class com.almasb.fxgl.notification.view.XboxNotificationView
20:36:02.671 [FXGL Background Thread 3 ] DEBUG Engine               - pixelsPerMeter: 50.0
20:36:02.671 [FXGL Background Thread 3 ] DEBUG Engine               - platform: WINDOWS
20:36:02.672 [FXGL Background Thread 3 ] DEBUG Engine               - prefHeightProperty: ReadOnlyDoubleProperty [value: 672.0]
20:36:02.672 [FXGL Background Thread 3 ] DEBUG Engine               - prefWidthProperty: ReadOnlyDoubleProperty [value: 816.0]
20:36:02.672 [FXGL Background Thread 3 ] DEBUG Engine               - profileDir: profiles/
20:36:02.672 [FXGL Background Thread 3 ] DEBUG Engine               - profileName: StringProperty [value: DEFAULT]
20:36:02.672 [FXGL Background Thread 3 ] DEBUG Engine               - randomSeed: -1
20:36:02.672 [FXGL Background Thread 3 ] DEBUG Engine               - runtimeInfo: RuntimeInfo(platform=WINDOWS, version=17.1, build=24.03.2022 17.34)
20:36:02.672 [FXGL Background Thread 3 ] DEBUG Engine               - saveFileExt: sav
20:36:02.672 [FXGL Background Thread 3 ] DEBUG Engine               - scaledHeightProp$fxgl: DoubleProperty [bound, value: 672.0]
20:36:02.672 [FXGL Background Thread 3 ] DEBUG Engine               - scaledWidthProp$fxgl: DoubleProperty [bound, value: 816.0]
20:36:02.672 [FXGL Background Thread 3 ] DEBUG Engine               - sceneFactory: com.leewyatt.github.tank.TankApp$1@66a4a264
20:36:02.672 [FXGL Background Thread 3 ] DEBUG Engine               - secondsIn24h: 60
20:36:02.672 [FXGL Background Thread 3 ] DEBUG Engine               - soundMenuBack: menu/back.wav
20:36:02.672 [FXGL Background Thread 3 ] DEBUG Engine               - soundMenuPress: menu/press.wav
20:36:02.672 [FXGL Background Thread 3 ] DEBUG Engine               - soundMenuSelect: menu/select.wav
20:36:02.672 [FXGL Background Thread 3 ] DEBUG Engine               - soundNotification: core/notification.wav
20:36:02.672 [FXGL Background Thread 3 ] DEBUG Engine               - stageStyle: DECORATED
20:36:02.672 [FXGL Background Thread 3 ] DEBUG Engine               - supportedLanguages: [ENGLISH, FRENCH, GERMAN, HUNGARIAN, RUSSIAN]
20:36:02.673 [FXGL Background Thread 3 ] DEBUG Engine               - ticksPerSecond: -1
20:36:02.673 [FXGL Background Thread 3 ] DEBUG Engine               - title: 90 Tank
20:36:02.673 [FXGL Background Thread 3 ] DEBUG Engine               - urlGithub: https://github.com/AlmasB/FXGL
20:36:02.673 [FXGL Background Thread 3 ] DEBUG Engine               - urlLeaderboard: http://fxgl-top.herokuapp.com/
20:36:02.673 [FXGL Background Thread 3 ] DEBUG Engine               - urlPOM: https://raw.githubusercontent.com/AlmasB/FXGL/release/README.md
20:36:02.673 [FXGL Background Thread 3 ] DEBUG Engine               - userAppClass: class com.leewyatt.github.tank.TankApp
20:36:02.673 [FXGL Background Thread 3 ] DEBUG Engine               - version: Version 0.3
20:36:02.673 [FXGL Background Thread 3 ] DEBUG Engine               - versionCheckDays: 7
20:36:02.673 [FXGL Background Thread 3 ] DEBUG Engine               - width: 816
20:36:02.673 [FXGL Background Thread 3 ] DEBUG Engine               - Logging services
20:36:02.673 [FXGL Background Thread 3 ] DEBUG Engine               - class com.almasb.fxgl.app.services.FXGLAssetLoaderService
20:36:02.673 [FXGL Background Thread 3 ] DEBUG Engine               - class com.almasb.fxgl.app.FXGLApplication$GameApplicationService
20:36:02.673 [FXGL Background Thread 3 ] DEBUG Engine               - class com.almasb.fxgl.app.services.FXGLDialogService
20:36:02.673 [FXGL Background Thread 3 ] DEBUG Engine               - class com.almasb.fxgl.app.services.IOTaskExecutorService
20:36:02.673 [FXGL Background Thread 3 ] DEBUG Engine               - class com.almasb.fxgl.io.FileSystemService
20:36:02.673 [FXGL Background Thread 3 ] DEBUG Engine               - class com.almasb.fxgl.localization.LocalizationService
20:36:02.673 [FXGL Background Thread 3 ] DEBUG Engine               - class com.almasb.fxgl.app.services.SystemBundleService
20:36:02.673 [FXGL Background Thread 3 ] DEBUG Engine               - class com.almasb.fxgl.profile.SaveLoadService
20:36:02.673 [FXGL Background Thread 3 ] DEBUG Engine               - class com.almasb.fxgl.ui.FXGLUIFactoryServiceProvider
20:36:02.673 [FXGL Background Thread 3 ] DEBUG Engine               - class com.almasb.fxgl.ui.FXGLDialogFactoryServiceProvider
20:36:02.673 [FXGL Background Thread 3 ] DEBUG Engine               - class com.almasb.fxgl.audio.AudioPlayer
20:36:02.673 [FXGL Background Thread 3 ] DEBUG Engine               - class com.almasb.fxgl.notification.impl.NotificationServiceProvider
20:36:02.673 [FXGL Background Thread 3 ] DEBUG Engine               - class com.almasb.fxgl.achievement.AchievementService
20:36:02.673 [FXGL Background Thread 3 ] DEBUG Engine               - class com.almasb.fxgl.cutscene.CutsceneService
20:36:02.673 [FXGL Background Thread 3 ] DEBUG Engine               - class com.almasb.fxgl.minigames.MiniGameService
20:36:02.673 [FXGL Background Thread 3 ] DEBUG Engine               - class com.almasb.fxgl.net.NetService
20:36:02.674 [FXGL Background Thread 3 ] DEBUG Engine               - class com.almasb.fxgl.app.services.UpdaterService
20:36:02.674 [FXGL Background Thread 3 ] DEBUG Engine               - class com.almasb.fxgl.dev.DevService
20:36:04.945 [JavaFX Application Thread] DEBUG FXGLApplication      - Exiting FXGL
20:36:04.946 [JavaFX Application Thread] DEBUG LoopRunner           - Stopping loop
20:36:04.947 [JavaFX Application Thread] DEBUG SystemBundleService  - Saving FXGL system data
20:36:04.953 [JavaFX Application Thread] DEBUG FileSystemAccess     - Writing to: C:\Users\Hanz Chester Bacus\Desktop\New folder (2)\battle_tank\system\fxgl.bundle
20:36:04.957 [JavaFX Application Thread] DEBUG Async                - Shutting down background threads
20:36:04.957 [JavaFX Application Thread] DEBUG PrimaryStageWindow   - Closing main window
20:36:04.978 [JavaFX Application Thread] DEBUG Logger               - Closing Logger
